<?xml version="1.0" encoding="utf-8"?>
<CoverageSession xmlns:xsd="http://www.w3.org/2001/XMLSchema" xmlns:xsi="http://www.w3.org/2001/XMLSchema-instance" Version="0.0.0.0">
  <Summary numSequencePoints="2310" visitedSequencePoints="108" numBranchPoints="0" visitedBranchPoints="0" sequenceCoverage="4.68" branchCoverage="0.0" maxCyclomaticComplexity="0" minCyclomaticComplexity="0" maxCrapScore="0" minCrapScore="0" visitedClasses="11" numClasses="60" visitedMethods="15" numMethods="214" />
  <Modules>
    <Module>
      <Summary numSequencePoints="24" visitedSequencePoints="0" numBranchPoints="0" visitedBranchPoints="0" sequenceCoverage="0.0" branchCoverage="0.0" maxCyclomaticComplexity="0" minCyclomaticComplexity="0" maxCrapScore="0" minCrapScore="0" visitedClasses="0" numClasses="1" visitedMethods="0" numMethods="2" />
      <ModuleTime>0001-01-01T00:00:00</ModuleTime>
      <ModuleName>Assembly-CSharp</ModuleName>
      <Files>
        <File uid="1" fullPath="D:/3Ddautien/ASM23D/Assets/Animal/AI_Movement.cs" />
        <File uid="2" fullPath="D:/3Ddautien/ASM23D/Assets/Enemy/CreatureStats.cs" />
        <File uid="3" fullPath="D:/3Ddautien/ASM23D/Assets/Enemy/Enemy.cs" />
        <File uid="4" fullPath="D:/3Ddautien/ASM23D/Assets/Enemy/EnemyMovement.cs" />
        <File uid="5" fullPath="D:/3Ddautien/ASM23D/Assets/Gems Ultimate Pack/Scripts/AnimationScript.cs" />
        <File uid="6" fullPath="D:/3Ddautien/ASM23D/Assets/Invector-3rdPersonController_LITE/Scripts/Generic/Utils/vPickupItem.cs" />
        <File uid="7" fullPath="D:/3Ddautien/ASM23D/Assets/map2/TeleportWithVideo.cs" />
        <File uid="8" fullPath="D:/3Ddautien/ASM23D/Assets/npc/NPCSystem.cs" />
        <File uid="9" fullPath="D:/3Ddautien/ASM23D/Assets/photon/Script/CharacterNetworkHandler.cs" />
        <File uid="10" fullPath="D:/3Ddautien/ASM23D/Assets/photon/Script/PlayerMovement.cs" />
        <File uid="11" fullPath="D:/3Ddautien/ASM23D/Assets/photon/Script/PlayerSetup.cs" />
        <File uid="12" fullPath="D:/3Ddautien/ASM23D/Assets/photon/Script/PlayerSpawner.cs" />
        <File uid="13" fullPath="D:/3Ddautien/ASM23D/Assets/save.cs" />
        <File uid="14" fullPath="D:/3Ddautien/ASM23D/Assets/Scenes/tri/SaveDataThread.cs" />
        <File uid="15" fullPath="D:/3Ddautien/ASM23D/Assets/Scenes/tri/SceneControll.cs" />
        <File uid="16" fullPath="D:/3Ddautien/ASM23D/Assets/Scenes/tri/SceneManagers.cs" />
        <File uid="17" fullPath="D:/3Ddautien/ASM23D/Assets/TextMesh Pro/Examples &amp; Extras/Scripts/ChatController.cs" />
        <File uid="18" fullPath="D:/3Ddautien/ASM23D/Assets/TextMesh Pro/Examples &amp; Extras/Scripts/DropdownSample.cs" />
        <File uid="19" fullPath="D:/3Ddautien/ASM23D/Assets/TextMesh Pro/Examples &amp; Extras/Scripts/EnvMapAnimator.cs" />
        <File uid="20" fullPath="D:/3Ddautien/ASM23D/Assets/Thoigian/TimeController.cs" />
        <File uid="21" fullPath="D:/3Ddautien/ASM23D/Assets/UnityMainThreadDispatcher.cs" />
        <File uid="22" fullPath="D:/3Ddautien/ASM23D/Assets/TextMesh Pro/Examples &amp; Extras/Scripts/TMP_DigitValidator.cs" />
        <File uid="23" fullPath="D:/3Ddautien/ASM23D/Assets/TextMesh Pro/Examples &amp; Extras/Scripts/TMP_PhoneNumberValidator.cs" />
        <File uid="24" fullPath="D:/3Ddautien/ASM23D/Assets/TextMesh Pro/Examples &amp; Extras/Scripts/TMP_TextEventHandler.cs" />
        <File uid="25" fullPath="D:/3Ddautien/ASM23D/Assets/TextMesh Pro/Examples &amp; Extras/Scripts/Benchmark01.cs" />
        <File uid="26" fullPath="D:/3Ddautien/ASM23D/Assets/TextMesh Pro/Examples &amp; Extras/Scripts/Benchmark01_UGUI.cs" />
        <File uid="27" fullPath="D:/3Ddautien/ASM23D/Assets/TextMesh Pro/Examples &amp; Extras/Scripts/Benchmark02.cs" />
        <File uid="28" fullPath="D:/3Ddautien/ASM23D/Assets/TextMesh Pro/Examples &amp; Extras/Scripts/Benchmark03.cs" />
        <File uid="29" fullPath="D:/3Ddautien/ASM23D/Assets/TextMesh Pro/Examples &amp; Extras/Scripts/Benchmark04.cs" />
        <File uid="30" fullPath="D:/3Ddautien/ASM23D/Assets/TextMesh Pro/Examples &amp; Extras/Scripts/CameraController.cs" />
        <File uid="31" fullPath="D:/3Ddautien/ASM23D/Assets/TextMesh Pro/Examples &amp; Extras/Scripts/ObjectSpin.cs" />
        <File uid="32" fullPath="D:/3Ddautien/ASM23D/Assets/TextMesh Pro/Examples &amp; Extras/Scripts/ShaderPropAnimator.cs" />
        <File uid="33" fullPath="D:/3Ddautien/ASM23D/Assets/TextMesh Pro/Examples &amp; Extras/Scripts/SimpleScript.cs" />
        <File uid="34" fullPath="D:/3Ddautien/ASM23D/Assets/TextMesh Pro/Examples &amp; Extras/Scripts/SkewTextExample.cs" />
        <File uid="35" fullPath="D:/3Ddautien/ASM23D/Assets/TextMesh Pro/Examples &amp; Extras/Scripts/TeleType.cs" />
        <File uid="36" fullPath="D:/3Ddautien/ASM23D/Assets/TextMesh Pro/Examples &amp; Extras/Scripts/TextConsoleSimulator.cs" />
        <File uid="37" fullPath="D:/3Ddautien/ASM23D/Assets/TextMesh Pro/Examples &amp; Extras/Scripts/TextMeshProFloatingText.cs" />
        <File uid="38" fullPath="D:/3Ddautien/ASM23D/Assets/TextMesh Pro/Examples &amp; Extras/Scripts/TextMeshSpawner.cs" />
        <File uid="39" fullPath="D:/3Ddautien/ASM23D/Assets/TextMesh Pro/Examples &amp; Extras/Scripts/TMPro_InstructionOverlay.cs" />
        <File uid="40" fullPath="D:/3Ddautien/ASM23D/Assets/TextMesh Pro/Examples &amp; Extras/Scripts/TMP_ExampleScript_01.cs" />
        <File uid="41" fullPath="D:/3Ddautien/ASM23D/Assets/TextMesh Pro/Examples &amp; Extras/Scripts/TMP_FrameRateCounter.cs" />
        <File uid="42" fullPath="D:/3Ddautien/ASM23D/Assets/TextMesh Pro/Examples &amp; Extras/Scripts/TMP_TextEventCheck.cs" />
        <File uid="43" fullPath="D:/3Ddautien/ASM23D/Assets/TextMesh Pro/Examples &amp; Extras/Scripts/TMP_TextInfoDebugTool.cs" />
        <File uid="44" fullPath="D:/3Ddautien/ASM23D/Assets/TextMesh Pro/Examples &amp; Extras/Scripts/TMP_TextSelector_A.cs" />
        <File uid="45" fullPath="D:/3Ddautien/ASM23D/Assets/TextMesh Pro/Examples &amp; Extras/Scripts/TMP_TextSelector_B.cs" />
        <File uid="46" fullPath="D:/3Ddautien/ASM23D/Assets/TextMesh Pro/Examples &amp; Extras/Scripts/TMP_UiFrameRateCounter.cs" />
        <File uid="47" fullPath="D:/3Ddautien/ASM23D/Assets/TextMesh Pro/Examples &amp; Extras/Scripts/VertexColorCycler.cs" />
        <File uid="48" fullPath="D:/3Ddautien/ASM23D/Assets/TextMesh Pro/Examples &amp; Extras/Scripts/VertexJitter.cs" />
        <File uid="49" fullPath="D:/3Ddautien/ASM23D/Assets/TextMesh Pro/Examples &amp; Extras/Scripts/VertexShakeA.cs" />
        <File uid="50" fullPath="D:/3Ddautien/ASM23D/Assets/TextMesh Pro/Examples &amp; Extras/Scripts/VertexShakeB.cs" />
        <File uid="51" fullPath="D:/3Ddautien/ASM23D/Assets/TextMesh Pro/Examples &amp; Extras/Scripts/VertexZoom.cs" />
        <File uid="52" fullPath="D:/3Ddautien/ASM23D/Assets/TextMesh Pro/Examples &amp; Extras/Scripts/WarpTextExample.cs" />
        <File uid="53" fullPath="D:/3Ddautien/ASM23D/Assets/PolygonFantasyHeroCharacters/Scripts/CharacterRandomizer.cs" />
        <File uid="54" fullPath="D:/3Ddautien/ASM23D/Assets/Invector-3rdPersonController_LITE/3D Models/Others/HealthItem/vAnimateUV.cs" />
        <File uid="55" fullPath="D:/3Ddautien/ASM23D/Assets/Invector-3rdPersonController_LITE/Scripts/Generic/Utils/vExtensions.cs" />
        <File uid="56" fullPath="D:/3Ddautien/ASM23D/Assets/Invector-3rdPersonController_LITE/Scripts/Generic/Utils/vComment.cs" />
        <File uid="57" fullPath="D:/3Ddautien/ASM23D/Assets/DialogueEditor/Example/ExampleInputManager.cs" />
        <File uid="58" fullPath="D:/3Ddautien/ASM23D/Assets/Animal/Rabbits/Demo/Scripts/AnimatorParamatersChange.cs" />
      </Files>
      <Classes>
        <Class>
          <Summary numSequencePoints="24" visitedSequencePoints="0" numBranchPoints="0" visitedBranchPoints="0" sequenceCoverage="0.0" branchCoverage="0.0" maxCyclomaticComplexity="0" minCyclomaticComplexity="0" maxCrapScore="0" minCrapScore="0" visitedClasses="0" numClasses="1" visitedMethods="0" numMethods="2" />
          <FullName>Invector.vExtensions</FullName>
          <Methods>
            <Method visited="false" cyclomaticComplexity="0" nPathComplexity="0" sequenceCoverage="0.0" branchCoverage="0" crapScore="0" isConstructor="false" isStatic="true" isGetter="false" isSetter="false">
              <Summary numSequencePoints="12" visitedSequencePoints="0" numBranchPoints="0" visitedBranchPoints="0" sequenceCoverage="0.0" branchCoverage="0" maxCyclomaticComplexity="0" minCyclomaticComplexity="0" maxCrapScore="0" minCrapScore="0" visitedClasses="0" numClasses="0" visitedMethods="0" numMethods="1" />
              <MetadataToken>100663692</MetadataToken>
              <Name>static Invector.vExtensions::Append[T](, )</Name>
              <FileRef uid="55" />
              <SequencePoints>
                <SequencePoint vc="0" uspid="32882" ordinal="0" offset="0" sl="10" sc="0" el="10" ec="0" bec="0" bev="0" fileid="55" />
                <SequencePoint vc="0" uspid="32883" ordinal="0" offset="1" sl="11" sc="0" el="11" ec="0" bec="0" bev="0" fileid="55" />
                <SequencePoint vc="0" uspid="32884" ordinal="0" offset="9" sl="12" sc="0" el="12" ec="0" bec="0" bev="0" fileid="55" />
                <SequencePoint vc="0" uspid="32885" ordinal="0" offset="10" sl="13" sc="0" el="13" ec="0" bec="0" bev="0" fileid="55" />
                <SequencePoint vc="0" uspid="32886" ordinal="0" offset="21" sl="15" sc="0" el="15" ec="0" bec="0" bev="0" fileid="55" />
                <SequencePoint vc="0" uspid="32887" ordinal="0" offset="45" sl="16" sc="0" el="16" ec="0" bec="0" bev="0" fileid="55" />
                <SequencePoint vc="0" uspid="32888" ordinal="0" offset="46" sl="17" sc="0" el="17" ec="0" bec="0" bev="0" fileid="55" />
                <SequencePoint vc="0" uspid="32889" ordinal="0" offset="57" sl="19" sc="0" el="19" ec="0" bec="0" bev="0" fileid="55" />
                <SequencePoint vc="0" uspid="32890" ordinal="0" offset="70" sl="20" sc="0" el="20" ec="0" bec="0" bev="0" fileid="55" />
                <SequencePoint vc="0" uspid="32891" ordinal="0" offset="79" sl="21" sc="0" el="21" ec="0" bec="0" bev="0" fileid="55" />
                <SequencePoint vc="0" uspid="32892" ordinal="0" offset="90" sl="23" sc="0" el="23" ec="0" bec="0" bev="0" fileid="55" />
                <SequencePoint vc="0" uspid="32893" ordinal="0" offset="94" sl="24" sc="0" el="24" ec="0" bec="0" bev="0" fileid="55" />
              </SequencePoints>
              <BranchPoints />
            </Method>
            <Method visited="false" cyclomaticComplexity="0" nPathComplexity="0" sequenceCoverage="0.0" branchCoverage="0" crapScore="0" isConstructor="false" isStatic="true" isGetter="false" isSetter="false">
              <Summary numSequencePoints="12" visitedSequencePoints="0" numBranchPoints="0" visitedBranchPoints="0" sequenceCoverage="0.0" branchCoverage="0" maxCyclomaticComplexity="0" minCyclomaticComplexity="0" maxCrapScore="0" minCrapScore="0" visitedClasses="0" numClasses="0" visitedMethods="0" numMethods="1" />
              <MetadataToken>100663693</MetadataToken>
              <Name>static Invector.vExtensions::vToArray[T](System.Collections.Generic.List[T])</Name>
              <FileRef uid="55" />
              <SequencePoints>
                <SequencePoint vc="0" uspid="32894" ordinal="0" offset="0" sl="27" sc="0" el="27" ec="0" bec="0" bev="0" fileid="55" />
                <SequencePoint vc="0" uspid="32895" ordinal="0" offset="1" sl="28" sc="0" el="28" ec="0" bec="0" bev="0" fileid="55" />
                <SequencePoint vc="0" uspid="32896" ordinal="0" offset="13" sl="29" sc="0" el="29" ec="0" bec="0" bev="0" fileid="55" />
                <SequencePoint vc="0" uspid="32897" ordinal="0" offset="32" sl="29" sc="0" el="29" ec="0" bec="0" bev="0" fileid="55" />
                <SequencePoint vc="0" uspid="32898" ordinal="0" offset="36" sl="30" sc="0" el="30" ec="0" bec="0" bev="0" fileid="55" />
                <SequencePoint vc="0" uspid="32899" ordinal="0" offset="40" sl="31" sc="0" el="31" ec="0" bec="0" bev="0" fileid="55" />
                <SequencePoint vc="0" uspid="32900" ordinal="0" offset="41" sl="32" sc="0" el="32" ec="0" bec="0" bev="0" fileid="55" />
                <SequencePoint vc="0" uspid="32901" ordinal="0" offset="55" sl="33" sc="0" el="33" ec="0" bec="0" bev="0" fileid="55" />
                <SequencePoint vc="0" uspid="32902" ordinal="0" offset="56" sl="30" sc="0" el="30" ec="0" bec="0" bev="0" fileid="55" />
                <SequencePoint vc="0" uspid="32903" ordinal="0" offset="60" sl="30" sc="0" el="30" ec="0" bec="0" bev="0" fileid="55" />
                <SequencePoint vc="0" uspid="32904" ordinal="0" offset="75" sl="34" sc="0" el="34" ec="0" bec="0" bev="0" fileid="55" />
                <SequencePoint vc="0" uspid="32905" ordinal="0" offset="79" sl="35" sc="0" el="35" ec="0" bec="0" bev="0" fileid="55" />
              </SequencePoints>
              <BranchPoints />
            </Method>
          </Methods>
        </Class>
      </Classes>
    </Module>
    <Module>
      <Summary numSequencePoints="9" visitedSequencePoints="9" numBranchPoints="0" visitedBranchPoints="0" sequenceCoverage="100.0" branchCoverage="0.0" maxCyclomaticComplexity="0" minCyclomaticComplexity="0" maxCrapScore="0" minCrapScore="0" visitedClasses="1" numClasses="1" visitedMethods="2" numMethods="2" />
      <ModuleTime>0001-01-01T00:00:00</ModuleTime>
      <ModuleName>test1</ModuleName>
      <Files>
        <File uid="86" fullPath="D:/3Ddautien/ASM23D/Assets/Code/AnimalHealth.cs" />
        <File uid="87" fullPath="D:/3Ddautien/ASM23D/Assets/Code/AttackControl.cs" />
        <File uid="88" fullPath="D:/3Ddautien/ASM23D/Assets/Code/AttackState.cs" />
        <File uid="89" fullPath="D:/3Ddautien/ASM23D/Assets/Code/AttributesManager.cs" />
        <File uid="90" fullPath="D:/3Ddautien/ASM23D/Assets/Code/AudioManager.cs" />
        <File uid="91" fullPath="D:/3Ddautien/ASM23D/Assets/Code/AutoMusicChanger.cs" />
        <File uid="92" fullPath="D:/3Ddautien/ASM23D/Assets/Code/Bullet.cs" />
        <File uid="93" fullPath="D:/3Ddautien/ASM23D/Assets/Code/CameraFollow.cs" />
        <File uid="94" fullPath="D:/3Ddautien/ASM23D/Assets/Code/CollectionGem.cs" />
        <File uid="95" fullPath="D:/3Ddautien/ASM23D/Assets/Code/DamagePopUpGenerator.cs" />
        <File uid="96" fullPath="D:/3Ddautien/ASM23D/Assets/Code/DamageTester.cs" />
        <File uid="97" fullPath="D:/3Ddautien/ASM23D/Assets/Code/GameManager.cs" />
        <File uid="98" fullPath="D:/3Ddautien/ASM23D/Assets/Code/GameSession.cs" />
        <File uid="99" fullPath="D:/3Ddautien/ASM23D/Assets/Code/Gun.cs" />
        <File uid="100" fullPath="D:/3Ddautien/ASM23D/Assets/Code/IdeState.cs" />
        <File uid="101" fullPath="D:/3Ddautien/ASM23D/Assets/Code/ImageSwitcher.cs" />
        <File uid="102" fullPath="D:/3Ddautien/ASM23D/Assets/Code/InventoryManager.cs" />
        <File uid="103" fullPath="D:/3Ddautien/ASM23D/Assets/Code/ItemIn.cs" />
        <File uid="104" fullPath="D:/3Ddautien/ASM23D/Assets/Code/ItemPickup.cs" />
        <File uid="105" fullPath="D:/3Ddautien/ASM23D/Assets/Code/ItemUIController.cs" />
        <File uid="106" fullPath="D:/3Ddautien/ASM23D/Assets/Code/LockTarget.cs" />
        <File uid="107" fullPath="D:/3Ddautien/ASM23D/Assets/Code/Meat.cs" />
        <File uid="108" fullPath="D:/3Ddautien/ASM23D/Assets/Code/MyTestClass.cs" />
        <File uid="109" fullPath="D:/3Ddautien/ASM23D/Assets/Code/PlayerAttackanimal.cs" />
        <File uid="110" fullPath="D:/3Ddautien/ASM23D/Assets/Code/PlayerController1.cs" />
        <File uid="111" fullPath="D:/3Ddautien/ASM23D/Assets/Code/PlayerSwim.cs" />
        <File uid="112" fullPath="D:/3Ddautien/ASM23D/Assets/Code/PlayerSwitcher.cs" />
        <File uid="113" fullPath="D:/3Ddautien/ASM23D/Assets/Code/RunState.cs" />
        <File uid="114" fullPath="D:/3Ddautien/ASM23D/Assets/Code/SettingUIManager.cs" />
        <File uid="115" fullPath="D:/3Ddautien/ASM23D/Assets/Code/SwimArea.cs" />
        <File uid="116" fullPath="D:/3Ddautien/ASM23D/Assets/Code/UIBillboarding.cs" />
        <File uid="117" fullPath="D:/3Ddautien/ASM23D/Assets/Code/VolumeController.cs" />
        <File uid="118" fullPath="D:/3Ddautien/ASM23D/Assets/Code/WalkState.cs" />
        <File uid="119" fullPath="D:/3Ddautien/ASM23D/Assets/Code/WeaponAttributes.cs" />
        <File uid="120" fullPath="D:/3Ddautien/ASM23D/Assets/Code/WeaponManager.cs" />
        <File uid="121" fullPath="D:/3Ddautien/ASM23D/Assets/Code/GameEffects.cs" />
        <File uid="122" fullPath="D:/3Ddautien/ASM23D/Assets/Code/GameItem.cs" />
        <File uid="123" fullPath="D:/3Ddautien/ASM23D/Assets/Code/GameUI.cs" />
      </Files>
      <Classes>
        <Class>
          <Summary numSequencePoints="9" visitedSequencePoints="9" numBranchPoints="0" visitedBranchPoints="0" sequenceCoverage="100.0" branchCoverage="0.0" maxCyclomaticComplexity="0" minCyclomaticComplexity="0" maxCrapScore="0" minCrapScore="0" visitedClasses="1" numClasses="1" visitedMethods="2" numMethods="2" />
          <FullName>GameManager</FullName>
          <Methods>
            <Method visited="true" cyclomaticComplexity="0" nPathComplexity="0" sequenceCoverage="100.0" branchCoverage="0" crapScore="0" isConstructor="false" isStatic="false" isGetter="false" isSetter="false">
              <Summary numSequencePoints="7" visitedSequencePoints="7" numBranchPoints="0" visitedBranchPoints="0" sequenceCoverage="100.0" branchCoverage="0" maxCyclomaticComplexity="0" minCyclomaticComplexity="0" maxCrapScore="0" minCrapScore="0" visitedClasses="0" numClasses="0" visitedMethods="1" numMethods="1" />
              <MetadataToken>100663350</MetadataToken>
              <Name>System.String GameManager::CheckGameState()</Name>
              <FileRef uid="97" />
              <SequencePoints>
                <SequencePoint vc="2" uspid="36696" ordinal="0" offset="0" sl="24" sc="5" el="24" ec="5" bec="0" bev="0" fileid="97" />
                <SequencePoint vc="2" uspid="36697" ordinal="0" offset="1" sl="25" sc="9" el="25" ec="9" bec="0" bev="0" fileid="97" />
                <SequencePoint vc="1" uspid="36698" ordinal="0" offset="18" sl="26" sc="9" el="26" ec="9" bec="0" bev="0" fileid="97" />
                <SequencePoint vc="1" uspid="36699" ordinal="0" offset="19" sl="27" sc="13" el="27" ec="13" bec="0" bev="0" fileid="97" />
                <SequencePoint vc="1" uspid="36700" ordinal="0" offset="27" sl="30" sc="9" el="30" ec="9" bec="0" bev="0" fileid="97" />
                <SequencePoint vc="1" uspid="36701" ordinal="0" offset="28" sl="31" sc="13" el="31" ec="13" bec="0" bev="0" fileid="97" />
                <SequencePoint vc="2" uspid="36702" ordinal="0" offset="36" sl="33" sc="5" el="33" ec="5" bec="0" bev="0" fileid="97" />
              </SequencePoints>
              <BranchPoints />
            </Method>
            <Method visited="true" cyclomaticComplexity="0" nPathComplexity="0" sequenceCoverage="100.0" branchCoverage="0" crapScore="0" isConstructor="true" isStatic="false" isGetter="false" isSetter="false">
              <Summary numSequencePoints="2" visitedSequencePoints="2" numBranchPoints="0" visitedBranchPoints="0" sequenceCoverage="100.0" branchCoverage="0" maxCyclomaticComplexity="0" minCyclomaticComplexity="0" maxCrapScore="0" minCrapScore="0" visitedClasses="0" numClasses="0" visitedMethods="1" numMethods="1" />
              <MetadataToken>100663351</MetadataToken>
              <Name>GameManager::GameManager()</Name>
              <FileRef uid="97" />
              <SequencePoints>
                <SequencePoint vc="1" uspid="36703" ordinal="0" offset="0" sl="7" sc="5" el="7" ec="5" bec="0" bev="0" fileid="97" />
                <SequencePoint vc="1" uspid="36704" ordinal="0" offset="7" sl="8" sc="5" el="8" ec="5" bec="0" bev="0" fileid="97" />
              </SequencePoints>
              <BranchPoints />
            </Method>
          </Methods>
        </Class>
      </Classes>
    </Module>
    <Module>
      <Summary numSequencePoints="12" visitedSequencePoints="12" numBranchPoints="0" visitedBranchPoints="0" sequenceCoverage="100.0" branchCoverage="0.0" maxCyclomaticComplexity="0" minCyclomaticComplexity="0" maxCrapScore="0" minCrapScore="0" visitedClasses="2" numClasses="2" visitedMethods="2" numMethods="2" />
      <ModuleTime>0001-01-01T00:00:00</ModuleTime>
      <ModuleName>TestPlayerMode</ModuleName>
      <Files>
        <File uid="133" fullPath="D:/3Ddautien/ASM23D/Assets/tests/TestPlayerMode/Testplayermode.cs" />
      </Files>
      <Classes>
        <Class>
          <Summary numSequencePoints="5" visitedSequencePoints="5" numBranchPoints="0" visitedBranchPoints="0" sequenceCoverage="100.0" branchCoverage="0.0" maxCyclomaticComplexity="0" minCyclomaticComplexity="0" maxCrapScore="0" minCrapScore="0" visitedClasses="1" numClasses="1" visitedMethods="1" numMethods="1" />
          <FullName>Testplayermode/PlayerControllerTest/GameManagetext/&lt;SetUp&gt;d__1</FullName>
          <Methods>
            <Method visited="true" cyclomaticComplexity="0" nPathComplexity="0" sequenceCoverage="100.0" branchCoverage="0" crapScore="0" isConstructor="false" isStatic="false" isGetter="false" isSetter="false">
              <Summary numSequencePoints="5" visitedSequencePoints="5" numBranchPoints="0" visitedBranchPoints="0" sequenceCoverage="100.0" branchCoverage="0" maxCyclomaticComplexity="0" minCyclomaticComplexity="0" maxCrapScore="0" minCrapScore="0" visitedClasses="0" numClasses="0" visitedMethods="1" numMethods="1" />
              <MetadataToken>100663384</MetadataToken>
              <Name>System.Boolean Testplayermode/PlayerControllerTest/GameManagetext/&lt;SetUp&gt;d__1::MoveNext()</Name>
              <FileRef uid="133" />
              <SequencePoints>
                <SequencePoint vc="1" uspid="38152" ordinal="0" offset="31" sl="231" sc="9" el="231" ec="9" bec="0" bev="0" fileid="133" />
                <SequencePoint vc="1" uspid="38153" ordinal="0" offset="32" sl="232" sc="13" el="232" ec="13" bec="0" bev="0" fileid="133" />
                <SequencePoint vc="1" uspid="38154" ordinal="0" offset="48" sl="233" sc="13" el="233" ec="13" bec="0" bev="0" fileid="133" />
                <SequencePoint vc="1" uspid="38155" ordinal="0" offset="70" sl="234" sc="13" el="234" ec="13" bec="0" bev="0" fileid="133" />
                <SequencePoint vc="1" uspid="38156" ordinal="0" offset="93" sl="235" sc="9" el="235" ec="9" bec="0" bev="0" fileid="133" />
              </SequencePoints>
              <BranchPoints />
            </Method>
          </Methods>
        </Class>
        <Class>
          <Summary numSequencePoints="7" visitedSequencePoints="7" numBranchPoints="0" visitedBranchPoints="0" sequenceCoverage="100.0" branchCoverage="0.0" maxCyclomaticComplexity="0" minCyclomaticComplexity="0" maxCrapScore="0" minCrapScore="0" visitedClasses="1" numClasses="1" visitedMethods="1" numMethods="1" />
          <FullName>Testplayermode/PlayerControllerTest/GameManagetext/&lt;TestCheckGameState&gt;d__5</FullName>
          <Methods>
            <Method visited="true" cyclomaticComplexity="0" nPathComplexity="0" sequenceCoverage="100.0" branchCoverage="0" crapScore="0" isConstructor="false" isStatic="false" isGetter="false" isSetter="false">
              <Summary numSequencePoints="7" visitedSequencePoints="7" numBranchPoints="0" visitedBranchPoints="0" sequenceCoverage="100.0" branchCoverage="0" maxCyclomaticComplexity="0" minCyclomaticComplexity="0" maxCrapScore="0" minCrapScore="0" visitedClasses="0" numClasses="0" visitedMethods="1" numMethods="1" />
              <MetadataToken>100663414</MetadataToken>
              <Name>System.Boolean Testplayermode/PlayerControllerTest/GameManagetext/&lt;TestCheckGameState&gt;d__5::MoveNext()</Name>
              <FileRef uid="133" />
              <SequencePoints>
                <SequencePoint vc="1" uspid="38185" ordinal="0" offset="31" sl="277" sc="13" el="277" ec="13" bec="0" bev="0" fileid="133" />
                <SequencePoint vc="1" uspid="38186" ordinal="0" offset="32" sl="278" sc="17" el="278" ec="17" bec="0" bev="0" fileid="133" />
                <SequencePoint vc="1" uspid="38187" ordinal="0" offset="50" sl="279" sc="17" el="279" ec="17" bec="0" bev="0" fileid="133" />
                <SequencePoint vc="1" uspid="38188" ordinal="0" offset="77" sl="281" sc="17" el="281" ec="17" bec="0" bev="0" fileid="133" />
                <SequencePoint vc="1" uspid="38189" ordinal="0" offset="95" sl="282" sc="17" el="282" ec="17" bec="0" bev="0" fileid="133" />
                <SequencePoint vc="1" uspid="38190" ordinal="0" offset="122" sl="284" sc="17" el="284" ec="17" bec="0" bev="0" fileid="133" />
                <SequencePoint vc="1" uspid="38191" ordinal="0" offset="145" sl="285" sc="13" el="285" ec="13" bec="0" bev="0" fileid="133" />
              </SequencePoints>
              <BranchPoints />
            </Method>
          </Methods>
        </Class>
      </Classes>
    </Module>
    <Module>
      <Summary numSequencePoints="303" visitedSequencePoints="0" numBranchPoints="0" visitedBranchPoints="0" sequenceCoverage="0.0" branchCoverage="0.0" maxCyclomaticComplexity="0" minCyclomaticComplexity="0" maxCrapScore="0" minCrapScore="0" visitedClasses="0" numClasses="9" visitedMethods="0" numMethods="38" />
      <ModuleTime>0001-01-01T00:00:00</ModuleTime>
      <ModuleName>Fusion.Unity</ModuleName>
      <Files>
        <File uid="134" fullPath="D:/3Ddautien/ASM23D/Assets/photon/Fusion/Runtime/Fusion.Unity.cs" />
        <File uid="135" fullPath="D:/3Ddautien/ASM23D/Assets/photon/Fusion/Runtime/FusionBasicBillboard.cs" />
        <File uid="136" fullPath="D:/3Ddautien/ASM23D/Assets/photon/Fusion/Runtime/FusionBootstrap.cs" />
        <File uid="137" fullPath="D:/3Ddautien/ASM23D/Assets/photon/Fusion/Runtime/FusionBootstrapDebugGUI.cs" />
        <File uid="138" fullPath="D:/3Ddautien/ASM23D/Assets/photon/Fusion/Runtime/NetworkCharacterController.cs" />
        <File uid="139" fullPath="D:/3Ddautien/ASM23D/Assets/photon/Fusion/Runtime/NetworkObjectProviderDefault.cs" />
        <File uid="140" fullPath="D:/3Ddautien/ASM23D/Assets/photon/Fusion/Runtime/NetworkSceneManagerDefault.cs" />
        <File uid="141" fullPath="D:/3Ddautien/ASM23D/Assets/photon/Fusion/Runtime/Utilities/RunnerVisibility/EnableOnSingleRunner.cs" />
        <File uid="142" fullPath="D:/3Ddautien/ASM23D/Assets/photon/Fusion/Runtime/Utilities/RunnerVisibility/RunnerAOIGizmos.cs" />
        <File uid="143" fullPath="D:/3Ddautien/ASM23D/Assets/photon/Fusion/Runtime/Utilities/RunnerVisibility/RunnerEnableVisibility.cs" />
        <File uid="144" fullPath="D:/3Ddautien/ASM23D/Assets/photon/Fusion/Runtime/Utilities/RunnerVisibility/RunnerLagCompensationGizmos.cs" />
        <File uid="145" fullPath="D:/3Ddautien/ASM23D/Assets/photon/Fusion/Runtime/Utilities/RunnerVisibility/RunnerVisibilityLink.cs" />
        <File uid="146" fullPath="D:/3Ddautien/ASM23D/Assets/photon/Fusion/Runtime/Utilities/RunnerVisibility/RunnerVisibilityLinksRoot.cs" />
        <File uid="147" fullPath="D:/3Ddautien/ASM23D/Assets/photon/Fusion/Runtime/Statistics/FusionNetworkObjectStatistics.cs" />
        <File uid="148" fullPath="D:/3Ddautien/ASM23D/Assets/photon/Fusion/Runtime/Statistics/FusionNetworkObjectStatsGraph.cs" />
        <File uid="149" fullPath="D:/3Ddautien/ASM23D/Assets/photon/Fusion/Runtime/Statistics/FusionNetworkObjectStatsGraphCombine.cs" />
        <File uid="150" fullPath="D:/3Ddautien/ASM23D/Assets/photon/Fusion/Runtime/Statistics/FusionStatistics.cs" />
        <File uid="151" fullPath="D:/3Ddautien/ASM23D/Assets/photon/Fusion/Runtime/Statistics/FusionStatsCanvas.cs" />
        <File uid="152" fullPath="D:/3Ddautien/ASM23D/Assets/photon/Fusion/Runtime/Statistics/FusionStatsConfig.cs" />
        <File uid="153" fullPath="D:/3Ddautien/ASM23D/Assets/photon/Fusion/Runtime/Statistics/FusionStatsGraphDefault.cs" />
        <File uid="154" fullPath="D:/3Ddautien/ASM23D/Assets/photon/Fusion/Runtime/Statistics/FusionStatsPanelHeader.cs" />
        <File uid="155" fullPath="D:/3Ddautien/ASM23D/Assets/photon/Fusion/Runtime/Statistics/FusionStatsWorldAnchor.cs" />
      </Files>
      <Classes>
        <Class>
          <Summary numSequencePoints="110" visitedSequencePoints="0" numBranchPoints="0" visitedBranchPoints="0" sequenceCoverage="0.0" branchCoverage="0.0" maxCyclomaticComplexity="0" minCyclomaticComplexity="0" maxCrapScore="0" minCrapScore="0" visitedClasses="0" numClasses="1" visitedMethods="0" numMethods="10" />
          <FullName>Fusion.NetworkAssetSourceResource[T]</FullName>
          <Methods>
            <Method visited="false" cyclomaticComplexity="0" nPathComplexity="0" sequenceCoverage="0.0" branchCoverage="0" crapScore="0" isConstructor="false" isStatic="false" isGetter="false" isSetter="false">
              <Summary numSequencePoints="7" visitedSequencePoints="0" numBranchPoints="0" visitedBranchPoints="0" sequenceCoverage="0.0" branchCoverage="0" maxCyclomaticComplexity="0" minCyclomaticComplexity="0" maxCrapScore="0" minCrapScore="0" visitedClasses="0" numClasses="0" visitedMethods="0" numMethods="1" />
              <MetadataToken>100663299</MetadataToken>
              <Name>System.Void Fusion.NetworkAssetSourceResource[T]::Acquire(System.Boolean)</Name>
              <FileRef uid="134" />
              <SequencePoints>
                <SequencePoint vc="0" uspid="38192" ordinal="0" offset="0" sl="193" sc="0" el="193" ec="0" bec="0" bev="0" fileid="134" />
                <SequencePoint vc="0" uspid="38193" ordinal="0" offset="1" sl="194" sc="0" el="194" ec="0" bec="0" bev="0" fileid="134" />
                <SequencePoint vc="0" uspid="38194" ordinal="0" offset="14" sl="194" sc="0" el="194" ec="0" bec="0" bev="0" fileid="134" />
                <SequencePoint vc="0" uspid="38195" ordinal="0" offset="15" sl="195" sc="0" el="195" ec="0" bec="0" bev="0" fileid="134" />
                <SequencePoint vc="0" uspid="38196" ordinal="0" offset="23" sl="196" sc="0" el="196" ec="0" bec="0" bev="0" fileid="134" />
                <SequencePoint vc="0" uspid="38197" ordinal="0" offset="24" sl="197" sc="0" el="197" ec="0" bec="0" bev="0" fileid="134" />
                <SequencePoint vc="0" uspid="38198" ordinal="0" offset="38" sl="198" sc="0" el="198" ec="0" bec="0" bev="0" fileid="134" />
              </SequencePoints>
              <BranchPoints />
            </Method>
            <Method visited="false" cyclomaticComplexity="0" nPathComplexity="0" sequenceCoverage="0.0" branchCoverage="0" crapScore="0" isConstructor="false" isStatic="false" isGetter="false" isSetter="false">
              <Summary numSequencePoints="9" visitedSequencePoints="0" numBranchPoints="0" visitedBranchPoints="0" sequenceCoverage="0.0" branchCoverage="0" maxCyclomaticComplexity="0" minCyclomaticComplexity="0" maxCrapScore="0" minCrapScore="0" visitedClasses="0" numClasses="0" visitedMethods="0" numMethods="1" />
              <MetadataToken>100663300</MetadataToken>
              <Name>System.Void Fusion.NetworkAssetSourceResource[T]::Release()</Name>
              <FileRef uid="134" />
              <SequencePoints>
                <SequencePoint vc="0" uspid="38199" ordinal="0" offset="0" sl="205" sc="0" el="205" ec="0" bec="0" bev="0" fileid="134" />
                <SequencePoint vc="0" uspid="38200" ordinal="0" offset="1" sl="206" sc="0" el="206" ec="0" bec="0" bev="0" fileid="134" />
                <SequencePoint vc="0" uspid="38201" ordinal="0" offset="17" sl="206" sc="0" el="206" ec="0" bec="0" bev="0" fileid="134" />
                <SequencePoint vc="0" uspid="38202" ordinal="0" offset="18" sl="207" sc="0" el="207" ec="0" bec="0" bev="0" fileid="134" />
                <SequencePoint vc="0" uspid="38203" ordinal="0" offset="29" sl="209" sc="0" el="209" ec="0" bec="0" bev="0" fileid="134" />
                <SequencePoint vc="0" uspid="38204" ordinal="0" offset="53" sl="209" sc="0" el="209" ec="0" bec="0" bev="0" fileid="134" />
                <SequencePoint vc="0" uspid="38205" ordinal="0" offset="54" sl="210" sc="0" el="210" ec="0" bec="0" bev="0" fileid="134" />
                <SequencePoint vc="0" uspid="38206" ordinal="0" offset="61" sl="211" sc="0" el="211" ec="0" bec="0" bev="0" fileid="134" />
                <SequencePoint vc="0" uspid="38207" ordinal="0" offset="62" sl="212" sc="0" el="212" ec="0" bec="0" bev="0" fileid="134" />
              </SequencePoints>
              <BranchPoints />
            </Method>
            <Method visited="false" cyclomaticComplexity="0" nPathComplexity="0" sequenceCoverage="0.0" branchCoverage="0" crapScore="0" isConstructor="false" isStatic="false" isGetter="true" isSetter="false">
              <Summary numSequencePoints="9" visitedSequencePoints="0" numBranchPoints="0" visitedBranchPoints="0" sequenceCoverage="0.0" branchCoverage="0" maxCyclomaticComplexity="0" minCyclomaticComplexity="0" maxCrapScore="0" minCrapScore="0" visitedClasses="0" numClasses="0" visitedMethods="0" numMethods="1" />
              <MetadataToken>100663301</MetadataToken>
              <Name>System.Boolean Fusion.NetworkAssetSourceResource[T]::get_IsCompleted()</Name>
              <FileRef uid="134" />
              <SequencePoints>
                <SequencePoint vc="0" uspid="38208" ordinal="0" offset="0" sl="218" sc="0" el="218" ec="0" bec="0" bev="0" fileid="134" />
                <SequencePoint vc="0" uspid="38209" ordinal="0" offset="1" sl="219" sc="0" el="219" ec="0" bec="0" bev="0" fileid="134" />
                <SequencePoint vc="0" uspid="38210" ordinal="0" offset="14" sl="219" sc="0" el="219" ec="0" bec="0" bev="0" fileid="134" />
                <SequencePoint vc="0" uspid="38211" ordinal="0" offset="15" sl="221" sc="0" el="221" ec="0" bec="0" bev="0" fileid="134" />
                <SequencePoint vc="0" uspid="38212" ordinal="0" offset="19" sl="224" sc="0" el="224" ec="0" bec="0" bev="0" fileid="134" />
                <SequencePoint vc="0" uspid="38213" ordinal="0" offset="50" sl="224" sc="0" el="224" ec="0" bec="0" bev="0" fileid="134" />
                <SequencePoint vc="0" uspid="38214" ordinal="0" offset="51" sl="226" sc="0" el="226" ec="0" bec="0" bev="0" fileid="134" />
                <SequencePoint vc="0" uspid="38215" ordinal="0" offset="55" sl="229" sc="0" el="229" ec="0" bec="0" bev="0" fileid="134" />
                <SequencePoint vc="0" uspid="38216" ordinal="0" offset="59" sl="230" sc="0" el="230" ec="0" bec="0" bev="0" fileid="134" />
              </SequencePoints>
              <BranchPoints />
            </Method>
            <Method visited="false" cyclomaticComplexity="0" nPathComplexity="0" sequenceCoverage="0.0" branchCoverage="0" crapScore="0" isConstructor="false" isStatic="false" isGetter="false" isSetter="false">
              <Summary numSequencePoints="25" visitedSequencePoints="0" numBranchPoints="0" visitedBranchPoints="0" sequenceCoverage="0.0" branchCoverage="0" maxCyclomaticComplexity="0" minCyclomaticComplexity="0" maxCrapScore="0" minCrapScore="0" visitedClasses="0" numClasses="0" visitedMethods="0" numMethods="1" />
              <MetadataToken>100663302</MetadataToken>
              <Name>T Fusion.NetworkAssetSourceResource[T]::WaitForResult()</Name>
              <FileRef uid="134" />
              <SequencePoints>
                <SequencePoint vc="0" uspid="38217" ordinal="0" offset="0" sl="237" sc="0" el="237" ec="0" bec="0" bev="0" fileid="134" />
                <SequencePoint vc="0" uspid="38218" ordinal="0" offset="1" sl="238" sc="0" el="238" ec="0" bec="0" bev="0" fileid="134" />
                <SequencePoint vc="0" uspid="38219" ordinal="0" offset="16" sl="239" sc="0" el="239" ec="0" bec="0" bev="0" fileid="134" />
                <SequencePoint vc="0" uspid="38220" ordinal="0" offset="36" sl="239" sc="0" el="239" ec="0" bec="0" bev="0" fileid="134" />
                <SequencePoint vc="0" uspid="38221" ordinal="0" offset="37" sl="240" sc="0" el="240" ec="0" bec="0" bev="0" fileid="134" />
                <SequencePoint vc="0" uspid="38222" ordinal="0" offset="49" sl="240" sc="0" el="240" ec="0" bec="0" bev="0" fileid="134" />
                <SequencePoint vc="0" uspid="38223" ordinal="0" offset="50" sl="241" sc="0" el="241" ec="0" bec="0" bev="0" fileid="134" />
                <SequencePoint vc="0" uspid="38224" ordinal="0" offset="58" sl="242" sc="0" el="242" ec="0" bec="0" bev="0" fileid="134" />
                <SequencePoint vc="0" uspid="38225" ordinal="0" offset="61" sl="242" sc="0" el="242" ec="0" bec="0" bev="0" fileid="134" />
                <SequencePoint vc="0" uspid="38226" ordinal="0" offset="62" sl="244" sc="0" el="244" ec="0" bec="0" bev="0" fileid="134" />
                <SequencePoint vc="0" uspid="38227" ordinal="0" offset="69" sl="245" sc="0" el="245" ec="0" bec="0" bev="0" fileid="134" />
                <SequencePoint vc="0" uspid="38228" ordinal="0" offset="77" sl="246" sc="0" el="246" ec="0" bec="0" bev="0" fileid="134" />
                <SequencePoint vc="0" uspid="38229" ordinal="0" offset="78" sl="247" sc="0" el="247" ec="0" bec="0" bev="0" fileid="134" />
                <SequencePoint vc="0" uspid="38230" ordinal="0" offset="79" sl="249" sc="0" el="249" ec="0" bec="0" bev="0" fileid="134" />
                <SequencePoint vc="0" uspid="38231" ordinal="0" offset="94" sl="249" sc="0" el="249" ec="0" bec="0" bev="0" fileid="134" />
                <SequencePoint vc="0" uspid="38232" ordinal="0" offset="95" sl="250" sc="0" el="250" ec="0" bec="0" bev="0" fileid="134" />
                <SequencePoint vc="0" uspid="38233" ordinal="0" offset="133" sl="253" sc="0" el="253" ec="0" bec="0" bev="0" fileid="134" />
                <SequencePoint vc="0" uspid="38234" ordinal="0" offset="165" sl="253" sc="0" el="253" ec="0" bec="0" bev="0" fileid="134" />
                <SequencePoint vc="0" uspid="38235" ordinal="0" offset="166" sl="254" sc="0" el="254" ec="0" bec="0" bev="0" fileid="134" />
                <SequencePoint vc="0" uspid="38236" ordinal="0" offset="171" sl="257" sc="0" el="257" ec="0" bec="0" bev="0" fileid="134" />
                <SequencePoint vc="0" uspid="38237" ordinal="0" offset="193" sl="257" sc="0" el="257" ec="0" bec="0" bev="0" fileid="134" />
                <SequencePoint vc="0" uspid="38238" ordinal="0" offset="194" sl="258" sc="0" el="258" ec="0" bec="0" bev="0" fileid="134" />
                <SequencePoint vc="0" uspid="38239" ordinal="0" offset="201" sl="259" sc="0" el="259" ec="0" bec="0" bev="0" fileid="134" />
                <SequencePoint vc="0" uspid="38240" ordinal="0" offset="207" sl="262" sc="0" el="262" ec="0" bec="0" bev="0" fileid="134" />
                <SequencePoint vc="0" uspid="38241" ordinal="0" offset="245" sl="263" sc="0" el="263" ec="0" bec="0" bev="0" fileid="134" />
              </SequencePoints>
              <BranchPoints />
            </Method>
            <Method visited="false" cyclomaticComplexity="0" nPathComplexity="0" sequenceCoverage="0.0" branchCoverage="0" crapScore="0" isConstructor="false" isStatic="false" isGetter="false" isSetter="false">
              <Summary numSequencePoints="15" visitedSequencePoints="0" numBranchPoints="0" visitedBranchPoints="0" sequenceCoverage="0.0" branchCoverage="0" maxCyclomaticComplexity="0" minCyclomaticComplexity="0" maxCrapScore="0" minCrapScore="0" visitedClasses="0" numClasses="0" visitedMethods="0" numMethods="1" />
              <MetadataToken>100663303</MetadataToken>
              <Name>System.Void Fusion.NetworkAssetSourceResource[T]::FinishAsyncOp(UnityEngine.ResourceRequest)</Name>
              <FileRef uid="134" />
              <SequencePoints>
                <SequencePoint vc="0" uspid="38242" ordinal="0" offset="0" sl="265" sc="0" el="265" ec="0" bec="0" bev="0" fileid="134" />
                <SequencePoint vc="0" uspid="38243" ordinal="0" offset="1" sl="266" sc="0" el="266" ec="0" bec="0" bev="0" fileid="134" />
                <SequencePoint vc="0" uspid="38244" ordinal="0" offset="2" sl="267" sc="0" el="267" ec="0" bec="0" bev="0" fileid="134" />
                <SequencePoint vc="0" uspid="38245" ordinal="0" offset="46" sl="268" sc="0" el="268" ec="0" bec="0" bev="0" fileid="134" />
                <SequencePoint vc="0" uspid="38246" ordinal="0" offset="56" sl="268" sc="0" el="268" ec="0" bec="0" bev="0" fileid="134" />
                <SequencePoint vc="0" uspid="38247" ordinal="0" offset="57" sl="269" sc="0" el="269" ec="0" bec="0" bev="0" fileid="134" />
                <SequencePoint vc="0" uspid="38248" ordinal="0" offset="64" sl="270" sc="0" el="270" ec="0" bec="0" bev="0" fileid="134" />
                <SequencePoint vc="0" uspid="38249" ordinal="0" offset="67" sl="270" sc="0" el="270" ec="0" bec="0" bev="0" fileid="134" />
                <SequencePoint vc="0" uspid="38250" ordinal="0" offset="68" sl="271" sc="0" el="271" ec="0" bec="0" bev="0" fileid="134" />
                <SequencePoint vc="0" uspid="38251" ordinal="0" offset="101" sl="273" sc="0" el="273" ec="0" bec="0" bev="0" fileid="134" />
                <SequencePoint vc="0" uspid="38252" ordinal="0" offset="104" sl="273" sc="0" el="273" ec="0" bec="0" bev="0" fileid="134" />
                <SequencePoint vc="0" uspid="38253" ordinal="0" offset="105" sl="273" sc="0" el="273" ec="0" bec="0" bev="0" fileid="134" />
                <SequencePoint vc="0" uspid="38254" ordinal="0" offset="106" sl="274" sc="0" el="274" ec="0" bec="0" bev="0" fileid="134" />
                <SequencePoint vc="0" uspid="38255" ordinal="0" offset="118" sl="275" sc="0" el="275" ec="0" bec="0" bev="0" fileid="134" />
                <SequencePoint vc="0" uspid="38256" ordinal="0" offset="121" sl="276" sc="0" el="276" ec="0" bec="0" bev="0" fileid="134" />
              </SequencePoints>
              <BranchPoints />
            </Method>
            <Method visited="false" cyclomaticComplexity="0" nPathComplexity="0" sequenceCoverage="0.0" branchCoverage="0" crapScore="0" isConstructor="false" isStatic="true" isGetter="false" isSetter="false">
              <Summary numSequencePoints="13" visitedSequencePoints="0" numBranchPoints="0" visitedBranchPoints="0" sequenceCoverage="0.0" branchCoverage="0" maxCyclomaticComplexity="0" minCyclomaticComplexity="0" maxCrapScore="0" minCrapScore="0" visitedClasses="0" numClasses="0" visitedMethods="0" numMethods="1" />
              <MetadataToken>100663304</MetadataToken>
              <Name>static T Fusion.NetworkAssetSourceResource[T]::LoadNamedResource(System.String, System.String)</Name>
              <FileRef uid="134" />
              <SequencePoints>
                <SequencePoint vc="0" uspid="38257" ordinal="0" offset="0" sl="278" sc="0" el="278" ec="0" bec="0" bev="0" fileid="134" />
                <SequencePoint vc="0" uspid="38258" ordinal="0" offset="1" sl="279" sc="0" el="279" ec="0" bec="0" bev="0" fileid="134" />
                <SequencePoint vc="0" uspid="38259" ordinal="0" offset="8" sl="281" sc="0" el="281" ec="0" bec="0" bev="0" fileid="134" />
                <SequencePoint vc="0" uspid="38260" ordinal="0" offset="12" sl="281" sc="0" el="281" ec="0" bec="0" bev="0" fileid="134" />
                <SequencePoint vc="0" uspid="38261" ordinal="0" offset="13" sl="282" sc="0" el="282" ec="0" bec="0" bev="0" fileid="134" />
                <SequencePoint vc="0" uspid="38262" ordinal="0" offset="21" sl="283" sc="0" el="283" ec="0" bec="0" bev="0" fileid="134" />
                <SequencePoint vc="0" uspid="38263" ordinal="0" offset="43" sl="283" sc="0" el="283" ec="0" bec="0" bev="0" fileid="134" />
                <SequencePoint vc="0" uspid="38264" ordinal="0" offset="44" sl="284" sc="0" el="284" ec="0" bec="0" bev="0" fileid="134" />
                <SequencePoint vc="0" uspid="38265" ordinal="0" offset="49" sl="286" sc="0" el="286" ec="0" bec="0" bev="0" fileid="134" />
                <SequencePoint vc="0" uspid="38266" ordinal="0" offset="50" sl="281" sc="0" el="281" ec="0" bec="0" bev="0" fileid="134" />
                <SequencePoint vc="0" uspid="38267" ordinal="0" offset="54" sl="281" sc="0" el="281" ec="0" bec="0" bev="0" fileid="134" />
                <SequencePoint vc="0" uspid="38268" ordinal="0" offset="66" sl="288" sc="0" el="288" ec="0" bec="0" bev="0" fileid="134" />
                <SequencePoint vc="0" uspid="38269" ordinal="0" offset="80" sl="289" sc="0" el="289" ec="0" bec="0" bev="0" fileid="134" />
              </SequencePoints>
              <BranchPoints />
            </Method>
            <Method visited="false" cyclomaticComplexity="0" nPathComplexity="0" sequenceCoverage="0.0" branchCoverage="0" crapScore="0" isConstructor="false" isStatic="false" isGetter="false" isSetter="false">
              <Summary numSequencePoints="20" visitedSequencePoints="0" numBranchPoints="0" visitedBranchPoints="0" sequenceCoverage="0.0" branchCoverage="0" maxCyclomaticComplexity="0" minCyclomaticComplexity="0" maxCrapScore="0" minCrapScore="0" visitedClasses="0" numClasses="0" visitedMethods="0" numMethods="1" />
              <MetadataToken>100663305</MetadataToken>
              <Name>System.Void Fusion.NetworkAssetSourceResource[T]::LoadInternal(System.Boolean)</Name>
              <FileRef uid="134" />
              <SequencePoints>
                <SequencePoint vc="0" uspid="38270" ordinal="0" offset="0" sl="291" sc="0" el="291" ec="0" bec="0" bev="0" fileid="134" />
                <SequencePoint vc="0" uspid="38271" ordinal="0" offset="1" sl="292" sc="0" el="292" ec="0" bec="0" bev="0" fileid="134" />
                <SequencePoint vc="0" uspid="38272" ordinal="0" offset="16" sl="293" sc="0" el="293" ec="0" bec="0" bev="0" fileid="134" />
                <SequencePoint vc="0" uspid="38273" ordinal="0" offset="17" sl="294" sc="0" el="294" ec="0" bec="0" bev="0" fileid="134" />
                <SequencePoint vc="0" uspid="38274" ordinal="0" offset="22" sl="294" sc="0" el="294" ec="0" bec="0" bev="0" fileid="134" />
                <SequencePoint vc="0" uspid="38275" ordinal="0" offset="23" sl="295" sc="0" el="295" ec="0" bec="0" bev="0" fileid="134" />
                <SequencePoint vc="0" uspid="38276" ordinal="0" offset="77" sl="296" sc="0" el="296" ec="0" bec="0" bev="0" fileid="134" />
                <SequencePoint vc="0" uspid="38277" ordinal="0" offset="80" sl="296" sc="0" el="296" ec="0" bec="0" bev="0" fileid="134" />
                <SequencePoint vc="0" uspid="38278" ordinal="0" offset="81" sl="297" sc="0" el="297" ec="0" bec="0" bev="0" fileid="134" />
                <SequencePoint vc="0" uspid="38279" ordinal="0" offset="98" sl="298" sc="0" el="298" ec="0" bec="0" bev="0" fileid="134" />
                <SequencePoint vc="0" uspid="38280" ordinal="0" offset="99" sl="300" sc="0" el="300" ec="0" bec="0" bev="0" fileid="134" />
                <SequencePoint vc="0" uspid="38281" ordinal="0" offset="112" sl="300" sc="0" el="300" ec="0" bec="0" bev="0" fileid="134" />
                <SequencePoint vc="0" uspid="38282" ordinal="0" offset="113" sl="301" sc="0" el="301" ec="0" bec="0" bev="0" fileid="134" />
                <SequencePoint vc="0" uspid="38283" ordinal="0" offset="151" sl="302" sc="0" el="302" ec="0" bec="0" bev="0" fileid="134" />
                <SequencePoint vc="0" uspid="38284" ordinal="0" offset="152" sl="303" sc="0" el="303" ec="0" bec="0" bev="0" fileid="134" />
                <SequencePoint vc="0" uspid="38285" ordinal="0" offset="155" sl="303" sc="0" el="303" ec="0" bec="0" bev="0" fileid="134" />
                <SequencePoint vc="0" uspid="38286" ordinal="0" offset="156" sl="303" sc="0" el="303" ec="0" bec="0" bev="0" fileid="134" />
                <SequencePoint vc="0" uspid="38287" ordinal="0" offset="157" sl="304" sc="0" el="304" ec="0" bec="0" bev="0" fileid="134" />
                <SequencePoint vc="0" uspid="38288" ordinal="0" offset="169" sl="305" sc="0" el="305" ec="0" bec="0" bev="0" fileid="134" />
                <SequencePoint vc="0" uspid="38289" ordinal="0" offset="172" sl="306" sc="0" el="306" ec="0" bec="0" bev="0" fileid="134" />
              </SequencePoints>
              <BranchPoints />
            </Method>
            <Method visited="false" cyclomaticComplexity="0" nPathComplexity="0" sequenceCoverage="0.0" branchCoverage="0" crapScore="0" isConstructor="false" isStatic="false" isGetter="false" isSetter="false">
              <Summary numSequencePoints="10" visitedSequencePoints="0" numBranchPoints="0" visitedBranchPoints="0" sequenceCoverage="0.0" branchCoverage="0" maxCyclomaticComplexity="0" minCyclomaticComplexity="0" maxCrapScore="0" minCrapScore="0" visitedClasses="0" numClasses="0" visitedMethods="0" numMethods="1" />
              <MetadataToken>100663306</MetadataToken>
              <Name>System.Void Fusion.NetworkAssetSourceResource[T]::UnloadInternal()</Name>
              <FileRef uid="134" />
              <SequencePoints>
                <SequencePoint vc="0" uspid="38290" ordinal="0" offset="0" sl="308" sc="0" el="308" ec="0" bec="0" bev="0" fileid="134" />
                <SequencePoint vc="0" uspid="38291" ordinal="0" offset="1" sl="309" sc="0" el="309" ec="0" bec="0" bev="0" fileid="134" />
                <SequencePoint vc="0" uspid="38292" ordinal="0" offset="21" sl="309" sc="0" el="309" ec="0" bec="0" bev="0" fileid="134" />
                <SequencePoint vc="0" uspid="38293" ordinal="0" offset="22" sl="310" sc="0" el="310" ec="0" bec="0" bev="0" fileid="134" />
                <SequencePoint vc="0" uspid="38294" ordinal="0" offset="60" sl="313" sc="0" el="313" ec="0" bec="0" bev="0" fileid="134" />
                <SequencePoint vc="0" uspid="38295" ordinal="0" offset="63" sl="313" sc="0" el="313" ec="0" bec="0" bev="0" fileid="134" />
                <SequencePoint vc="0" uspid="38296" ordinal="0" offset="81" sl="313" sc="0" el="313" ec="0" bec="0" bev="0" fileid="134" />
                <SequencePoint vc="0" uspid="38297" ordinal="0" offset="82" sl="315" sc="0" el="315" ec="0" bec="0" bev="0" fileid="134" />
                <SequencePoint vc="0" uspid="38298" ordinal="0" offset="83" sl="317" sc="0" el="317" ec="0" bec="0" bev="0" fileid="134" />
                <SequencePoint vc="0" uspid="38299" ordinal="0" offset="90" sl="318" sc="0" el="318" ec="0" bec="0" bev="0" fileid="134" />
              </SequencePoints>
              <BranchPoints />
            </Method>
            <Method visited="false" cyclomaticComplexity="0" nPathComplexity="0" sequenceCoverage="0.0" branchCoverage="0" crapScore="0" isConstructor="false" isStatic="false" isGetter="true" isSetter="false">
              <Summary numSequencePoints="1" visitedSequencePoints="0" numBranchPoints="0" visitedBranchPoints="0" sequenceCoverage="0.0" branchCoverage="0" maxCyclomaticComplexity="0" minCyclomaticComplexity="0" maxCrapScore="0" minCrapScore="0" visitedClasses="0" numClasses="0" visitedMethods="0" numMethods="1" />
              <MetadataToken>100663307</MetadataToken>
              <Name>System.String Fusion.NetworkAssetSourceResource[T]::get_Description()</Name>
              <FileRef uid="134" />
              <SequencePoints>
                <SequencePoint vc="0" uspid="38300" ordinal="0" offset="0" sl="323" sc="0" el="323" ec="0" bec="0" bev="0" fileid="134" />
              </SequencePoints>
              <BranchPoints />
            </Method>
            <Method visited="false" cyclomaticComplexity="0" nPathComplexity="0" sequenceCoverage="0.0" branchCoverage="0" crapScore="0" isConstructor="false" isStatic="false" isGetter="true" isSetter="false">
              <Summary numSequencePoints="1" visitedSequencePoints="0" numBranchPoints="0" visitedBranchPoints="0" sequenceCoverage="0.0" branchCoverage="0" maxCyclomaticComplexity="0" minCyclomaticComplexity="0" maxCrapScore="0" minCrapScore="0" visitedClasses="0" numClasses="0" visitedMethods="0" numMethods="1" />
              <MetadataToken>100663308</MetadataToken>
              <Name>T Fusion.NetworkAssetSourceResource[T]::get_EditorInstance()</Name>
              <FileRef uid="134" />
              <SequencePoints>
                <SequencePoint vc="0" uspid="38301" ordinal="0" offset="0" sl="329" sc="0" el="329" ec="0" bec="0" bev="0" fileid="134" />
              </SequencePoints>
              <BranchPoints />
            </Method>
          </Methods>
        </Class>
        <Class>
          <Summary numSequencePoints="24" visitedSequencePoints="0" numBranchPoints="0" visitedBranchPoints="0" sequenceCoverage="0.0" branchCoverage="0.0" maxCyclomaticComplexity="0" minCyclomaticComplexity="0" maxCrapScore="0" minCrapScore="0" visitedClasses="0" numClasses="1" visitedMethods="0" numMethods="8" />
          <FullName>Fusion.NetworkAssetSourceStatic[T]</FullName>
          <Methods>
            <Method visited="false" cyclomaticComplexity="0" nPathComplexity="0" sequenceCoverage="0.0" branchCoverage="0" crapScore="0" isConstructor="false" isStatic="false" isGetter="true" isSetter="false">
              <Summary numSequencePoints="1" visitedSequencePoints="0" numBranchPoints="0" visitedBranchPoints="0" sequenceCoverage="0.0" branchCoverage="0" maxCyclomaticComplexity="0" minCyclomaticComplexity="0" maxCrapScore="0" minCrapScore="0" visitedClasses="0" numClasses="0" visitedMethods="0" numMethods="1" />
              <MetadataToken>100663310</MetadataToken>
              <Name>T Fusion.NetworkAssetSourceStatic[T]::get_Prefab()</Name>
              <FileRef uid="134" />
              <SequencePoints>
                <SequencePoint vc="0" uspid="38302" ordinal="0" offset="0" sl="361" sc="0" el="361" ec="0" bec="0" bev="0" fileid="134" />
              </SequencePoints>
              <BranchPoints />
            </Method>
            <Method visited="false" cyclomaticComplexity="0" nPathComplexity="0" sequenceCoverage="0.0" branchCoverage="0" crapScore="0" isConstructor="false" isStatic="false" isGetter="false" isSetter="true">
              <Summary numSequencePoints="1" visitedSequencePoints="0" numBranchPoints="0" visitedBranchPoints="0" sequenceCoverage="0.0" branchCoverage="0" maxCyclomaticComplexity="0" minCyclomaticComplexity="0" maxCrapScore="0" minCrapScore="0" visitedClasses="0" numClasses="0" visitedMethods="0" numMethods="1" />
              <MetadataToken>100663311</MetadataToken>
              <Name>System.Void Fusion.NetworkAssetSourceStatic[T]::set_Prefab(T)</Name>
              <FileRef uid="134" />
              <SequencePoints>
                <SequencePoint vc="0" uspid="38303" ordinal="0" offset="0" sl="362" sc="0" el="362" ec="0" bec="0" bev="0" fileid="134" />
              </SequencePoints>
              <BranchPoints />
            </Method>
            <Method visited="false" cyclomaticComplexity="0" nPathComplexity="0" sequenceCoverage="0.0" branchCoverage="0" crapScore="0" isConstructor="false" isStatic="false" isGetter="true" isSetter="false">
              <Summary numSequencePoints="1" visitedSequencePoints="0" numBranchPoints="0" visitedBranchPoints="0" sequenceCoverage="0.0" branchCoverage="0" maxCyclomaticComplexity="0" minCyclomaticComplexity="0" maxCrapScore="0" minCrapScore="0" visitedClasses="0" numClasses="0" visitedMethods="0" numMethods="1" />
              <MetadataToken>100663312</MetadataToken>
              <Name>System.Boolean Fusion.NetworkAssetSourceStatic[T]::get_IsCompleted()</Name>
              <FileRef uid="134" />
              <SequencePoints>
                <SequencePoint vc="0" uspid="38304" ordinal="0" offset="0" sl="368" sc="0" el="368" ec="0" bec="0" bev="0" fileid="134" />
              </SequencePoints>
              <BranchPoints />
            </Method>
            <Method visited="false" cyclomaticComplexity="0" nPathComplexity="0" sequenceCoverage="0.0" branchCoverage="0" crapScore="0" isConstructor="false" isStatic="false" isGetter="false" isSetter="false">
              <Summary numSequencePoints="2" visitedSequencePoints="0" numBranchPoints="0" visitedBranchPoints="0" sequenceCoverage="0.0" branchCoverage="0" maxCyclomaticComplexity="0" minCyclomaticComplexity="0" maxCrapScore="0" minCrapScore="0" visitedClasses="0" numClasses="0" visitedMethods="0" numMethods="1" />
              <MetadataToken>100663313</MetadataToken>
              <Name>System.Void Fusion.NetworkAssetSourceStatic[T]::Acquire(System.Boolean)</Name>
              <FileRef uid="134" />
              <SequencePoints>
                <SequencePoint vc="0" uspid="38305" ordinal="0" offset="0" sl="373" sc="0" el="373" ec="0" bec="0" bev="0" fileid="134" />
                <SequencePoint vc="0" uspid="38306" ordinal="0" offset="1" sl="375" sc="0" el="375" ec="0" bec="0" bev="0" fileid="134" />
              </SequencePoints>
              <BranchPoints />
            </Method>
            <Method visited="false" cyclomaticComplexity="0" nPathComplexity="0" sequenceCoverage="0.0" branchCoverage="0" crapScore="0" isConstructor="false" isStatic="false" isGetter="false" isSetter="false">
              <Summary numSequencePoints="2" visitedSequencePoints="0" numBranchPoints="0" visitedBranchPoints="0" sequenceCoverage="0.0" branchCoverage="0" maxCyclomaticComplexity="0" minCyclomaticComplexity="0" maxCrapScore="0" minCrapScore="0" visitedClasses="0" numClasses="0" visitedMethods="0" numMethods="1" />
              <MetadataToken>100663314</MetadataToken>
              <Name>System.Void Fusion.NetworkAssetSourceStatic[T]::Release()</Name>
              <FileRef uid="134" />
              <SequencePoints>
                <SequencePoint vc="0" uspid="38307" ordinal="0" offset="0" sl="380" sc="0" el="380" ec="0" bec="0" bev="0" fileid="134" />
                <SequencePoint vc="0" uspid="38308" ordinal="0" offset="1" sl="382" sc="0" el="382" ec="0" bec="0" bev="0" fileid="134" />
              </SequencePoints>
              <BranchPoints />
            </Method>
            <Method visited="false" cyclomaticComplexity="0" nPathComplexity="0" sequenceCoverage="0.0" branchCoverage="0" crapScore="0" isConstructor="false" isStatic="false" isGetter="false" isSetter="false">
              <Summary numSequencePoints="6" visitedSequencePoints="0" numBranchPoints="0" visitedBranchPoints="0" sequenceCoverage="0.0" branchCoverage="0" maxCyclomaticComplexity="0" minCyclomaticComplexity="0" maxCrapScore="0" minCrapScore="0" visitedClasses="0" numClasses="0" visitedMethods="0" numMethods="1" />
              <MetadataToken>100663315</MetadataToken>
              <Name>T Fusion.NetworkAssetSourceStatic[T]::WaitForResult()</Name>
              <FileRef uid="134" />
              <SequencePoints>
                <SequencePoint vc="0" uspid="38309" ordinal="0" offset="0" sl="387" sc="0" el="387" ec="0" bec="0" bev="0" fileid="134" />
                <SequencePoint vc="0" uspid="38310" ordinal="0" offset="1" sl="388" sc="0" el="388" ec="0" bec="0" bev="0" fileid="134" />
                <SequencePoint vc="0" uspid="38311" ordinal="0" offset="22" sl="388" sc="0" el="388" ec="0" bec="0" bev="0" fileid="134" />
                <SequencePoint vc="0" uspid="38312" ordinal="0" offset="23" sl="389" sc="0" el="389" ec="0" bec="0" bev="0" fileid="134" />
                <SequencePoint vc="0" uspid="38313" ordinal="0" offset="34" sl="392" sc="0" el="392" ec="0" bec="0" bev="0" fileid="134" />
                <SequencePoint vc="0" uspid="38314" ordinal="0" offset="43" sl="393" sc="0" el="393" ec="0" bec="0" bev="0" fileid="134" />
              </SequencePoints>
              <BranchPoints />
            </Method>
            <Method visited="false" cyclomaticComplexity="0" nPathComplexity="0" sequenceCoverage="0.0" branchCoverage="0" crapScore="0" isConstructor="false" isStatic="false" isGetter="true" isSetter="false">
              <Summary numSequencePoints="10" visitedSequencePoints="0" numBranchPoints="0" visitedBranchPoints="0" sequenceCoverage="0.0" branchCoverage="0" maxCyclomaticComplexity="0" minCyclomaticComplexity="0" maxCrapScore="0" minCrapScore="0" visitedClasses="0" numClasses="0" visitedMethods="0" numMethods="1" />
              <MetadataToken>100663316</MetadataToken>
              <Name>System.String Fusion.NetworkAssetSourceStatic[T]::get_Description()</Name>
              <FileRef uid="134" />
              <SequencePoints>
                <SequencePoint vc="0" uspid="38315" ordinal="0" offset="0" sl="397" sc="0" el="397" ec="0" bec="0" bev="0" fileid="134" />
                <SequencePoint vc="0" uspid="38316" ordinal="0" offset="1" sl="398" sc="0" el="398" ec="0" bec="0" bev="0" fileid="134" />
                <SequencePoint vc="0" uspid="38317" ordinal="0" offset="21" sl="398" sc="0" el="398" ec="0" bec="0" bev="0" fileid="134" />
                <SequencePoint vc="0" uspid="38318" ordinal="0" offset="22" sl="400" sc="0" el="400" ec="0" bec="0" bev="0" fileid="134" />
                <SequencePoint vc="0" uspid="38319" ordinal="0" offset="46" sl="400" sc="0" el="400" ec="0" bec="0" bev="0" fileid="134" />
                <SequencePoint vc="0" uspid="38320" ordinal="0" offset="47" sl="401" sc="0" el="401" ec="0" bec="0" bev="0" fileid="134" />
                <SequencePoint vc="0" uspid="38321" ordinal="0" offset="68" sl="404" sc="0" el="404" ec="0" bec="0" bev="0" fileid="134" />
                <SequencePoint vc="0" uspid="38322" ordinal="0" offset="105" sl="405" sc="0" el="405" ec="0" bec="0" bev="0" fileid="134" />
                <SequencePoint vc="0" uspid="38323" ordinal="0" offset="106" sl="406" sc="0" el="406" ec="0" bec="0" bev="0" fileid="134" />
                <SequencePoint vc="0" uspid="38324" ordinal="0" offset="115" sl="408" sc="0" el="408" ec="0" bec="0" bev="0" fileid="134" />
              </SequencePoints>
              <BranchPoints />
            </Method>
            <Method visited="false" cyclomaticComplexity="0" nPathComplexity="0" sequenceCoverage="0.0" branchCoverage="0" crapScore="0" isConstructor="false" isStatic="false" isGetter="true" isSetter="false">
              <Summary numSequencePoints="1" visitedSequencePoints="0" numBranchPoints="0" visitedBranchPoints="0" sequenceCoverage="0.0" branchCoverage="0" maxCyclomaticComplexity="0" minCyclomaticComplexity="0" maxCrapScore="0" minCrapScore="0" visitedClasses="0" numClasses="0" visitedMethods="0" numMethods="1" />
              <MetadataToken>100663317</MetadataToken>
              <Name>T Fusion.NetworkAssetSourceStatic[T]::get_EditorInstance()</Name>
              <FileRef uid="134" />
              <SequencePoints>
                <SequencePoint vc="0" uspid="38325" ordinal="0" offset="0" sl="415" sc="0" el="415" ec="0" bec="0" bev="0" fileid="134" />
              </SequencePoints>
              <BranchPoints />
            </Method>
          </Methods>
        </Class>
        <Class>
          <Summary numSequencePoints="27" visitedSequencePoints="0" numBranchPoints="0" visitedBranchPoints="0" sequenceCoverage="0.0" branchCoverage="0.0" maxCyclomaticComplexity="0" minCyclomaticComplexity="0" maxCrapScore="0" minCrapScore="0" visitedClasses="0" numClasses="1" visitedMethods="0" numMethods="8" />
          <FullName>Fusion.NetworkAssetSourceStaticLazy[T]</FullName>
          <Methods>
            <Method visited="false" cyclomaticComplexity="0" nPathComplexity="0" sequenceCoverage="0.0" branchCoverage="0" crapScore="0" isConstructor="false" isStatic="false" isGetter="true" isSetter="false">
              <Summary numSequencePoints="1" visitedSequencePoints="0" numBranchPoints="0" visitedBranchPoints="0" sequenceCoverage="0.0" branchCoverage="0" maxCyclomaticComplexity="0" minCyclomaticComplexity="0" maxCrapScore="0" minCrapScore="0" visitedClasses="0" numClasses="0" visitedMethods="0" numMethods="1" />
              <MetadataToken>100663319</MetadataToken>
              <Name>UnityEngine.LazyLoadReference[T] Fusion.NetworkAssetSourceStaticLazy[T]::get_Prefab()</Name>
              <FileRef uid="134" />
              <SequencePoints>
                <SequencePoint vc="0" uspid="38326" ordinal="0" offset="0" sl="448" sc="0" el="448" ec="0" bec="0" bev="0" fileid="134" />
              </SequencePoints>
              <BranchPoints />
            </Method>
            <Method visited="false" cyclomaticComplexity="0" nPathComplexity="0" sequenceCoverage="0.0" branchCoverage="0" crapScore="0" isConstructor="false" isStatic="false" isGetter="false" isSetter="true">
              <Summary numSequencePoints="1" visitedSequencePoints="0" numBranchPoints="0" visitedBranchPoints="0" sequenceCoverage="0.0" branchCoverage="0" maxCyclomaticComplexity="0" minCyclomaticComplexity="0" maxCrapScore="0" minCrapScore="0" visitedClasses="0" numClasses="0" visitedMethods="0" numMethods="1" />
              <MetadataToken>100663320</MetadataToken>
              <Name>System.Void Fusion.NetworkAssetSourceStaticLazy[T]::set_Prefab(UnityEngine.LazyLoadReference[T])</Name>
              <FileRef uid="134" />
              <SequencePoints>
                <SequencePoint vc="0" uspid="38327" ordinal="0" offset="0" sl="449" sc="0" el="449" ec="0" bec="0" bev="0" fileid="134" />
              </SequencePoints>
              <BranchPoints />
            </Method>
            <Method visited="false" cyclomaticComplexity="0" nPathComplexity="0" sequenceCoverage="0.0" branchCoverage="0" crapScore="0" isConstructor="false" isStatic="false" isGetter="true" isSetter="false">
              <Summary numSequencePoints="1" visitedSequencePoints="0" numBranchPoints="0" visitedBranchPoints="0" sequenceCoverage="0.0" branchCoverage="0" maxCyclomaticComplexity="0" minCyclomaticComplexity="0" maxCrapScore="0" minCrapScore="0" visitedClasses="0" numClasses="0" visitedMethods="0" numMethods="1" />
              <MetadataToken>100663321</MetadataToken>
              <Name>System.Boolean Fusion.NetworkAssetSourceStaticLazy[T]::get_IsCompleted()</Name>
              <FileRef uid="134" />
              <SequencePoints>
                <SequencePoint vc="0" uspid="38328" ordinal="0" offset="0" sl="453" sc="0" el="453" ec="0" bec="0" bev="0" fileid="134" />
              </SequencePoints>
              <BranchPoints />
            </Method>
            <Method visited="false" cyclomaticComplexity="0" nPathComplexity="0" sequenceCoverage="0.0" branchCoverage="0" crapScore="0" isConstructor="false" isStatic="false" isGetter="false" isSetter="false">
              <Summary numSequencePoints="2" visitedSequencePoints="0" numBranchPoints="0" visitedBranchPoints="0" sequenceCoverage="0.0" branchCoverage="0" maxCyclomaticComplexity="0" minCyclomaticComplexity="0" maxCrapScore="0" minCrapScore="0" visitedClasses="0" numClasses="0" visitedMethods="0" numMethods="1" />
              <MetadataToken>100663322</MetadataToken>
              <Name>System.Void Fusion.NetworkAssetSourceStaticLazy[T]::Acquire(System.Boolean)</Name>
              <FileRef uid="134" />
              <SequencePoints>
                <SequencePoint vc="0" uspid="38329" ordinal="0" offset="0" sl="456" sc="0" el="456" ec="0" bec="0" bev="0" fileid="134" />
                <SequencePoint vc="0" uspid="38330" ordinal="0" offset="1" sl="458" sc="0" el="458" ec="0" bec="0" bev="0" fileid="134" />
              </SequencePoints>
              <BranchPoints />
            </Method>
            <Method visited="false" cyclomaticComplexity="0" nPathComplexity="0" sequenceCoverage="0.0" branchCoverage="0" crapScore="0" isConstructor="false" isStatic="false" isGetter="false" isSetter="false">
              <Summary numSequencePoints="2" visitedSequencePoints="0" numBranchPoints="0" visitedBranchPoints="0" sequenceCoverage="0.0" branchCoverage="0" maxCyclomaticComplexity="0" minCyclomaticComplexity="0" maxCrapScore="0" minCrapScore="0" visitedClasses="0" numClasses="0" visitedMethods="0" numMethods="1" />
              <MetadataToken>100663323</MetadataToken>
              <Name>System.Void Fusion.NetworkAssetSourceStaticLazy[T]::Release()</Name>
              <FileRef uid="134" />
              <SequencePoints>
                <SequencePoint vc="0" uspid="38331" ordinal="0" offset="0" sl="461" sc="0" el="461" ec="0" bec="0" bev="0" fileid="134" />
                <SequencePoint vc="0" uspid="38332" ordinal="0" offset="1" sl="463" sc="0" el="463" ec="0" bec="0" bev="0" fileid="134" />
              </SequencePoints>
              <BranchPoints />
            </Method>
            <Method visited="false" cyclomaticComplexity="0" nPathComplexity="0" sequenceCoverage="0.0" branchCoverage="0" crapScore="0" isConstructor="false" isStatic="false" isGetter="false" isSetter="false">
              <Summary numSequencePoints="6" visitedSequencePoints="0" numBranchPoints="0" visitedBranchPoints="0" sequenceCoverage="0.0" branchCoverage="0" maxCyclomaticComplexity="0" minCyclomaticComplexity="0" maxCrapScore="0" minCrapScore="0" visitedClasses="0" numClasses="0" visitedMethods="0" numMethods="1" />
              <MetadataToken>100663324</MetadataToken>
              <Name>T Fusion.NetworkAssetSourceStaticLazy[T]::WaitForResult()</Name>
              <FileRef uid="134" />
              <SequencePoints>
                <SequencePoint vc="0" uspid="38333" ordinal="0" offset="0" sl="466" sc="0" el="466" ec="0" bec="0" bev="0" fileid="134" />
                <SequencePoint vc="0" uspid="38334" ordinal="0" offset="1" sl="467" sc="0" el="467" ec="0" bec="0" bev="0" fileid="134" />
                <SequencePoint vc="0" uspid="38335" ordinal="0" offset="27" sl="467" sc="0" el="467" ec="0" bec="0" bev="0" fileid="134" />
                <SequencePoint vc="0" uspid="38336" ordinal="0" offset="28" sl="468" sc="0" el="468" ec="0" bec="0" bev="0" fileid="134" />
                <SequencePoint vc="0" uspid="38337" ordinal="0" offset="39" sl="471" sc="0" el="471" ec="0" bec="0" bev="0" fileid="134" />
                <SequencePoint vc="0" uspid="38338" ordinal="0" offset="53" sl="472" sc="0" el="472" ec="0" bec="0" bev="0" fileid="134" />
              </SequencePoints>
              <BranchPoints />
            </Method>
            <Method visited="false" cyclomaticComplexity="0" nPathComplexity="0" sequenceCoverage="0.0" branchCoverage="0" crapScore="0" isConstructor="false" isStatic="false" isGetter="true" isSetter="false">
              <Summary numSequencePoints="13" visitedSequencePoints="0" numBranchPoints="0" visitedBranchPoints="0" sequenceCoverage="0.0" branchCoverage="0" maxCyclomaticComplexity="0" minCyclomaticComplexity="0" maxCrapScore="0" minCrapScore="0" visitedClasses="0" numClasses="0" visitedMethods="0" numMethods="1" />
              <MetadataToken>100663325</MetadataToken>
              <Name>System.String Fusion.NetworkAssetSourceStaticLazy[T]::get_Description()</Name>
              <FileRef uid="134" />
              <SequencePoints>
                <SequencePoint vc="0" uspid="38339" ordinal="0" offset="0" sl="476" sc="0" el="476" ec="0" bec="0" bev="0" fileid="134" />
                <SequencePoint vc="0" uspid="38340" ordinal="0" offset="1" sl="477" sc="0" el="477" ec="0" bec="0" bev="0" fileid="134" />
                <SequencePoint vc="0" uspid="38341" ordinal="0" offset="16" sl="477" sc="0" el="477" ec="0" bec="0" bev="0" fileid="134" />
                <SequencePoint vc="0" uspid="38342" ordinal="0" offset="17" sl="478" sc="0" el="478" ec="0" bec="0" bev="0" fileid="134" />
                <SequencePoint vc="0" uspid="38343" ordinal="0" offset="25" sl="479" sc="0" el="479" ec="0" bec="0" bev="0" fileid="134" />
                <SequencePoint vc="0" uspid="38344" ordinal="0" offset="40" sl="479" sc="0" el="479" ec="0" bec="0" bev="0" fileid="134" />
                <SequencePoint vc="0" uspid="38345" ordinal="0" offset="41" sl="481" sc="0" el="481" ec="0" bec="0" bev="0" fileid="134" />
                <SequencePoint vc="0" uspid="38346" ordinal="0" offset="67" sl="481" sc="0" el="481" ec="0" bec="0" bev="0" fileid="134" />
                <SequencePoint vc="0" uspid="38347" ordinal="0" offset="68" sl="482" sc="0" el="482" ec="0" bec="0" bev="0" fileid="134" />
                <SequencePoint vc="0" uspid="38348" ordinal="0" offset="89" sl="485" sc="0" el="485" ec="0" bec="0" bev="0" fileid="134" />
                <SequencePoint vc="0" uspid="38349" ordinal="0" offset="130" sl="486" sc="0" el="486" ec="0" bec="0" bev="0" fileid="134" />
                <SequencePoint vc="0" uspid="38350" ordinal="0" offset="131" sl="487" sc="0" el="487" ec="0" bec="0" bev="0" fileid="134" />
                <SequencePoint vc="0" uspid="38351" ordinal="0" offset="139" sl="489" sc="0" el="489" ec="0" bec="0" bev="0" fileid="134" />
              </SequencePoints>
              <BranchPoints />
            </Method>
            <Method visited="false" cyclomaticComplexity="0" nPathComplexity="0" sequenceCoverage="0.0" branchCoverage="0" crapScore="0" isConstructor="false" isStatic="false" isGetter="true" isSetter="false">
              <Summary numSequencePoints="1" visitedSequencePoints="0" numBranchPoints="0" visitedBranchPoints="0" sequenceCoverage="0.0" branchCoverage="0" maxCyclomaticComplexity="0" minCyclomaticComplexity="0" maxCrapScore="0" minCrapScore="0" visitedClasses="0" numClasses="0" visitedMethods="0" numMethods="1" />
              <MetadataToken>100663326</MetadataToken>
              <Name>T Fusion.NetworkAssetSourceStaticLazy[T]::get_EditorInstance()</Name>
              <FileRef uid="134" />
              <SequencePoints>
                <SequencePoint vc="0" uspid="38352" ordinal="0" offset="0" sl="494" sc="0" el="494" ec="0" bec="0" bev="0" fileid="134" />
              </SequencePoints>
              <BranchPoints />
            </Method>
          </Methods>
        </Class>
        <Class>
          <Summary numSequencePoints="16" visitedSequencePoints="0" numBranchPoints="0" visitedBranchPoints="0" sequenceCoverage="0.0" branchCoverage="0.0" maxCyclomaticComplexity="0" minCyclomaticComplexity="0" maxCrapScore="0" minCrapScore="0" visitedClasses="0" numClasses="1" visitedMethods="0" numMethods="1" />
          <FullName>Fusion.JsonUtilityExtensions</FullName>
          <Methods>
            <Method visited="false" cyclomaticComplexity="0" nPathComplexity="0" sequenceCoverage="0.0" branchCoverage="0" crapScore="0" isConstructor="false" isStatic="true" isGetter="false" isSetter="false">
              <Summary numSequencePoints="16" visitedSequencePoints="0" numBranchPoints="0" visitedBranchPoints="0" sequenceCoverage="0.0" branchCoverage="0" maxCyclomaticComplexity="0" minCyclomaticComplexity="0" maxCrapScore="0" minCrapScore="0" visitedClasses="0" numClasses="0" visitedMethods="0" numMethods="1" />
              <MetadataToken>100663360</MetadataToken>
              <Name>static T Fusion.JsonUtilityExtensions::FromJsonWithTypeAnnotation[T](System.String, Fusion.JsonUtilityExtensions/TypeResolverDelegate)</Name>
              <FileRef uid="134" />
              <SequencePoints>
                <SequencePoint vc="0" uspid="38646" ordinal="0" offset="0" sl="1110" sc="0" el="1110" ec="0" bec="0" bev="0" fileid="134" />
                <SequencePoint vc="0" uspid="38647" ordinal="0" offset="1" sl="1111" sc="0" el="1111" ec="0" bec="0" bev="0" fileid="134" />
                <SequencePoint vc="0" uspid="38648" ordinal="0" offset="20" sl="1111" sc="0" el="1111" ec="0" bec="0" bev="0" fileid="134" />
                <SequencePoint vc="0" uspid="38649" ordinal="0" offset="21" sl="1112" sc="0" el="1112" ec="0" bec="0" bev="0" fileid="134" />
                <SequencePoint vc="0" uspid="38650" ordinal="0" offset="61" sl="1113" sc="0" el="1113" ec="0" bec="0" bev="0" fileid="134" />
                <SequencePoint vc="0" uspid="38651" ordinal="0" offset="73" sl="1114" sc="0" el="1114" ec="0" bec="0" bev="0" fileid="134" />
                <SequencePoint vc="0" uspid="38652" ordinal="0" offset="82" sl="1116" sc="0" el="1116" ec="0" bec="0" bev="0" fileid="134" />
                <SequencePoint vc="0" uspid="38653" ordinal="0" offset="109" sl="1117" sc="0" el="1117" ec="0" bec="0" bev="0" fileid="134" />
                <SequencePoint vc="0" uspid="38654" ordinal="0" offset="118" sl="1118" sc="0" el="1118" ec="0" bec="0" bev="0" fileid="134" />
                <SequencePoint vc="0" uspid="38655" ordinal="0" offset="128" sl="1121" sc="0" el="1121" ec="0" bec="0" bev="0" fileid="134" />
                <SequencePoint vc="0" uspid="38656" ordinal="0" offset="170" sl="1121" sc="0" el="1121" ec="0" bec="0" bev="0" fileid="134" />
                <SequencePoint vc="0" uspid="38657" ordinal="0" offset="171" sl="1122" sc="0" el="1122" ec="0" bec="0" bev="0" fileid="134" />
                <SequencePoint vc="0" uspid="38658" ordinal="0" offset="193" sl="1123" sc="0" el="1123" ec="0" bec="0" bev="0" fileid="134" />
                <SequencePoint vc="0" uspid="38659" ordinal="0" offset="203" sl="1124" sc="0" el="1124" ec="0" bec="0" bev="0" fileid="134" />
                <SequencePoint vc="0" uspid="38660" ordinal="0" offset="214" sl="1127" sc="0" el="1127" ec="0" bec="0" bev="0" fileid="134" />
                <SequencePoint vc="0" uspid="38661" ordinal="0" offset="231" sl="1128" sc="0" el="1128" ec="0" bec="0" bev="0" fileid="134" />
              </SequencePoints>
              <BranchPoints />
            </Method>
          </Methods>
        </Class>
        <Class>
          <Summary numSequencePoints="5" visitedSequencePoints="0" numBranchPoints="0" visitedBranchPoints="0" sequenceCoverage="0.0" branchCoverage="0.0" maxCyclomaticComplexity="0" minCyclomaticComplexity="0" maxCrapScore="0" minCrapScore="0" visitedClasses="0" numClasses="1" visitedMethods="0" numMethods="2" />
          <FullName>Fusion.FusionMppm</FullName>
          <Methods>
            <Method visited="false" cyclomaticComplexity="0" nPathComplexity="0" sequenceCoverage="0.0" branchCoverage="0" crapScore="0" isConstructor="false" isStatic="false" isGetter="false" isSetter="false">
              <Summary numSequencePoints="2" visitedSequencePoints="0" numBranchPoints="0" visitedBranchPoints="0" sequenceCoverage="0.0" branchCoverage="0" maxCyclomaticComplexity="0" minCyclomaticComplexity="0" maxCrapScore="0" minCrapScore="0" visitedClasses="0" numClasses="0" visitedMethods="0" numMethods="1" />
              <MetadataToken>100663369</MetadataToken>
              <Name>System.Void Fusion.FusionMppm::Send[T](T)</Name>
              <FileRef uid="134" />
              <SequencePoints>
                <SequencePoint vc="0" uspid="38859" ordinal="0" offset="0" sl="1684" sc="0" el="1684" ec="0" bec="0" bev="0" fileid="134" />
                <SequencePoint vc="0" uspid="38860" ordinal="0" offset="1" sl="1689" sc="0" el="1689" ec="0" bec="0" bev="0" fileid="134" />
              </SequencePoints>
              <BranchPoints />
            </Method>
            <Method visited="false" cyclomaticComplexity="0" nPathComplexity="0" sequenceCoverage="0.0" branchCoverage="0" crapScore="0" isConstructor="false" isStatic="true" isGetter="false" isSetter="false">
              <Summary numSequencePoints="3" visitedSequencePoints="0" numBranchPoints="0" visitedBranchPoints="0" sequenceCoverage="0.0" branchCoverage="0" maxCyclomaticComplexity="0" minCyclomaticComplexity="0" maxCrapScore="0" minCrapScore="0" visitedClasses="0" numClasses="0" visitedMethods="0" numMethods="1" />
              <MetadataToken>100663370</MetadataToken>
              <Name>static System.Void Fusion.FusionMppm::Broadcast[T](T)</Name>
              <FileRef uid="134" />
              <SequencePoints>
                <SequencePoint vc="0" uspid="38861" ordinal="0" offset="0" sl="1703" sc="0" el="1703" ec="0" bec="0" bev="0" fileid="134" />
[...]
              <FileRef uid="182" />
              <SequencePoints>
                <SequencePoint vc="0" uspid="58112" ordinal="0" offset="0" sl="6190" sc="0" el="6190" ec="0" bec="0" bev="0" fileid="182" />
                <SequencePoint vc="0" uspid="58113" ordinal="0" offset="1" sl="6191" sc="0" el="6191" ec="0" bec="0" bev="0" fileid="182" />
                <SequencePoint vc="0" uspid="58114" ordinal="0" offset="13" sl="6192" sc="0" el="6192" ec="0" bec="0" bev="0" fileid="182" />
                <SequencePoint vc="0" uspid="58115" ordinal="0" offset="25" sl="6193" sc="0" el="6193" ec="0" bec="0" bev="0" fileid="182" />
                <SequencePoint vc="0" uspid="58116" ordinal="0" offset="33" sl="6194" sc="0" el="6194" ec="0" bec="0" bev="0" fileid="182" />
                <SequencePoint vc="0" uspid="58117" ordinal="0" offset="41" sl="6195" sc="0" el="6195" ec="0" bec="0" bev="0" fileid="182" />
                <SequencePoint vc="0" uspid="58118" ordinal="0" offset="45" sl="6196" sc="0" el="6196" ec="0" bec="0" bev="0" fileid="182" />
              </SequencePoints>
              <BranchPoints />
            </Method>
            <Method visited="false" cyclomaticComplexity="0" nPathComplexity="0" sequenceCoverage="0.0" branchCoverage="0" crapScore="0" isConstructor="false" isStatic="true" isGetter="false" isSetter="false">
              <Summary numSequencePoints="11" visitedSequencePoints="0" numBranchPoints="0" visitedBranchPoints="0" sequenceCoverage="0.0" branchCoverage="0" maxCyclomaticComplexity="0" minCyclomaticComplexity="0" maxCrapScore="0" minCrapScore="0" visitedClasses="0" numClasses="0" visitedMethods="0" numMethods="1" />
              <MetadataToken>100663687</MetadataToken>
              <Name>static Mono.Cecil.MethodReference Fusion.CodeGen.MonoCecilExtensions::ImportMethod[TResult](Mono.Cecil.ModuleDefinition, System.Linq.Expressions.Expression[Func`1], Mono.Cecil.TypeReference)</Name>
              <FileRef uid="182" />
              <SequencePoints>
                <SequencePoint vc="0" uspid="58119" ordinal="0" offset="0" sl="6198" sc="0" el="6198" ec="0" bec="0" bev="0" fileid="182" />
                <SequencePoint vc="0" uspid="58120" ordinal="0" offset="1" sl="6200" sc="0" el="6200" ec="0" bec="0" bev="0" fileid="182" />
                <SequencePoint vc="0" uspid="58121" ordinal="0" offset="39" sl="6202" sc="0" el="6202" ec="0" bec="0" bev="0" fileid="182" />
                <SequencePoint vc="0" uspid="58122" ordinal="0" offset="46" sl="6203" sc="0" el="6203" ec="0" bec="0" bev="0" fileid="182" />
                <SequencePoint vc="0" uspid="58123" ordinal="0" offset="50" sl="6205" sc="0" el="6205" ec="0" bec="0" bev="0" fileid="182" />
                <SequencePoint vc="0" uspid="58124" ordinal="0" offset="57" sl="6206" sc="0" el="6206" ec="0" bec="0" bev="0" fileid="182" />
                <SequencePoint vc="0" uspid="58125" ordinal="0" offset="59" sl="6208" sc="0" el="6208" ec="0" bec="0" bev="0" fileid="182" />
                <SequencePoint vc="0" uspid="58126" ordinal="0" offset="86" sl="6211" sc="0" el="6211" ec="0" bec="0" bev="0" fileid="182" />
                <SequencePoint vc="0" uspid="58127" ordinal="0" offset="94" sl="6212" sc="0" el="6212" ec="0" bec="0" bev="0" fileid="182" />
                <SequencePoint vc="0" uspid="58128" ordinal="0" offset="102" sl="6213" sc="0" el="6213" ec="0" bec="0" bev="0" fileid="182" />
                <SequencePoint vc="0" uspid="58129" ordinal="0" offset="107" sl="6214" sc="0" el="6214" ec="0" bec="0" bev="0" fileid="182" />
              </SequencePoints>
              <BranchPoints />
            </Method>
            <Method visited="false" cyclomaticComplexity="0" nPathComplexity="0" sequenceCoverage="0.0" branchCoverage="0" crapScore="0" isConstructor="false" isStatic="true" isGetter="false" isSetter="false">
              <Summary numSequencePoints="6" visitedSequencePoints="0" numBranchPoints="0" visitedBranchPoints="0" sequenceCoverage="0.0" branchCoverage="0" maxCyclomaticComplexity="0" minCyclomaticComplexity="0" maxCrapScore="0" minCrapScore="0" visitedClasses="0" numClasses="0" visitedMethods="0" numMethods="1" />
              <MetadataToken>100663688</MetadataToken>
              <Name>static Mono.Cecil.MethodReference Fusion.CodeGen.MonoCecilExtensions::ImportMethod[T, TResult](Mono.Cecil.ModuleDefinition, System.Linq.Expressions.Expression[Func`2], Mono.Cecil.TypeReference)</Name>
              <FileRef uid="182" />
              <SequencePoints>
                <SequencePoint vc="0" uspid="58130" ordinal="0" offset="0" sl="6216" sc="0" el="6216" ec="0" bec="0" bev="0" fileid="182" />
                <SequencePoint vc="0" uspid="58131" ordinal="0" offset="1" sl="6217" sc="0" el="6217" ec="0" bec="0" bev="0" fileid="182" />
                <SequencePoint vc="0" uspid="58132" ordinal="0" offset="13" sl="6218" sc="0" el="6218" ec="0" bec="0" bev="0" fileid="182" />
                <SequencePoint vc="0" uspid="58133" ordinal="0" offset="26" sl="6219" sc="0" el="6219" ec="0" bec="0" bev="0" fileid="182" />
                <SequencePoint vc="0" uspid="58134" ordinal="0" offset="34" sl="6220" sc="0" el="6220" ec="0" bec="0" bev="0" fileid="182" />
                <SequencePoint vc="0" uspid="58135" ordinal="0" offset="38" sl="6221" sc="0" el="6221" ec="0" bec="0" bev="0" fileid="182" />
              </SequencePoints>
              <BranchPoints />
            </Method>
            <Method visited="false" cyclomaticComplexity="0" nPathComplexity="0" sequenceCoverage="0.0" branchCoverage="0" crapScore="0" isConstructor="false" isStatic="true" isGetter="false" isSetter="false">
              <Summary numSequencePoints="6" visitedSequencePoints="0" numBranchPoints="0" visitedBranchPoints="0" sequenceCoverage="0.0" branchCoverage="0" maxCyclomaticComplexity="0" minCyclomaticComplexity="0" maxCrapScore="0" minCrapScore="0" visitedClasses="0" numClasses="0" visitedMethods="0" numMethods="1" />
              <MetadataToken>100663689</MetadataToken>
              <Name>static Mono.Cecil.MethodReference Fusion.CodeGen.MonoCecilExtensions::ImportMethod[T](Mono.Cecil.ModuleDefinition, System.Linq.Expressions.Expression[Action`1], Mono.Cecil.TypeReference)</Name>
              <FileRef uid="182" />
              <SequencePoints>
                <SequencePoint vc="0" uspid="58136" ordinal="0" offset="0" sl="6223" sc="0" el="6223" ec="0" bec="0" bev="0" fileid="182" />
                <SequencePoint vc="0" uspid="58137" ordinal="0" offset="1" sl="6224" sc="0" el="6224" ec="0" bec="0" bev="0" fileid="182" />
                <SequencePoint vc="0" uspid="58138" ordinal="0" offset="13" sl="6225" sc="0" el="6225" ec="0" bec="0" bev="0" fileid="182" />
                <SequencePoint vc="0" uspid="58139" ordinal="0" offset="26" sl="6226" sc="0" el="6226" ec="0" bec="0" bev="0" fileid="182" />
                <SequencePoint vc="0" uspid="58140" ordinal="0" offset="34" sl="6227" sc="0" el="6227" ec="0" bec="0" bev="0" fileid="182" />
                <SequencePoint vc="0" uspid="58141" ordinal="0" offset="38" sl="6228" sc="0" el="6228" ec="0" bec="0" bev="0" fileid="182" />
              </SequencePoints>
              <BranchPoints />
            </Method>
            <Method visited="false" cyclomaticComplexity="0" nPathComplexity="0" sequenceCoverage="0.0" branchCoverage="0" crapScore="0" isConstructor="false" isStatic="true" isGetter="false" isSetter="false">
              <Summary numSequencePoints="3" visitedSequencePoints="0" numBranchPoints="0" visitedBranchPoints="0" sequenceCoverage="0.0" branchCoverage="0" maxCyclomaticComplexity="0" minCyclomaticComplexity="0" maxCrapScore="0" minCrapScore="0" visitedClasses="0" numClasses="0" visitedMethods="0" numMethods="1" />
              <MetadataToken>100663692</MetadataToken>
              <Name>static Mono.Cecil.TypeReference Fusion.CodeGen.MonoCecilExtensions::ImportType[T](Mono.Cecil.ModuleDefinition)</Name>
              <FileRef uid="182" />
              <SequencePoints>
                <SequencePoint vc="0" uspid="58179" ordinal="0" offset="0" sl="6269" sc="0" el="6269" ec="0" bec="0" bev="0" fileid="182" />
                <SequencePoint vc="0" uspid="58180" ordinal="0" offset="1" sl="6270" sc="0" el="6270" ec="0" bec="0" bev="0" fileid="182" />
                <SequencePoint vc="0" uspid="58181" ordinal="0" offset="20" sl="6271" sc="0" el="6271" ec="0" bec="0" bev="0" fileid="182" />
              </SequencePoints>
              <BranchPoints />
            </Method>
          </Methods>
        </Class>
        <Class>
          <Summary numSequencePoints="18" visitedSequencePoints="0" numBranchPoints="0" visitedBranchPoints="0" sequenceCoverage="0.0" branchCoverage="0.0" maxCyclomaticComplexity="0" minCyclomaticComplexity="0" maxCrapScore="0" minCrapScore="0" visitedClasses="0" numClasses="1" visitedMethods="0" numMethods="3" />
          <FullName>Fusion.CodeGen.NetworkTypeInfoRegistry</FullName>
          <Methods>
            <Method visited="false" cyclomaticComplexity="0" nPathComplexity="0" sequenceCoverage="0.0" branchCoverage="0" crapScore="0" isConstructor="false" isStatic="false" isGetter="false" isSetter="false">
              <Summary numSequencePoints="1" visitedSequencePoints="0" numBranchPoints="0" visitedBranchPoints="0" sequenceCoverage="0.0" branchCoverage="0" maxCyclomaticComplexity="0" minCyclomaticComplexity="0" maxCrapScore="0" minCrapScore="0" visitedClasses="0" numClasses="0" visitedMethods="0" numMethods="1" />
              <MetadataToken>100663729</MetadataToken>
              <Name>Fusion.CodeGen.NetworkTypeInfo Fusion.CodeGen.NetworkTypeInfoRegistry::GetInfo[T]()</Name>
              <FileRef uid="182" />
              <SequencePoints>
                <SequencePoint vc="0" uspid="58426" ordinal="0" offset="0" sl="6659" sc="0" el="6659" ec="0" bec="0" bev="0" fileid="182" />
              </SequencePoints>
              <BranchPoints />
            </Method>
            <Method visited="false" cyclomaticComplexity="0" nPathComplexity="0" sequenceCoverage="0.0" branchCoverage="0" crapScore="0" isConstructor="false" isStatic="false" isGetter="false" isSetter="false">
              <Summary numSequencePoints="14" visitedSequencePoints="0" numBranchPoints="0" visitedBranchPoints="0" sequenceCoverage="0.0" branchCoverage="0" maxCyclomaticComplexity="0" minCyclomaticComplexity="0" maxCrapScore="0" minCrapScore="0" visitedClasses="0" numClasses="0" visitedMethods="0" numMethods="1" />
              <MetadataToken>100663741</MetadataToken>
              <Name>System.Void Fusion.CodeGen.NetworkTypeInfoRegistry::AddBuiltInType[T](Mono.Cecil.MethodReference, Mono.Cecil.MethodReference, System.Boolean)</Name>
              <FileRef uid="182" />
              <SequencePoints>
                <SequencePoint vc="0" uspid="58590" ordinal="0" offset="20" sl="7070" sc="0" el="7070" ec="0" bec="0" bev="0" fileid="182" />
                <SequencePoint vc="0" uspid="58591" ordinal="0" offset="21" sl="7072" sc="0" el="7072" ec="0" bec="0" bev="0" fileid="182" />
                <SequencePoint vc="0" uspid="58592" ordinal="0" offset="43" sl="7074" sc="0" el="7074" ec="0" bec="0" bev="0" fileid="182" />
                <SequencePoint vc="0" uspid="58593" ordinal="0" offset="50" sl="7075" sc="0" el="7075" ec="0" bec="0" bev="0" fileid="182" />
                <SequencePoint vc="0" uspid="58594" ordinal="0" offset="65" sl="7077" sc="0" el="7077" ec="0" bec="0" bev="0" fileid="182" />
                <SequencePoint vc="0" uspid="58595" ordinal="0" offset="78" sl="7077" sc="0" el="7077" ec="0" bec="0" bev="0" fileid="182" />
                <SequencePoint vc="0" uspid="58596" ordinal="0" offset="79" sl="7078" sc="0" el="7078" ec="0" bec="0" bev="0" fileid="182" />
                <SequencePoint vc="0" uspid="58597" ordinal="0" offset="102" sl="7079" sc="0" el="7079" ec="0" bec="0" bev="0" fileid="182" />
                <SequencePoint vc="0" uspid="58598" ordinal="0" offset="103" sl="7080" sc="0" el="7080" ec="0" bec="0" bev="0" fileid="182" />
                <SequencePoint vc="0" uspid="58599" ordinal="0" offset="118" sl="7080" sc="0" el="7080" ec="0" bec="0" bev="0" fileid="182" />
                <SequencePoint vc="0" uspid="58600" ordinal="0" offset="119" sl="7081" sc="0" el="7081" ec="0" bec="0" bev="0" fileid="182" />
                <SequencePoint vc="0" uspid="58601" ordinal="0" offset="142" sl="7082" sc="0" el="7082" ec="0" bec="0" bev="0" fileid="182" />
                <SequencePoint vc="0" uspid="58602" ordinal="0" offset="143" sl="7084" sc="0" el="7084" ec="0" bec="0" bev="0" fileid="182" />
                <SequencePoint vc="0" uspid="58603" ordinal="0" offset="225" sl="7098" sc="0" el="7098" ec="0" bec="0" bev="0" fileid="182" />
              </SequencePoints>
              <BranchPoints />
            </Method>
            <Method visited="false" cyclomaticComplexity="0" nPathComplexity="0" sequenceCoverage="0.0" branchCoverage="0" crapScore="0" isConstructor="false" isStatic="false" isGetter="false" isSetter="false">
              <Summary numSequencePoints="3" visitedSequencePoints="0" numBranchPoints="0" visitedBranchPoints="0" sequenceCoverage="0.0" branchCoverage="0" maxCyclomaticComplexity="0" minCyclomaticComplexity="0" maxCrapScore="0" minCrapScore="0" visitedClasses="0" numClasses="0" visitedMethods="0" numMethods="1" />
              <MetadataToken>100663742</MetadataToken>
              <Name>System.Void Fusion.CodeGen.NetworkTypeInfoRegistry::AddUnityType[T]()</Name>
              <FileRef uid="182" />
              <SequencePoints>
                <SequencePoint vc="0" uspid="58604" ordinal="0" offset="0" sl="7101" sc="0" el="7101" ec="0" bec="0" bev="0" fileid="182" />
                <SequencePoint vc="0" uspid="58605" ordinal="0" offset="1" sl="7102" sc="0" el="7102" ec="0" bec="0" bev="0" fileid="182" />
                <SequencePoint vc="0" uspid="58606" ordinal="0" offset="44" sl="7103" sc="0" el="7103" ec="0" bec="0" bev="0" fileid="182" />
              </SequencePoints>
              <BranchPoints />
            </Method>
          </Methods>
        </Class>
        <Class>
          <Summary numSequencePoints="1" visitedSequencePoints="0" numBranchPoints="0" visitedBranchPoints="0" sequenceCoverage="0.0" branchCoverage="0.0" maxCyclomaticComplexity="0" minCyclomaticComplexity="0" maxCrapScore="0" minCrapScore="0" visitedClasses="0" numClasses="1" visitedMethods="0" numMethods="1" />
          <FullName>Fusion.CodeGen.MonoCecilExtensions&lt;&gt;c__DisplayClass11_0[T]</FullName>
          <Methods>
            <Method visited="false" cyclomaticComplexity="0" nPathComplexity="0" sequenceCoverage="0.0" branchCoverage="0" crapScore="0" isConstructor="false" isStatic="false" isGetter="false" isSetter="false">
              <Summary numSequencePoints="1" visitedSequencePoints="0" numBranchPoints="0" visitedBranchPoints="0" sequenceCoverage="0.0" branchCoverage="0" maxCyclomaticComplexity="0" minCyclomaticComplexity="0" maxCrapScore="0" minCrapScore="0" visitedClasses="0" numClasses="0" visitedMethods="0" numMethods="1" />
              <MetadataToken>100663891</MetadataToken>
              <Name>System.Boolean Fusion.CodeGen.MonoCecilExtensions&lt;&gt;c__DisplayClass11_0[T]::&lt;TryGetAttributeProperty&gt;b__0(Mono.Cecil.CustomAttributeNamedArgument)</Name>
              <FileRef uid="182" />
              <SequencePoints>
                <SequencePoint vc="0" uspid="59111" ordinal="0" offset="0" sl="6050" sc="0" el="6050" ec="0" bec="0" bev="0" fileid="182" />
              </SequencePoints>
              <BranchPoints />
            </Method>
          </Methods>
        </Class>
        <Class>
          <Summary numSequencePoints="11" visitedSequencePoints="0" numBranchPoints="0" visitedBranchPoints="0" sequenceCoverage="0.0" branchCoverage="0.0" maxCyclomaticComplexity="0" minCyclomaticComplexity="0" maxCrapScore="0" minCrapScore="0" visitedClasses="0" numClasses="1" visitedMethods="0" numMethods="2" />
          <FullName>Fusion.CodeGen.NetworkTypeInfoRegistry&lt;&gt;c__DisplayClass31_0[T]</FullName>
          <Methods>
            <Method visited="false" cyclomaticComplexity="0" nPathComplexity="0" sequenceCoverage="0.0" branchCoverage="0" crapScore="0" isConstructor="false" isStatic="false" isGetter="false" isSetter="false">
              <Summary numSequencePoints="5" visitedSequencePoints="0" numBranchPoints="0" visitedBranchPoints="0" sequenceCoverage="0.0" branchCoverage="0" maxCyclomaticComplexity="0" minCyclomaticComplexity="0" maxCrapScore="0" minCrapScore="0" visitedClasses="0" numClasses="0" visitedMethods="0" numMethods="1" />
              <MetadataToken>100663969</MetadataToken>
              <Name>System.Void Fusion.CodeGen.NetworkTypeInfoRegistry&lt;&gt;c__DisplayClass31_0[T]::&lt;AddBuiltInType&gt;b__0(Mono.Cecil.ICustomAttributeProvider, Mono.Cecil.Cil.ILProcessor, Fusion.CodeGen.MethodContext)</Name>
              <FileRef uid="182" />
              <SequencePoints>
                <SequencePoint vc="0" uspid="59306" ordinal="0" offset="0" sl="7085" sc="0" el="7085" ec="0" bec="0" bev="0" fileid="182" />
                <SequencePoint vc="0" uspid="59307" ordinal="0" offset="1" sl="7086" sc="0" el="7086" ec="0" bec="0" bev="0" fileid="182" />
                <SequencePoint vc="0" uspid="59308" ordinal="0" offset="17" sl="7087" sc="0" el="7087" ec="0" bec="0" bev="0" fileid="182" />
                <SequencePoint vc="0" uspid="59309" ordinal="0" offset="35" sl="7088" sc="0" el="7088" ec="0" bec="0" bev="0" fileid="182" />
                <SequencePoint vc="0" uspid="59310" ordinal="0" offset="57" sl="7089" sc="0" el="7089" ec="0" bec="0" bev="0" fileid="182" />
              </SequencePoints>
              <BranchPoints />
            </Method>
            <Method visited="false" cyclomaticComplexity="0" nPathComplexity="0" sequenceCoverage="0.0" branchCoverage="0" crapScore="0" isConstructor="false" isStatic="false" isGetter="false" isSetter="false">
              <Summary numSequencePoints="6" visitedSequencePoints="0" numBranchPoints="0" visitedBranchPoints="0" sequenceCoverage="0.0" branchCoverage="0" maxCyclomaticComplexity="0" minCyclomaticComplexity="0" maxCrapScore="0" minCrapScore="0" visitedClasses="0" numClasses="0" visitedMethods="0" numMethods="1" />
              <MetadataToken>100663970</MetadataToken>
              <Name>System.Void Fusion.CodeGen.NetworkTypeInfoRegistry&lt;&gt;c__DisplayClass31_0[T]::&lt;AddBuiltInType&gt;b__1(Mono.Cecil.ICustomAttributeProvider, Mono.Cecil.Cil.ILProcessor, Fusion.CodeGen.MethodContext)</Name>
              <FileRef uid="182" />
              <SequencePoints>
                <SequencePoint vc="0" uspid="59311" ordinal="0" offset="0" sl="7090" sc="0" el="7090" ec="0" bec="0" bev="0" fileid="182" />
                <SequencePoint vc="0" uspid="59312" ordinal="0" offset="1" sl="7091" sc="0" el="7091" ec="0" bec="0" bev="0" fileid="182" />
                <SequencePoint vc="0" uspid="59313" ordinal="0" offset="17" sl="7092" sc="0" el="7092" ec="0" bec="0" bev="0" fileid="182" />
                <SequencePoint vc="0" uspid="59314" ordinal="0" offset="33" sl="7093" sc="0" el="7093" ec="0" bec="0" bev="0" fileid="182" />
                <SequencePoint vc="0" uspid="59315" ordinal="0" offset="51" sl="7094" sc="0" el="7094" ec="0" bec="0" bev="0" fileid="182" />
                <SequencePoint vc="0" uspid="59316" ordinal="0" offset="73" sl="7095" sc="0" el="7095" ec="0" bec="0" bev="0" fileid="182" />
              </SequencePoints>
              <BranchPoints />
            </Method>
          </Methods>
        </Class>
      </Classes>
    </Module>
  </Modules>
</CoverageSession>