<?xml version="1.0" encoding="utf-8"?>
<CoverageSession xmlns:xsd="http://www.w3.org/2001/XMLSchema" xmlns:xsi="http://www.w3.org/2001/XMLSchema-instance" Version="0.0.0.0">
  <Summary numSequencePoints="2065" visitedSequencePoints="20" numBranchPoints="0" visitedBranchPoints="0" sequenceCoverage="0.97" branchCoverage="0.0" maxCyclomaticComplexity="0" minCyclomaticComplexity="0" maxCrapScore="0" minCrapScore="0" visitedClasses="3" numClasses="52" visitedMethods="6" numMethods="205" />
  <Modules>
    <Module>
      <Summary numSequencePoints="24" visitedSequencePoints="0" numBranchPoints="0" visitedBranchPoints="0" sequenceCoverage="0.0" branchCoverage="0.0" maxCyclomaticComplexity="0" minCyclomaticComplexity="0" maxCrapScore="0" minCrapScore="0" visitedClasses="0" numClasses="1" visitedMethods="0" numMethods="2" />
      <ModuleTime>0001-01-01T00:00:00</ModuleTime>
      <ModuleName>Assembly-CSharp</ModuleName>
      <Files>
        <File uid="1" fullPath="D:/3Ddautien/ASM23D/Assets/Animal/AI_Movement.cs" />
        <File uid="2" fullPath="D:/3Ddautien/ASM23D/Assets/Enemy/CreatureStats.cs" />
        <File uid="3" fullPath="D:/3Ddautien/ASM23D/Assets/Enemy/Enemy.cs" />
        <File uid="4" fullPath="D:/3Ddautien/ASM23D/Assets/Enemy/EnemyMovement.cs" />
        <File uid="5" fullPath="D:/3Ddautien/ASM23D/Assets/Gems Ultimate Pack/Scripts/AnimationScript.cs" />
        <File uid="6" fullPath="D:/3Ddautien/ASM23D/Assets/Invector-3rdPersonController_LITE/Scripts/Generic/Utils/vPickupItem.cs" />
        <File uid="7" fullPath="D:/3Ddautien/ASM23D/Assets/map2/TeleportWithVideo.cs" />
        <File uid="8" fullPath="D:/3Ddautien/ASM23D/Assets/npc/NPCSystem.cs" />
        <File uid="9" fullPath="D:/3Ddautien/ASM23D/Assets/photon/Script/CharacterNetworkHandler.cs" />
        <File uid="10" fullPath="D:/3Ddautien/ASM23D/Assets/photon/Script/PlayerMovement.cs" />
        <File uid="11" fullPath="D:/3Ddautien/ASM23D/Assets/photon/Script/PlayerSetup.cs" />
        <File uid="12" fullPath="D:/3Ddautien/ASM23D/Assets/photon/Script/PlayerSpawner.cs" />
        <File uid="13" fullPath="D:/3Ddautien/ASM23D/Assets/save.cs" />
        <File uid="14" fullPath="D:/3Ddautien/ASM23D/Assets/Scenes/tri/SaveDataThread.cs" />
        <File uid="15" fullPath="D:/3Ddautien/ASM23D/Assets/Scenes/tri/SceneControll.cs" />
        <File uid="16" fullPath="D:/3Ddautien/ASM23D/Assets/Scenes/tri/SceneManagers.cs" />
        <File uid="17" fullPath="D:/3Ddautien/ASM23D/Assets/TextMesh Pro/Examples &amp; Extras/Scripts/ChatController.cs" />
        <File uid="18" fullPath="D:/3Ddautien/ASM23D/Assets/TextMesh Pro/Examples &amp; Extras/Scripts/DropdownSample.cs" />
        <File uid="19" fullPath="D:/3Ddautien/ASM23D/Assets/TextMesh Pro/Examples &amp; Extras/Scripts/EnvMapAnimator.cs" />
        <File uid="20" fullPath="D:/3Ddautien/ASM23D/Assets/Thoigian/TimeController.cs" />
        <File uid="21" fullPath="D:/3Ddautien/ASM23D/Assets/UnityMainThreadDispatcher.cs" />
        <File uid="22" fullPath="D:/3Ddautien/ASM23D/Assets/TextMesh Pro/Examples &amp; Extras/Scripts/TMP_DigitValidator.cs" />
        <File uid="23" fullPath="D:/3Ddautien/ASM23D/Assets/TextMesh Pro/Examples &amp; Extras/Scripts/TMP_PhoneNumberValidator.cs" />
        <File uid="24" fullPath="D:/3Ddautien/ASM23D/Assets/TextMesh Pro/Examples &amp; Extras/Scripts/TMP_TextEventHandler.cs" />
        <File uid="25" fullPath="D:/3Ddautien/ASM23D/Assets/TextMesh Pro/Examples &amp; Extras/Scripts/Benchmark01.cs" />
        <File uid="26" fullPath="D:/3Ddautien/ASM23D/Assets/TextMesh Pro/Examples &amp; Extras/Scripts/Benchmark01_UGUI.cs" />
        <File uid="27" fullPath="D:/3Ddautien/ASM23D/Assets/TextMesh Pro/Examples &amp; Extras/Scripts/Benchmark02.cs" />
        <File uid="28" fullPath="D:/3Ddautien/ASM23D/Assets/TextMesh Pro/Examples &amp; Extras/Scripts/Benchmark03.cs" />
        <File uid="29" fullPath="D:/3Ddautien/ASM23D/Assets/TextMesh Pro/Examples &amp; Extras/Scripts/Benchmark04.cs" />
        <File uid="30" fullPath="D:/3Ddautien/ASM23D/Assets/TextMesh Pro/Examples &amp; Extras/Scripts/CameraController.cs" />
        <File uid="31" fullPath="D:/3Ddautien/ASM23D/Assets/TextMesh Pro/Examples &amp; Extras/Scripts/ObjectSpin.cs" />
        <File uid="32" fullPath="D:/3Ddautien/ASM23D/Assets/TextMesh Pro/Examples &amp; Extras/Scripts/ShaderPropAnimator.cs" />
        <File uid="33" fullPath="D:/3Ddautien/ASM23D/Assets/TextMesh Pro/Examples &amp; Extras/Scripts/SimpleScript.cs" />
        <File uid="34" fullPath="D:/3Ddautien/ASM23D/Assets/TextMesh Pro/Examples &amp; Extras/Scripts/SkewTextExample.cs" />
        <File uid="35" fullPath="D:/3Ddautien/ASM23D/Assets/TextMesh Pro/Examples &amp; Extras/Scripts/TeleType.cs" />
        <File uid="36" fullPath="D:/3Ddautien/ASM23D/Assets/TextMesh Pro/Examples &amp; Extras/Scripts/TextConsoleSimulator.cs" />
        <File uid="37" fullPath="D:/3Ddautien/ASM23D/Assets/TextMesh Pro/Examples &amp; Extras/Scripts/TextMeshProFloatingText.cs" />
        <File uid="38" fullPath="D:/3Ddautien/ASM23D/Assets/TextMesh Pro/Examples &amp; Extras/Scripts/TextMeshSpawner.cs" />
        <File uid="39" fullPath="D:/3Ddautien/ASM23D/Assets/TextMesh Pro/Examples &amp; Extras/Scripts/TMPro_InstructionOverlay.cs" />
        <File uid="40" fullPath="D:/3Ddautien/ASM23D/Assets/TextMesh Pro/Examples &amp; Extras/Scripts/TMP_ExampleScript_01.cs" />
        <File uid="41" fullPath="D:/3Ddautien/ASM23D/Assets/TextMesh Pro/Examples &amp; Extras/Scripts/TMP_FrameRateCounter.cs" />
        <File uid="42" fullPath="D:/3Ddautien/ASM23D/Assets/TextMesh Pro/Examples &amp; Extras/Scripts/TMP_TextEventCheck.cs" />
        <File uid="43" fullPath="D:/3Ddautien/ASM23D/Assets/TextMesh Pro/Examples &amp; Extras/Scripts/TMP_TextInfoDebugTool.cs" />
        <File uid="44" fullPath="D:/3Ddautien/ASM23D/Assets/TextMesh Pro/Examples &amp; Extras/Scripts/TMP_TextSelector_A.cs" />
        <File uid="45" fullPath="D:/3Ddautien/ASM23D/Assets/TextMesh Pro/Examples &amp; Extras/Scripts/TMP_TextSelector_B.cs" />
        <File uid="46" fullPath="D:/3Ddautien/ASM23D/Assets/TextMesh Pro/Examples &amp; Extras/Scripts/TMP_UiFrameRateCounter.cs" />
        <File uid="47" fullPath="D:/3Ddautien/ASM23D/Assets/TextMesh Pro/Examples &amp; Extras/Scripts/VertexColorCycler.cs" />
        <File uid="48" fullPath="D:/3Ddautien/ASM23D/Assets/TextMesh Pro/Examples &amp; Extras/Scripts/VertexJitter.cs" />
        <File uid="49" fullPath="D:/3Ddautien/ASM23D/Assets/TextMesh Pro/Examples &amp; Extras/Scripts/VertexShakeA.cs" />
        <File uid="50" fullPath="D:/3Ddautien/ASM23D/Assets/TextMesh Pro/Examples &amp; Extras/Scripts/VertexShakeB.cs" />
        <File uid="51" fullPath="D:/3Ddautien/ASM23D/Assets/TextMesh Pro/Examples &amp; Extras/Scripts/VertexZoom.cs" />
        <File uid="52" fullPath="D:/3Ddautien/ASM23D/Assets/TextMesh Pro/Examples &amp; Extras/Scripts/WarpTextExample.cs" />
        <File uid="53" fullPath="D:/3Ddautien/ASM23D/Assets/PolygonFantasyHeroCharacters/Scripts/CharacterRandomizer.cs" />
        <File uid="54" fullPath="D:/3Ddautien/ASM23D/Assets/Invector-3rdPersonController_LITE/3D Models/Others/HealthItem/vAnimateUV.cs" />
        <File uid="55" fullPath="D:/3Ddautien/ASM23D/Assets/Invector-3rdPersonController_LITE/Scripts/Generic/Utils/vExtensions.cs" />
        <File uid="56" fullPath="D:/3Ddautien/ASM23D/Assets/Invector-3rdPersonController_LITE/Scripts/Generic/Utils/vComment.cs" />
        <File uid="57" fullPath="D:/3Ddautien/ASM23D/Assets/DialogueEditor/Example/ExampleInputManager.cs" />
        <File uid="58" fullPath="D:/3Ddautien/ASM23D/Assets/Animal/Rabbits/Demo/Scripts/AnimatorParamatersChange.cs" />
      </Files>
      <Classes>
        <Class>
          <Summary numSequencePoints="24" visitedSequencePoints="0" numBranchPoints="0" visitedBranchPoints="0" sequenceCoverage="0.0" branchCoverage="0.0" maxCyclomaticComplexity="0" minCyclomaticComplexity="0" maxCrapScore="0" minCrapScore="0" visitedClasses="0" numClasses="1" visitedMethods="0" numMethods="2" />
          <FullName>Invector.vExtensions</FullName>
          <Methods>
            <Method visited="false" cyclomaticComplexity="0" nPathComplexity="0" sequenceCoverage="0.0" branchCoverage="0" crapScore="0" isConstructor="false" isStatic="true" isGetter="false" isSetter="false">
              <Summary numSequencePoints="12" visitedSequencePoints="0" numBranchPoints="0" visitedBranchPoints="0" sequenceCoverage="0.0" branchCoverage="0" maxCyclomaticComplexity="0" minCyclomaticComplexity="0" maxCrapScore="0" minCrapScore="0" visitedClasses="0" numClasses="0" visitedMethods="0" numMethods="1" />
              <MetadataToken>100663692</MetadataToken>
              <Name>static Invector.vExtensions::Append[T](, )</Name>
              <FileRef uid="55" />
              <SequencePoints>
                <SequencePoint vc="0" uspid="32757" ordinal="0" offset="0" sl="10" sc="0" el="10" ec="0" bec="0" bev="0" fileid="55" />
                <SequencePoint vc="0" uspid="32758" ordinal="0" offset="1" sl="11" sc="0" el="11" ec="0" bec="0" bev="0" fileid="55" />
                <SequencePoint vc="0" uspid="32759" ordinal="0" offset="9" sl="12" sc="0" el="12" ec="0" bec="0" bev="0" fileid="55" />
                <SequencePoint vc="0" uspid="32760" ordinal="0" offset="10" sl="13" sc="0" el="13" ec="0" bec="0" bev="0" fileid="55" />
                <SequencePoint vc="0" uspid="32761" ordinal="0" offset="21" sl="15" sc="0" el="15" ec="0" bec="0" bev="0" fileid="55" />
                <SequencePoint vc="0" uspid="32762" ordinal="0" offset="45" sl="16" sc="0" el="16" ec="0" bec="0" bev="0" fileid="55" />
                <SequencePoint vc="0" uspid="32763" ordinal="0" offset="46" sl="17" sc="0" el="17" ec="0" bec="0" bev="0" fileid="55" />
                <SequencePoint vc="0" uspid="32764" ordinal="0" offset="57" sl="19" sc="0" el="19" ec="0" bec="0" bev="0" fileid="55" />
                <SequencePoint vc="0" uspid="32765" ordinal="0" offset="70" sl="20" sc="0" el="20" ec="0" bec="0" bev="0" fileid="55" />
                <SequencePoint vc="0" uspid="32766" ordinal="0" offset="79" sl="21" sc="0" el="21" ec="0" bec="0" bev="0" fileid="55" />
                <SequencePoint vc="0" uspid="32767" ordinal="0" offset="90" sl="23" sc="0" el="23" ec="0" bec="0" bev="0" fileid="55" />
                <SequencePoint vc="0" uspid="32768" ordinal="0" offset="94" sl="24" sc="0" el="24" ec="0" bec="0" bev="0" fileid="55" />
              </SequencePoints>
              <BranchPoints />
            </Method>
            <Method visited="false" cyclomaticComplexity="0" nPathComplexity="0" sequenceCoverage="0.0" branchCoverage="0" crapScore="0" isConstructor="false" isStatic="true" isGetter="false" isSetter="false">
              <Summary numSequencePoints="12" visitedSequencePoints="0" numBranchPoints="0" visitedBranchPoints="0" sequenceCoverage="0.0" branchCoverage="0" maxCyclomaticComplexity="0" minCyclomaticComplexity="0" maxCrapScore="0" minCrapScore="0" visitedClasses="0" numClasses="0" visitedMethods="0" numMethods="1" />
              <MetadataToken>100663693</MetadataToken>
              <Name>static Invector.vExtensions::vToArray[T](System.Collections.Generic.List[T])</Name>
              <FileRef uid="55" />
              <SequencePoints>
                <SequencePoint vc="0" uspid="32769" ordinal="0" offset="0" sl="27" sc="0" el="27" ec="0" bec="0" bev="0" fileid="55" />
                <SequencePoint vc="0" uspid="32770" ordinal="0" offset="1" sl="28" sc="0" el="28" ec="0" bec="0" bev="0" fileid="55" />
                <SequencePoint vc="0" uspid="32771" ordinal="0" offset="13" sl="29" sc="0" el="29" ec="0" bec="0" bev="0" fileid="55" />
                <SequencePoint vc="0" uspid="32772" ordinal="0" offset="32" sl="29" sc="0" el="29" ec="0" bec="0" bev="0" fileid="55" />
                <SequencePoint vc="0" uspid="32773" ordinal="0" offset="36" sl="30" sc="0" el="30" ec="0" bec="0" bev="0" fileid="55" />
                <SequencePoint vc="0" uspid="32774" ordinal="0" offset="40" sl="31" sc="0" el="31" ec="0" bec="0" bev="0" fileid="55" />
                <SequencePoint vc="0" uspid="32775" ordinal="0" offset="41" sl="32" sc="0" el="32" ec="0" bec="0" bev="0" fileid="55" />
                <SequencePoint vc="0" uspid="32776" ordinal="0" offset="55" sl="33" sc="0" el="33" ec="0" bec="0" bev="0" fileid="55" />
                <SequencePoint vc="0" uspid="32777" ordinal="0" offset="56" sl="30" sc="0" el="30" ec="0" bec="0" bev="0" fileid="55" />
                <SequencePoint vc="0" uspid="32778" ordinal="0" offset="60" sl="30" sc="0" el="30" ec="0" bec="0" bev="0" fileid="55" />
                <SequencePoint vc="0" uspid="32779" ordinal="0" offset="75" sl="34" sc="0" el="34" ec="0" bec="0" bev="0" fileid="55" />
                <SequencePoint vc="0" uspid="32780" ordinal="0" offset="79" sl="35" sc="0" el="35" ec="0" bec="0" bev="0" fileid="55" />
              </SequencePoints>
              <BranchPoints />
            </Method>
          </Methods>
        </Class>
      </Classes>
    </Module>
    <Module>
      <Summary numSequencePoints="8" visitedSequencePoints="8" numBranchPoints="0" visitedBranchPoints="0" sequenceCoverage="100.0" branchCoverage="0.0" maxCyclomaticComplexity="0" minCyclomaticComplexity="0" maxCrapScore="0" minCrapScore="0" visitedClasses="1" numClasses="1" visitedMethods="4" numMethods="4" />
      <ModuleTime>0001-01-01T00:00:00</ModuleTime>
      <ModuleName>test1</ModuleName>
      <Files>
        <File uid="86" fullPath="D:/3Ddautien/ASM23D/Assets/Code/AnimalHealth.cs" />
        <File uid="87" fullPath="D:/3Ddautien/ASM23D/Assets/Code/AttackControl.cs" />
        <File uid="88" fullPath="D:/3Ddautien/ASM23D/Assets/Code/AttackState.cs" />
        <File uid="89" fullPath="D:/3Ddautien/ASM23D/Assets/Code/AttributesManager.cs" />
        <File uid="90" fullPath="D:/3Ddautien/ASM23D/Assets/Code/AudioManager.cs" />
        <File uid="91" fullPath="D:/3Ddautien/ASM23D/Assets/Code/AutoMusicChanger.cs" />
        <File uid="92" fullPath="D:/3Ddautien/ASM23D/Assets/Code/Bullet.cs" />
        <File uid="93" fullPath="D:/3Ddautien/ASM23D/Assets/Code/CameraFollow.cs" />
        <File uid="94" fullPath="D:/3Ddautien/ASM23D/Assets/Code/CollectionGem.cs" />
        <File uid="95" fullPath="D:/3Ddautien/ASM23D/Assets/Code/DamagePopUpGenerator.cs" />
        <File uid="96" fullPath="D:/3Ddautien/ASM23D/Assets/Code/DamageTester.cs" />
        <File uid="97" fullPath="D:/3Ddautien/ASM23D/Assets/Code/GameSession.cs" />
        <File uid="98" fullPath="D:/3Ddautien/ASM23D/Assets/Code/Gun.cs" />
        <File uid="99" fullPath="D:/3Ddautien/ASM23D/Assets/Code/IdeState.cs" />
        <File uid="100" fullPath="D:/3Ddautien/ASM23D/Assets/Code/ImageSwitcher.cs" />
        <File uid="101" fullPath="D:/3Ddautien/ASM23D/Assets/Code/InventoryManager.cs" />
        <File uid="102" fullPath="D:/3Ddautien/ASM23D/Assets/Code/ItemIn.cs" />
        <File uid="103" fullPath="D:/3Ddautien/ASM23D/Assets/Code/ItemPickup.cs" />
        <File uid="104" fullPath="D:/3Ddautien/ASM23D/Assets/Code/ItemUIController.cs" />
        <File uid="105" fullPath="D:/3Ddautien/ASM23D/Assets/Code/LockTarget.cs" />
        <File uid="106" fullPath="D:/3Ddautien/ASM23D/Assets/Code/Meat.cs" />
        <File uid="107" fullPath="D:/3Ddautien/ASM23D/Assets/Code/MyTestClass.cs" />
        <File uid="108" fullPath="D:/3Ddautien/ASM23D/Assets/Code/PlayerAttackanimal.cs" />
        <File uid="109" fullPath="D:/3Ddautien/ASM23D/Assets/Code/PlayerController1.cs" />
        <File uid="110" fullPath="D:/3Ddautien/ASM23D/Assets/Code/PlayerSwim.cs" />
        <File uid="111" fullPath="D:/3Ddautien/ASM23D/Assets/Code/PlayerSwitcher.cs" />
        <File uid="112" fullPath="D:/3Ddautien/ASM23D/Assets/Code/RunState.cs" />
        <File uid="113" fullPath="D:/3Ddautien/ASM23D/Assets/Code/SettingUIManager.cs" />
        <File uid="114" fullPath="D:/3Ddautien/ASM23D/Assets/Code/SwimArea.cs" />
        <File uid="115" fullPath="D:/3Ddautien/ASM23D/Assets/Code/UIBillboarding.cs" />
        <File uid="116" fullPath="D:/3Ddautien/ASM23D/Assets/Code/VolumeController.cs" />
        <File uid="117" fullPath="D:/3Ddautien/ASM23D/Assets/Code/WalkState.cs" />
        <File uid="118" fullPath="D:/3Ddautien/ASM23D/Assets/Code/WeaponAttributes.cs" />
        <File uid="119" fullPath="D:/3Ddautien/ASM23D/Assets/Code/WeaponManager.cs" />
        <File uid="120" fullPath="D:/3Ddautien/ASM23D/Assets/Code/GameEffects.cs" />
        <File uid="121" fullPath="D:/3Ddautien/ASM23D/Assets/Code/GameItem.cs" />
        <File uid="122" fullPath="D:/3Ddautien/ASM23D/Assets/Code/GameUI.cs" />
      </Files>
      <Classes>
        <Class>
          <Summary numSequencePoints="8" visitedSequencePoints="8" numBranchPoints="0" visitedBranchPoints="0" sequenceCoverage="100.0" branchCoverage="0.0" maxCyclomaticComplexity="0" minCyclomaticComplexity="0" maxCrapScore="0" minCrapScore="0" visitedClasses="1" numClasses="1" visitedMethods="4" numMethods="4" />
          <FullName>GameEffects/SoundSystem</FullName>
          <Methods>
            <Method visited="true" cyclomaticComplexity="0" nPathComplexity="0" sequenceCoverage="100.0" branchCoverage="0" crapScore="0" isConstructor="false" isStatic="false" isGetter="true" isSetter="false">
              <Summary numSequencePoints="1" visitedSequencePoints="1" numBranchPoints="0" visitedBranchPoints="0" sequenceCoverage="100.0" branchCoverage="0" maxCyclomaticComplexity="0" minCyclomaticComplexity="0" maxCrapScore="0" minCrapScore="0" visitedClasses="0" numClasses="0" visitedMethods="1" numMethods="1" />
              <MetadataToken>100663457</MetadataToken>
              <Name>System.Int32 GameEffects/SoundSystem::get_Volume()</Name>
              <FileRef uid="120" />
              <SequencePoints>
                <SequencePoint vc="3" uspid="37114" ordinal="0" offset="0" sl="9" sc="29" el="9" ec="29" bec="0" bev="0" fileid="120" />
              </SequencePoints>
              <BranchPoints />
            </Method>
            <Method visited="true" cyclomaticComplexity="0" nPathComplexity="0" sequenceCoverage="100.0" branchCoverage="0" crapScore="0" isConstructor="false" isStatic="false" isGetter="false" isSetter="true">
              <Summary numSequencePoints="1" visitedSequencePoints="1" numBranchPoints="0" visitedBranchPoints="0" sequenceCoverage="100.0" branchCoverage="0" maxCyclomaticComplexity="0" minCyclomaticComplexity="0" maxCrapScore="0" minCrapScore="0" visitedClasses="0" numClasses="0" visitedMethods="1" numMethods="1" />
              <MetadataToken>100663458</MetadataToken>
              <Name>System.Void GameEffects/SoundSystem::set_Volume(System.Int32)</Name>
              <FileRef uid="120" />
              <SequencePoints>
                <SequencePoint vc="1" uspid="37115" ordinal="0" offset="0" sl="9" sc="34" el="9" ec="34" bec="0" bev="0" fileid="120" />
              </SequencePoints>
              <BranchPoints />
            </Method>
            <Method visited="true" cyclomaticComplexity="0" nPathComplexity="0" sequenceCoverage="100.0" branchCoverage="0" crapScore="0" isConstructor="false" isStatic="false" isGetter="false" isSetter="false">
              <Summary numSequencePoints="4" visitedSequencePoints="4" numBranchPoints="0" visitedBranchPoints="0" sequenceCoverage="100.0" branchCoverage="0" maxCyclomaticComplexity="0" minCyclomaticComplexity="0" maxCrapScore="0" minCrapScore="0" visitedClasses="0" numClasses="0" visitedMethods="1" numMethods="1" />
              <MetadataToken>100663461</MetadataToken>
              <Name>System.Void GameEffects/SoundSystem::SetVolume(System.Int32)</Name>
              <FileRef uid="120" />
              <SequencePoints>
                <SequencePoint vc="3" uspid="37118" ordinal="0" offset="0" sl="13" sc="9" el="13" ec="9" bec="0" bev="0" fileid="120" />
                <SequencePoint vc="3" uspid="37119" ordinal="0" offset="1" sl="14" sc="13" el="14" ec="13" bec="0" bev="0" fileid="120" />
                <SequencePoint vc="1" uspid="37120" ordinal="0" offset="20" sl="15" sc="17" el="15" ec="17" bec="0" bev="0" fileid="120" />
                <SequencePoint vc="3" uspid="37121" ordinal="0" offset="28" sl="16" sc="9" el="16" ec="9" bec="0" bev="0" fileid="120" />
              </SequencePoints>
              <BranchPoints />
            </Method>
            <Method visited="true" cyclomaticComplexity="0" nPathComplexity="0" sequenceCoverage="100.0" branchCoverage="0" crapScore="0" isConstructor="true" isStatic="false" isGetter="false" isSetter="false">
              <Summary numSequencePoints="2" visitedSequencePoints="2" numBranchPoints="0" visitedBranchPoints="0" sequenceCoverage="100.0" branchCoverage="0" maxCyclomaticComplexity="0" minCyclomaticComplexity="0" maxCrapScore="0" minCrapScore="0" visitedClasses="0" numClasses="0" visitedMethods="1" numMethods="1" />
              <MetadataToken>100663464</MetadataToken>
              <Name>GameEffects/SoundSystem::SoundSystem()</Name>
              <FileRef uid="120" />
              <SequencePoints>
                <SequencePoint vc="1" uspid="37128" ordinal="0" offset="0" sl="9" sc="51" el="9" ec="51" bec="0" bev="0" fileid="120" />
                <SequencePoint vc="1" uspid="37129" ordinal="0" offset="8" sl="10" sc="53" el="10" ec="53" bec="0" bev="0" fileid="120" />
              </SequencePoints>
              <BranchPoints />
            </Method>
          </Methods>
        </Class>
      </Classes>
    </Module>
    <Module>
      <Summary numSequencePoints="303" visitedSequencePoints="0" numBranchPoints="0" visitedBranchPoints="0" sequenceCoverage="0.0" branchCoverage="0.0" maxCyclomaticComplexity="0" minCyclomaticComplexity="0" maxCrapScore="0" minCrapScore="0" visitedClasses="0" numClasses="9" visitedMethods="0" numMethods="38" />
      <ModuleTime>0001-01-01T00:00:00</ModuleTime>
      <ModuleName>Fusion.Unity</ModuleName>
      <Files>
        <File uid="133" fullPath="D:/3Ddautien/ASM23D/Assets/photon/Fusion/Runtime/Fusion.Unity.cs" />
        <File uid="134" fullPath="D:/3Ddautien/ASM23D/Assets/photon/Fusion/Runtime/FusionBasicBillboard.cs" />
        <File uid="135" fullPath="D:/3Ddautien/ASM23D/Assets/photon/Fusion/Runtime/FusionBootstrap.cs" />
        <File uid="136" fullPath="D:/3Ddautien/ASM23D/Assets/photon/Fusion/Runtime/FusionBootstrapDebugGUI.cs" />
        <File uid="137" fullPath="D:/3Ddautien/ASM23D/Assets/photon/Fusion/Runtime/NetworkCharacterController.cs" />
        <File uid="138" fullPath="D:/3Ddautien/ASM23D/Assets/photon/Fusion/Runtime/NetworkObjectProviderDefault.cs" />
        <File uid="139" fullPath="D:/3Ddautien/ASM23D/Assets/photon/Fusion/Runtime/NetworkSceneManagerDefault.cs" />
        <File uid="140" fullPath="D:/3Ddautien/ASM23D/Assets/photon/Fusion/Runtime/Utilities/RunnerVisibility/EnableOnSingleRunner.cs" />
        <File uid="141" fullPath="D:/3Ddautien/ASM23D/Assets/photon/Fusion/Runtime/Utilities/RunnerVisibility/RunnerAOIGizmos.cs" />
        <File uid="142" fullPath="D:/3Ddautien/ASM23D/Assets/photon/Fusion/Runtime/Utilities/RunnerVisibility/RunnerEnableVisibility.cs" />
        <File uid="143" fullPath="D:/3Ddautien/ASM23D/Assets/photon/Fusion/Runtime/Utilities/RunnerVisibility/RunnerLagCompensationGizmos.cs" />
        <File uid="144" fullPath="D:/3Ddautien/ASM23D/Assets/photon/Fusion/Runtime/Utilities/RunnerVisibility/RunnerVisibilityLink.cs" />
        <File uid="145" fullPath="D:/3Ddautien/ASM23D/Assets/photon/Fusion/Runtime/Utilities/RunnerVisibility/RunnerVisibilityLinksRoot.cs" />
        <File uid="146" fullPath="D:/3Ddautien/ASM23D/Assets/photon/Fusion/Runtime/Statistics/FusionNetworkObjectStatistics.cs" />
        <File uid="147" fullPath="D:/3Ddautien/ASM23D/Assets/photon/Fusion/Runtime/Statistics/FusionNetworkObjectStatsGraph.cs" />
        <File uid="148" fullPath="D:/3Ddautien/ASM23D/Assets/photon/Fusion/Runtime/Statistics/FusionNetworkObjectStatsGraphCombine.cs" />
        <File uid="149" fullPath="D:/3Ddautien/ASM23D/Assets/photon/Fusion/Runtime/Statistics/FusionStatistics.cs" />
        <File uid="150" fullPath="D:/3Ddautien/ASM23D/Assets/photon/Fusion/Runtime/Statistics/FusionStatsCanvas.cs" />
        <File uid="151" fullPath="D:/3Ddautien/ASM23D/Assets/photon/Fusion/Runtime/Statistics/FusionStatsConfig.cs" />
        <File uid="152" fullPath="D:/3Ddautien/ASM23D/Assets/photon/Fusion/Runtime/Statistics/FusionStatsGraphDefault.cs" />
        <File uid="153" fullPath="D:/3Ddautien/ASM23D/Assets/photon/Fusion/Runtime/Statistics/FusionStatsPanelHeader.cs" />
        <File uid="154" fullPath="D:/3Ddautien/ASM23D/Assets/photon/Fusion/Runtime/Statistics/FusionStatsWorldAnchor.cs" />
      </Files>
      <Classes>
        <Class>
          <Summary numSequencePoints="110" visitedSequencePoints="0" numBranchPoints="0" visitedBranchPoints="0" sequenceCoverage="0.0" branchCoverage="0.0" maxCyclomaticComplexity="0" minCyclomaticComplexity="0" maxCrapScore="0" minCrapScore="0" visitedClasses="0" numClasses="1" visitedMethods="0" numMethods="10" />
          <FullName>Fusion.NetworkAssetSourceResource[T]</FullName>
          <Methods>
            <Method visited="false" cyclomaticComplexity="0" nPathComplexity="0" sequenceCoverage="0.0" branchCoverage="0" crapScore="0" isConstructor="false" isStatic="false" isGetter="false" isSetter="false">
              <Summary numSequencePoints="7" visitedSequencePoints="0" numBranchPoints="0" visitedBranchPoints="0" sequenceCoverage="0.0" branchCoverage="0" maxCyclomaticComplexity="0" minCyclomaticComplexity="0" maxCrapScore="0" minCrapScore="0" visitedClasses="0" numClasses="0" visitedMethods="0" numMethods="1" />
              <MetadataToken>100663299</MetadataToken>
              <Name>System.Void Fusion.NetworkAssetSourceResource[T]::Acquire(System.Boolean)</Name>
              <FileRef uid="133" />
              <SequencePoints>
                <SequencePoint vc="0" uspid="37942" ordinal="0" offset="0" sl="193" sc="0" el="193" ec="0" bec="0" bev="0" fileid="133" />
                <SequencePoint vc="0" uspid="37943" ordinal="0" offset="1" sl="194" sc="0" el="194" ec="0" bec="0" bev="0" fileid="133" />
                <SequencePoint vc="0" uspid="37944" ordinal="0" offset="14" sl="194" sc="0" el="194" ec="0" bec="0" bev="0" fileid="133" />
                <SequencePoint vc="0" uspid="37945" ordinal="0" offset="15" sl="195" sc="0" el="195" ec="0" bec="0" bev="0" fileid="133" />
                <SequencePoint vc="0" uspid="37946" ordinal="0" offset="23" sl="196" sc="0" el="196" ec="0" bec="0" bev="0" fileid="133" />
                <SequencePoint vc="0" uspid="37947" ordinal="0" offset="24" sl="197" sc="0" el="197" ec="0" bec="0" bev="0" fileid="133" />
                <SequencePoint vc="0" uspid="37948" ordinal="0" offset="38" sl="198" sc="0" el="198" ec="0" bec="0" bev="0" fileid="133" />
              </SequencePoints>
              <BranchPoints />
            </Method>
            <Method visited="false" cyclomaticComplexity="0" nPathComplexity="0" sequenceCoverage="0.0" branchCoverage="0" crapScore="0" isConstructor="false" isStatic="false" isGetter="false" isSetter="false">
              <Summary numSequencePoints="9" visitedSequencePoints="0" numBranchPoints="0" visitedBranchPoints="0" sequenceCoverage="0.0" branchCoverage="0" maxCyclomaticComplexity="0" minCyclomaticComplexity="0" maxCrapScore="0" minCrapScore="0" visitedClasses="0" numClasses="0" visitedMethods="0" numMethods="1" />
              <MetadataToken>100663300</MetadataToken>
              <Name>System.Void Fusion.NetworkAssetSourceResource[T]::Release()</Name>
              <FileRef uid="133" />
              <SequencePoints>
                <SequencePoint vc="0" uspid="37949" ordinal="0" offset="0" sl="205" sc="0" el="205" ec="0" bec="0" bev="0" fileid="133" />
                <SequencePoint vc="0" uspid="37950" ordinal="0" offset="1" sl="206" sc="0" el="206" ec="0" bec="0" bev="0" fileid="133" />
                <SequencePoint vc="0" uspid="37951" ordinal="0" offset="17" sl="206" sc="0" el="206" ec="0" bec="0" bev="0" fileid="133" />
                <SequencePoint vc="0" uspid="37952" ordinal="0" offset="18" sl="207" sc="0" el="207" ec="0" bec="0" bev="0" fileid="133" />
                <SequencePoint vc="0" uspid="37953" ordinal="0" offset="29" sl="209" sc="0" el="209" ec="0" bec="0" bev="0" fileid="133" />
                <SequencePoint vc="0" uspid="37954" ordinal="0" offset="53" sl="209" sc="0" el="209" ec="0" bec="0" bev="0" fileid="133" />
                <SequencePoint vc="0" uspid="37955" ordinal="0" offset="54" sl="210" sc="0" el="210" ec="0" bec="0" bev="0" fileid="133" />
                <SequencePoint vc="0" uspid="37956" ordinal="0" offset="61" sl="211" sc="0" el="211" ec="0" bec="0" bev="0" fileid="133" />
                <SequencePoint vc="0" uspid="37957" ordinal="0" offset="62" sl="212" sc="0" el="212" ec="0" bec="0" bev="0" fileid="133" />
              </SequencePoints>
              <BranchPoints />
            </Method>
            <Method visited="false" cyclomaticComplexity="0" nPathComplexity="0" sequenceCoverage="0.0" branchCoverage="0" crapScore="0" isConstructor="false" isStatic="false" isGetter="true" isSetter="false">
              <Summary numSequencePoints="9" visitedSequencePoints="0" numBranchPoints="0" visitedBranchPoints="0" sequenceCoverage="0.0" branchCoverage="0" maxCyclomaticComplexity="0" minCyclomaticComplexity="0" maxCrapScore="0" minCrapScore="0" visitedClasses="0" numClasses="0" visitedMethods="0" numMethods="1" />
              <MetadataToken>100663301</MetadataToken>
              <Name>System.Boolean Fusion.NetworkAssetSourceResource[T]::get_IsCompleted()</Name>
              <FileRef uid="133" />
              <SequencePoints>
                <SequencePoint vc="0" uspid="37958" ordinal="0" offset="0" sl="218" sc="0" el="218" ec="0" bec="0" bev="0" fileid="133" />
                <SequencePoint vc="0" uspid="37959" ordinal="0" offset="1" sl="219" sc="0" el="219" ec="0" bec="0" bev="0" fileid="133" />
                <SequencePoint vc="0" uspid="37960" ordinal="0" offset="14" sl="219" sc="0" el="219" ec="0" bec="0" bev="0" fileid="133" />
                <SequencePoint vc="0" uspid="37961" ordinal="0" offset="15" sl="221" sc="0" el="221" ec="0" bec="0" bev="0" fileid="133" />
                <SequencePoint vc="0" uspid="37962" ordinal="0" offset="19" sl="224" sc="0" el="224" ec="0" bec="0" bev="0" fileid="133" />
                <SequencePoint vc="0" uspid="37963" ordinal="0" offset="50" sl="224" sc="0" el="224" ec="0" bec="0" bev="0" fileid="133" />
                <SequencePoint vc="0" uspid="37964" ordinal="0" offset="51" sl="226" sc="0" el="226" ec="0" bec="0" bev="0" fileid="133" />
                <SequencePoint vc="0" uspid="37965" ordinal="0" offset="55" sl="229" sc="0" el="229" ec="0" bec="0" bev="0" fileid="133" />
                <SequencePoint vc="0" uspid="37966" ordinal="0" offset="59" sl="230" sc="0" el="230" ec="0" bec="0" bev="0" fileid="133" />
              </SequencePoints>
              <BranchPoints />
            </Method>
            <Method visited="false" cyclomaticComplexity="0" nPathComplexity="0" sequenceCoverage="0.0" branchCoverage="0" crapScore="0" isConstructor="false" isStatic="false" isGetter="false" isSetter="false">
              <Summary numSequencePoints="25" visitedSequencePoints="0" numBranchPoints="0" visitedBranchPoints="0" sequenceCoverage="0.0" branchCoverage="0" maxCyclomaticComplexity="0" minCyclomaticComplexity="0" maxCrapScore="0" minCrapScore="0" visitedClasses="0" numClasses="0" visitedMethods="0" numMethods="1" />
              <MetadataToken>100663302</MetadataToken>
              <Name>T Fusion.NetworkAssetSourceResource[T]::WaitForResult()</Name>
              <FileRef uid="133" />
              <SequencePoints>
                <SequencePoint vc="0" uspid="37967" ordinal="0" offset="0" sl="237" sc="0" el="237" ec="0" bec="0" bev="0" fileid="133" />
                <SequencePoint vc="0" uspid="37968" ordinal="0" offset="1" sl="238" sc="0" el="238" ec="0" bec="0" bev="0" fileid="133" />
                <SequencePoint vc="0" uspid="37969" ordinal="0" offset="16" sl="239" sc="0" el="239" ec="0" bec="0" bev="0" fileid="133" />
                <SequencePoint vc="0" uspid="37970" ordinal="0" offset="36" sl="239" sc="0" el="239" ec="0" bec="0" bev="0" fileid="133" />
                <SequencePoint vc="0" uspid="37971" ordinal="0" offset="37" sl="240" sc="0" el="240" ec="0" bec="0" bev="0" fileid="133" />
                <SequencePoint vc="0" uspid="37972" ordinal="0" offset="49" sl="240" sc="0" el="240" ec="0" bec="0" bev="0" fileid="133" />
                <SequencePoint vc="0" uspid="37973" ordinal="0" offset="50" sl="241" sc="0" el="241" ec="0" bec="0" bev="0" fileid="133" />
                <SequencePoint vc="0" uspid="37974" ordinal="0" offset="58" sl="242" sc="0" el="242" ec="0" bec="0" bev="0" fileid="133" />
                <SequencePoint vc="0" uspid="37975" ordinal="0" offset="61" sl="242" sc="0" el="242" ec="0" bec="0" bev="0" fileid="133" />
                <SequencePoint vc="0" uspid="37976" ordinal="0" offset="62" sl="244" sc="0" el="244" ec="0" bec="0" bev="0" fileid="133" />
                <SequencePoint vc="0" uspid="37977" ordinal="0" offset="69" sl="245" sc="0" el="245" ec="0" bec="0" bev="0" fileid="133" />
                <SequencePoint vc="0" uspid="37978" ordinal="0" offset="77" sl="246" sc="0" el="246" ec="0" bec="0" bev="0" fileid="133" />
                <SequencePoint vc="0" uspid="37979" ordinal="0" offset="78" sl="247" sc="0" el="247" ec="0" bec="0" bev="0" fileid="133" />
                <SequencePoint vc="0" uspid="37980" ordinal="0" offset="79" sl="249" sc="0" el="249" ec="0" bec="0" bev="0" fileid="133" />
                <SequencePoint vc="0" uspid="37981" ordinal="0" offset="94" sl="249" sc="0" el="249" ec="0" bec="0" bev="0" fileid="133" />
                <SequencePoint vc="0" uspid="37982" ordinal="0" offset="95" sl="250" sc="0" el="250" ec="0" bec="0" bev="0" fileid="133" />
                <SequencePoint vc="0" uspid="37983" ordinal="0" offset="133" sl="253" sc="0" el="253" ec="0" bec="0" bev="0" fileid="133" />
                <SequencePoint vc="0" uspid="37984" ordinal="0" offset="165" sl="253" sc="0" el="253" ec="0" bec="0" bev="0" fileid="133" />
                <SequencePoint vc="0" uspid="37985" ordinal="0" offset="166" sl="254" sc="0" el="254" ec="0" bec="0" bev="0" fileid="133" />
                <SequencePoint vc="0" uspid="37986" ordinal="0" offset="171" sl="257" sc="0" el="257" ec="0" bec="0" bev="0" fileid="133" />
                <SequencePoint vc="0" uspid="37987" ordinal="0" offset="193" sl="257" sc="0" el="257" ec="0" bec="0" bev="0" fileid="133" />
                <SequencePoint vc="0" uspid="37988" ordinal="0" offset="194" sl="258" sc="0" el="258" ec="0" bec="0" bev="0" fileid="133" />
                <SequencePoint vc="0" uspid="37989" ordinal="0" offset="201" sl="259" sc="0" el="259" ec="0" bec="0" bev="0" fileid="133" />
                <SequencePoint vc="0" uspid="37990" ordinal="0" offset="207" sl="262" sc="0" el="262" ec="0" bec="0" bev="0" fileid="133" />
                <SequencePoint vc="0" uspid="37991" ordinal="0" offset="245" sl="263" sc="0" el="263" ec="0" bec="0" bev="0" fileid="133" />
              </SequencePoints>
              <BranchPoints />
            </Method>
            <Method visited="false" cyclomaticComplexity="0" nPathComplexity="0" sequenceCoverage="0.0" branchCoverage="0" crapScore="0" isConstructor="false" isStatic="false" isGetter="false" isSetter="false">
              <Summary numSequencePoints="15" visitedSequencePoints="0" numBranchPoints="0" visitedBranchPoints="0" sequenceCoverage="0.0" branchCoverage="0" maxCyclomaticComplexity="0" minCyclomaticComplexity="0" maxCrapScore="0" minCrapScore="0" visitedClasses="0" numClasses="0" visitedMethods="0" numMethods="1" />
              <MetadataToken>100663303</MetadataToken>
              <Name>System.Void Fusion.NetworkAssetSourceResource[T]::FinishAsyncOp(UnityEngine.ResourceRequest)</Name>
              <FileRef uid="133" />
              <SequencePoints>
                <SequencePoint vc="0" uspid="37992" ordinal="0" offset="0" sl="265" sc="0" el="265" ec="0" bec="0" bev="0" fileid="133" />
                <SequencePoint vc="0" uspid="37993" ordinal="0" offset="1" sl="266" sc="0" el="266" ec="0" bec="0" bev="0" fileid="133" />
                <SequencePoint vc="0" uspid="37994" ordinal="0" offset="2" sl="267" sc="0" el="267" ec="0" bec="0" bev="0" fileid="133" />
                <SequencePoint vc="0" uspid="37995" ordinal="0" offset="46" sl="268" sc="0" el="268" ec="0" bec="0" bev="0" fileid="133" />
                <SequencePoint vc="0" uspid="37996" ordinal="0" offset="56" sl="268" sc="0" el="268" ec="0" bec="0" bev="0" fileid="133" />
                <SequencePoint vc="0" uspid="37997" ordinal="0" offset="57" sl="269" sc="0" el="269" ec="0" bec="0" bev="0" fileid="133" />
                <SequencePoint vc="0" uspid="37998" ordinal="0" offset="64" sl="270" sc="0" el="270" ec="0" bec="0" bev="0" fileid="133" />
                <SequencePoint vc="0" uspid="37999" ordinal="0" offset="67" sl="270" sc="0" el="270" ec="0" bec="0" bev="0" fileid="133" />
                <SequencePoint vc="0" uspid="38000" ordinal="0" offset="68" sl="271" sc="0" el="271" ec="0" bec="0" bev="0" fileid="133" />
                <SequencePoint vc="0" uspid="38001" ordinal="0" offset="101" sl="273" sc="0" el="273" ec="0" bec="0" bev="0" fileid="133" />
                <SequencePoint vc="0" uspid="38002" ordinal="0" offset="104" sl="273" sc="0" el="273" ec="0" bec="0" bev="0" fileid="133" />
                <SequencePoint vc="0" uspid="38003" ordinal="0" offset="105" sl="273" sc="0" el="273" ec="0" bec="0" bev="0" fileid="133" />
                <SequencePoint vc="0" uspid="38004" ordinal="0" offset="106" sl="274" sc="0" el="274" ec="0" bec="0" bev="0" fileid="133" />
                <SequencePoint vc="0" uspid="38005" ordinal="0" offset="118" sl="275" sc="0" el="275" ec="0" bec="0" bev="0" fileid="133" />
                <SequencePoint vc="0" uspid="38006" ordinal="0" offset="121" sl="276" sc="0" el="276" ec="0" bec="0" bev="0" fileid="133" />
              </SequencePoints>
              <BranchPoints />
            </Method>
            <Method visited="false" cyclomaticComplexity="0" nPathComplexity="0" sequenceCoverage="0.0" branchCoverage="0" crapScore="0" isConstructor="false" isStatic="true" isGetter="false" isSetter="false">
              <Summary numSequencePoints="13" visitedSequencePoints="0" numBranchPoints="0" visitedBranchPoints="0" sequenceCoverage="0.0" branchCoverage="0" maxCyclomaticComplexity="0" minCyclomaticComplexity="0" maxCrapScore="0" minCrapScore="0" visitedClasses="0" numClasses="0" visitedMethods="0" numMethods="1" />
              <MetadataToken>100663304</MetadataToken>
              <Name>static T Fusion.NetworkAssetSourceResource[T]::LoadNamedResource(System.String, System.String)</Name>
              <FileRef uid="133" />
              <SequencePoints>
                <SequencePoint vc="0" uspid="38007" ordinal="0" offset="0" sl="278" sc="0" el="278" ec="0" bec="0" bev="0" fileid="133" />
                <SequencePoint vc="0" uspid="38008" ordinal="0" offset="1" sl="279" sc="0" el="279" ec="0" bec="0" bev="0" fileid="133" />
                <SequencePoint vc="0" uspid="38009" ordinal="0" offset="8" sl="281" sc="0" el="281" ec="0" bec="0" bev="0" fileid="133" />
                <SequencePoint vc="0" uspid="38010" ordinal="0" offset="12" sl="281" sc="0" el="281" ec="0" bec="0" bev="0" fileid="133" />
                <SequencePoint vc="0" uspid="38011" ordinal="0" offset="13" sl="282" sc="0" el="282" ec="0" bec="0" bev="0" fileid="133" />
                <SequencePoint vc="0" uspid="38012" ordinal="0" offset="21" sl="283" sc="0" el="283" ec="0" bec="0" bev="0" fileid="133" />
                <SequencePoint vc="0" uspid="38013" ordinal="0" offset="43" sl="283" sc="0" el="283" ec="0" bec="0" bev="0" fileid="133" />
                <SequencePoint vc="0" uspid="38014" ordinal="0" offset="44" sl="284" sc="0" el="284" ec="0" bec="0" bev="0" fileid="133" />
                <SequencePoint vc="0" uspid="38015" ordinal="0" offset="49" sl="286" sc="0" el="286" ec="0" bec="0" bev="0" fileid="133" />
                <SequencePoint vc="0" uspid="38016" ordinal="0" offset="50" sl="281" sc="0" el="281" ec="0" bec="0" bev="0" fileid="133" />
                <SequencePoint vc="0" uspid="38017" ordinal="0" offset="54" sl="281" sc="0" el="281" ec="0" bec="0" bev="0" fileid="133" />
                <SequencePoint vc="0" uspid="38018" ordinal="0" offset="66" sl="288" sc="0" el="288" ec="0" bec="0" bev="0" fileid="133" />
                <SequencePoint vc="0" uspid="38019" ordinal="0" offset="80" sl="289" sc="0" el="289" ec="0" bec="0" bev="0" fileid="133" />
              </SequencePoints>
              <BranchPoints />
            </Method>
            <Method visited="false" cyclomaticComplexity="0" nPathComplexity="0" sequenceCoverage="0.0" branchCoverage="0" crapScore="0" isConstructor="false" isStatic="false" isGetter="false" isSetter="false">
              <Summary numSequencePoints="20" visitedSequencePoints="0" numBranchPoints="0" visitedBranchPoints="0" sequenceCoverage="0.0" branchCoverage="0" maxCyclomaticComplexity="0" minCyclomaticComplexity="0" maxCrapScore="0" minCrapScore="0" visitedClasses="0" numClasses="0" visitedMethods="0" numMethods="1" />
              <MetadataToken>100663305</MetadataToken>
              <Name>System.Void Fusion.NetworkAssetSourceResource[T]::LoadInternal(System.Boolean)</Name>
              <FileRef uid="133" />
              <SequencePoints>
                <SequencePoint vc="0" uspid="38020" ordinal="0" offset="0" sl="291" sc="0" el="291" ec="0" bec="0" bev="0" fileid="133" />
                <SequencePoint vc="0" uspid="38021" ordinal="0" offset="1" sl="292" sc="0" el="292" ec="0" bec="0" bev="0" fileid="133" />
                <SequencePoint vc="0" uspid="38022" ordinal="0" offset="16" sl="293" sc="0" el="293" ec="0" bec="0" bev="0" fileid="133" />
                <SequencePoint vc="0" uspid="38023" ordinal="0" offset="17" sl="294" sc="0" el="294" ec="0" bec="0" bev="0" fileid="133" />
                <SequencePoint vc="0" uspid="38024" ordinal="0" offset="22" sl="294" sc="0" el="294" ec="0" bec="0" bev="0" fileid="133" />
                <SequencePoint vc="0" uspid="38025" ordinal="0" offset="23" sl="295" sc="0" el="295" ec="0" bec="0" bev="0" fileid="133" />
                <SequencePoint vc="0" uspid="38026" ordinal="0" offset="77" sl="296" sc="0" el="296" ec="0" bec="0" bev="0" fileid="133" />
                <SequencePoint vc="0" uspid="38027" ordinal="0" offset="80" sl="296" sc="0" el="296" ec="0" bec="0" bev="0" fileid="133" />
                <SequencePoint vc="0" uspid="38028" ordinal="0" offset="81" sl="297" sc="0" el="297" ec="0" bec="0" bev="0" fileid="133" />
                <SequencePoint vc="0" uspid="38029" ordinal="0" offset="98" sl="298" sc="0" el="298" ec="0" bec="0" bev="0" fileid="133" />
                <SequencePoint vc="0" uspid="38030" ordinal="0" offset="99" sl="300" sc="0" el="300" ec="0" bec="0" bev="0" fileid="133" />
                <SequencePoint vc="0" uspid="38031" ordinal="0" offset="112" sl="300" sc="0" el="300" ec="0" bec="0" bev="0" fileid="133" />
                <SequencePoint vc="0" uspid="38032" ordinal="0" offset="113" sl="301" sc="0" el="301" ec="0" bec="0" bev="0" fileid="133" />
                <SequencePoint vc="0" uspid="38033" ordinal="0" offset="151" sl="302" sc="0" el="302" ec="0" bec="0" bev="0" fileid="133" />
                <SequencePoint vc="0" uspid="38034" ordinal="0" offset="152" sl="303" sc="0" el="303" ec="0" bec="0" bev="0" fileid="133" />
                <SequencePoint vc="0" uspid="38035" ordinal="0" offset="155" sl="303" sc="0" el="303" ec="0" bec="0" bev="0" fileid="133" />
                <SequencePoint vc="0" uspid="38036" ordinal="0" offset="156" sl="303" sc="0" el="303" ec="0" bec="0" bev="0" fileid="133" />
                <SequencePoint vc="0" uspid="38037" ordinal="0" offset="157" sl="304" sc="0" el="304" ec="0" bec="0" bev="0" fileid="133" />
                <SequencePoint vc="0" uspid="38038" ordinal="0" offset="169" sl="305" sc="0" el="305" ec="0" bec="0" bev="0" fileid="133" />
                <SequencePoint vc="0" uspid="38039" ordinal="0" offset="172" sl="306" sc="0" el="306" ec="0" bec="0" bev="0" fileid="133" />
              </SequencePoints>
              <BranchPoints />
            </Method>
            <Method visited="false" cyclomaticComplexity="0" nPathComplexity="0" sequenceCoverage="0.0" branchCoverage="0" crapScore="0" isConstructor="false" isStatic="false" isGetter="false" isSetter="false">
              <Summary numSequencePoints="10" visitedSequencePoints="0" numBranchPoints="0" visitedBranchPoints="0" sequenceCoverage="0.0" branchCoverage="0" maxCyclomaticComplexity="0" minCyclomaticComplexity="0" maxCrapScore="0" minCrapScore="0" visitedClasses="0" numClasses="0" visitedMethods="0" numMethods="1" />
              <MetadataToken>100663306</MetadataToken>
              <Name>System.Void Fusion.NetworkAssetSourceResource[T]::UnloadInternal()</Name>
              <FileRef uid="133" />
              <SequencePoints>
                <SequencePoint vc="0" uspid="38040" ordinal="0" offset="0" sl="308" sc="0" el="308" ec="0" bec="0" bev="0" fileid="133" />
                <SequencePoint vc="0" uspid="38041" ordinal="0" offset="1" sl="309" sc="0" el="309" ec="0" bec="0" bev="0" fileid="133" />
                <SequencePoint vc="0" uspid="38042" ordinal="0" offset="21" sl="309" sc="0" el="309" ec="0" bec="0" bev="0" fileid="133" />
                <SequencePoint vc="0" uspid="38043" ordinal="0" offset="22" sl="310" sc="0" el="310" ec="0" bec="0" bev="0" fileid="133" />
                <SequencePoint vc="0" uspid="38044" ordinal="0" offset="60" sl="313" sc="0" el="313" ec="0" bec="0" bev="0" fileid="133" />
                <SequencePoint vc="0" uspid="38045" ordinal="0" offset="63" sl="313" sc="0" el="313" ec="0" bec="0" bev="0" fileid="133" />
                <SequencePoint vc="0" uspid="38046" ordinal="0" offset="81" sl="313" sc="0" el="313" ec="0" bec="0" bev="0" fileid="133" />
                <SequencePoint vc="0" uspid="38047" ordinal="0" offset="82" sl="315" sc="0" el="315" ec="0" bec="0" bev="0" fileid="133" />
                <SequencePoint vc="0" uspid="38048" ordinal="0" offset="83" sl="317" sc="0" el="317" ec="0" bec="0" bev="0" fileid="133" />
                <SequencePoint vc="0" uspid="38049" ordinal="0" offset="90" sl="318" sc="0" el="318" ec="0" bec="0" bev="0" fileid="133" />
              </SequencePoints>
              <BranchPoints />
            </Method>
            <Method visited="false" cyclomaticComplexity="0" nPathComplexity="0" sequenceCoverage="0.0" branchCoverage="0" crapScore="0" isConstructor="false" isStatic="false" isGetter="true" isSetter="false">
              <Summary numSequencePoints="1" visitedSequencePoints="0" numBranchPoints="0" visitedBranchPoints="0" sequenceCoverage="0.0" branchCoverage="0" maxCyclomaticComplexity="0" minCyclomaticComplexity="0" maxCrapScore="0" minCrapScore="0" visitedClasses="0" numClasses="0" visitedMethods="0" numMethods="1" />
              <MetadataToken>100663307</MetadataToken>
              <Name>System.String Fusion.NetworkAssetSourceResource[T]::get_Description()</Name>
              <FileRef uid="133" />
              <SequencePoints>
                <SequencePoint vc="0" uspid="38050" ordinal="0" offset="0" sl="323" sc="0" el="323" ec="0" bec="0" bev="0" fileid="133" />
              </SequencePoints>
              <BranchPoints />
            </Method>
            <Method visited="false" cyclomaticComplexity="0" nPathComplexity="0" sequenceCoverage="0.0" branchCoverage="0" crapScore="0" isConstructor="false" isStatic="false" isGetter="true" isSetter="false">
              <Summary numSequencePoints="1" visitedSequencePoints="0" numBranchPoints="0" visitedBranchPoints="0" sequenceCoverage="0.0" branchCoverage="0" maxCyclomaticComplexity="0" minCyclomaticComplexity="0" maxCrapScore="0" minCrapScore="0" visitedClasses="0" numClasses="0" visitedMethods="0" numMethods="1" />
              <MetadataToken>100663308</MetadataToken>
              <Name>T Fusion.NetworkAssetSourceResource[T]::get_EditorInstance()</Name>
              <FileRef uid="133" />
              <SequencePoints>
                <SequencePoint vc="0" uspid="38051" ordinal="0" offset="0" sl="329" sc="0" el="329" ec="0" bec="0" bev="0" fileid="133" />
              </SequencePoints>
              <BranchPoints />
            </Method>
          </Methods>
        </Class>
        <Class>
          <Summary numSequencePoints="24" visitedSequencePoints="0" numBranchPoints="0" visitedBranchPoints="0" sequenceCoverage="0.0" branchCoverage="0.0" maxCyclomaticComplexity="0" minCyclomaticComplexity="0" maxCrapScore="0" minCrapScore="0" visitedClasses="0" numClasses="1" visitedMethods="0" numMethods="8" />
          <FullName>Fusion.NetworkAssetSourceStatic[T]</FullName>
          <Methods>
            <Method visited="false" cyclomaticComplexity="0" nPathComplexity="0" sequenceCoverage="0.0" branchCoverage="0" crapScore="0" isConstructor="false" isStatic="false" isGetter="true" isSetter="false">
              <Summary numSequencePoints="1" visitedSequencePoints="0" numBranchPoints="0" visitedBranchPoints="0" sequenceCoverage="0.0" branchCoverage="0" maxCyclomaticComplexity="0" minCyclomaticComplexity="0" maxCrapScore="0" minCrapScore="0" visitedClasses="0" numClasses="0" visitedMethods="0" numMethods="1" />
              <MetadataToken>100663310</MetadataToken>
              <Name>T Fusion.NetworkAssetSourceStatic[T]::get_Prefab()</Name>
              <FileRef uid="133" />
              <SequencePoints>
                <SequencePoint vc="0" uspid="38052" ordinal="0" offset="0" sl="361" sc="0" el="361" ec="0" bec="0" bev="0" fileid="133" />
              </SequencePoints>
              <BranchPoints />
            </Method>
            <Method visited="false" cyclomaticComplexity="0" nPathComplexity="0" sequenceCoverage="0.0" branchCoverage="0" crapScore="0" isConstructor="false" isStatic="false" isGetter="false" isSetter="true">
              <Summary numSequencePoints="1" visitedSequencePoints="0" numBranchPoints="0" visitedBranchPoints="0" sequenceCoverage="0.0" branchCoverage="0" maxCyclomaticComplexity="0" minCyclomaticComplexity="0" maxCrapScore="0" minCrapScore="0" visitedClasses="0" numClasses="0" visitedMethods="0" numMethods="1" />
              <MetadataToken>100663311</MetadataToken>
              <Name>System.Void Fusion.NetworkAssetSourceStatic[T]::set_Prefab(T)</Name>
              <FileRef uid="133" />
              <SequencePoints>
                <SequencePoint vc="0" uspid="38053" ordinal="0" offset="0" sl="362" sc="0" el="362" ec="0" bec="0" bev="0" fileid="133" />
              </SequencePoints>
              <BranchPoints />
            </Method>
            <Method visited="false" cyclomaticComplexity="0" nPathComplexity="0" sequenceCoverage="0.0" branchCoverage="0" crapScore="0" isConstructor="false" isStatic="false" isGetter="true" isSetter="false">
              <Summary numSequencePoints="1" visitedSequencePoints="0" numBranchPoints="0" visitedBranchPoints="0" sequenceCoverage="0.0" branchCoverage="0" maxCyclomaticComplexity="0" minCyclomaticComplexity="0" maxCrapScore="0" minCrapScore="0" visitedClasses="0" numClasses="0" visitedMethods="0" numMethods="1" />
              <MetadataToken>100663312</MetadataToken>
              <Name>System.Boolean Fusion.NetworkAssetSourceStatic[T]::get_IsCompleted()</Name>
              <FileRef uid="133" />
              <SequencePoints>
                <SequencePoint vc="0" uspid="38054" ordinal="0" offset="0" sl="368" sc="0" el="368" ec="0" bec="0" bev="0" fileid="133" />
              </SequencePoints>
              <BranchPoints />
            </Method>
            <Method visited="false" cyclomaticComplexity="0" nPathComplexity="0" sequenceCoverage="0.0" branchCoverage="0" crapScore="0" isConstructor="false" isStatic="false" isGetter="false" isSetter="false">
              <Summary numSequencePoints="2" visitedSequencePoints="0" numBranchPoints="0" visitedBranchPoints="0" sequenceCoverage="0.0" branchCoverage="0" maxCyclomaticComplexity="0" minCyclomaticComplexity="0" maxCrapScore="0" minCrapScore="0" visitedClasses="0" numClasses="0" visitedMethods="0" numMethods="1" />
              <MetadataToken>100663313</MetadataToken>
              <Name>System.Void Fusion.NetworkAssetSourceStatic[T]::Acquire(System.Boolean)</Name>
              <FileRef uid="133" />
              <SequencePoints>
                <SequencePoint vc="0" uspid="38055" ordinal="0" offset="0" sl="373" sc="0" el="373" ec="0" bec="0" bev="0" fileid="133" />
                <SequencePoint vc="0" uspid="38056" ordinal="0" offset="1" sl="375" sc="0" el="375" ec="0" bec="0" bev="0" fileid="133" />
              </SequencePoints>
              <BranchPoints />
            </Method>
            <Method visited="false" cyclomaticComplexity="0" nPathComplexity="0" sequenceCoverage="0.0" branchCoverage="0" crapScore="0" isConstructor="false" isStatic="false" isGetter="false" isSetter="false">
              <Summary numSequencePoints="2" visitedSequencePoints="0" numBranchPoints="0" visitedBranchPoints="0" sequenceCoverage="0.0" branchCoverage="0" maxCyclomaticComplexity="0" minCyclomaticComplexity="0" maxCrapScore="0" minCrapScore="0" visitedClasses="0" numClasses="0" visitedMethods="0" numMethods="1" />
              <MetadataToken>100663314</MetadataToken>
              <Name>System.Void Fusion.NetworkAssetSourceStatic[T]::Release()</Name>
              <FileRef uid="133" />
              <SequencePoints>
                <SequencePoint vc="0" uspid="38057" ordinal="0" offset="0" sl="380" sc="0" el="380" ec="0" bec="0" bev="0" fileid="133" />
                <SequencePoint vc="0" uspid="38058" ordinal="0" offset="1" sl="382" sc="0" el="382" ec="0" bec="0" bev="0" fileid="133" />
              </SequencePoints>
              <BranchPoints />
            </Method>
            <Method visited="false" cyclomaticComplexity="0" nPathComplexity="0" sequenceCoverage="0.0" branchCoverage="0" crapScore="0" isConstructor="false" isStatic="false" isGetter="false" isSetter="false">
              <Summary numSequencePoints="6" visitedSequencePoints="0" numBranchPoints="0" visitedBranchPoints="0" sequenceCoverage="0.0" branchCoverage="0" maxCyclomaticComplexity="0" minCyclomaticComplexity="0" maxCrapScore="0" minCrapScore="0" visitedClasses="0" numClasses="0" visitedMethods="0" numMethods="1" />
              <MetadataToken>100663315</MetadataToken>
              <Name>T Fusion.NetworkAssetSourceStatic[T]::WaitForResult()</Name>
              <FileRef uid="133" />
              <SequencePoints>
                <SequencePoint vc="0" uspid="38059" ordinal="0" offset="0" sl="387" sc="0" el="387" ec="0" bec="0" bev="0" fileid="133" />
                <SequencePoint vc="0" uspid="38060" ordinal="0" offset="1" sl="388" sc="0" el="388" ec="0" bec="0" bev="0" fileid="133" />
                <SequencePoint vc="0" uspid="38061" ordinal="0" offset="22" sl="388" sc="0" el="388" ec="0" bec="0" bev="0" fileid="133" />
                <SequencePoint vc="0" uspid="38062" ordinal="0" offset="23" sl="389" sc="0" el="389" ec="0" bec="0" bev="0" fileid="133" />
                <SequencePoint vc="0" uspid="38063" ordinal="0" offset="34" sl="392" sc="0" el="392" ec="0" bec="0" bev="0" fileid="133" />
                <SequencePoint vc="0" uspid="38064" ordinal="0" offset="43" sl="393" sc="0" el="393" ec="0" bec="0" bev="0" fileid="133" />
              </SequencePoints>
              <BranchPoints />
            </Method>
            <Method visited="false" cyclomaticComplexity="0" nPathComplexity="0" sequenceCoverage="0.0" branchCoverage="0" crapScore="0" isConstructor="false" isStatic="false" isGetter="true" isSetter="false">
              <Summary numSequencePoints="10" visitedSequencePoints="0" numBranchPoints="0" visitedBranchPoints="0" sequenceCoverage="0.0" branchCoverage="0" maxCyclomaticComplexity="0" minCyclomaticComplexity="0" maxCrapScore="0" minCrapScore="0" visitedClasses="0" numClasses="0" visitedMethods="0" numMethods="1" />
              <MetadataToken>100663316</MetadataToken>
              <Name>System.String Fusion.NetworkAssetSourceStatic[T]::get_Description()</Name>
              <FileRef uid="133" />
              <SequencePoints>
                <SequencePoint vc="0" uspid="38065" ordinal="0" offset="0" sl="397" sc="0" el="397" ec="0" bec="0" bev="0" fileid="133" />
                <SequencePoint vc="0" uspid="38066" ordinal="0" offset="1" sl="398" sc="0" el="398" ec="0" bec="0" bev="0" fileid="133" />
                <SequencePoint vc="0" uspid="38067" ordinal="0" offset="21" sl="398" sc="0" el="398" ec="0" bec="0" bev="0" fileid="133" />
                <SequencePoint vc="0" uspid="38068" ordinal="0" offset="22" sl="400" sc="0" el="400" ec="0" bec="0" bev="0" fileid="133" />
                <SequencePoint vc="0" uspid="38069" ordinal="0" offset="46" sl="400" sc="0" el="400" ec="0" bec="0" bev="0" fileid="133" />
                <SequencePoint vc="0" uspid="38070" ordinal="0" offset="47" sl="401" sc="0" el="401" ec="0" bec="0" bev="0" fileid="133" />
                <SequencePoint vc="0" uspid="38071" ordinal="0" offset="68" sl="404" sc="0" el="404" ec="0" bec="0" bev="0" fileid="133" />
                <SequencePoint vc="0" uspid="38072" ordinal="0" offset="105" sl="405" sc="0" el="405" ec="0" bec="0" bev="0" fileid="133" />
                <SequencePoint vc="0" uspid="38073" ordinal="0" offset="106" sl="406" sc="0" el="406" ec="0" bec="0" bev="0" fileid="133" />
                <SequencePoint vc="0" uspid="38074" ordinal="0" offset="115" sl="408" sc="0" el="408" ec="0" bec="0" bev="0" fileid="133" />
              </SequencePoints>
              <BranchPoints />
            </Method>
            <Method visited="false" cyclomaticComplexity="0" nPathComplexity="0" sequenceCoverage="0.0" branchCoverage="0" crapScore="0" isConstructor="false" isStatic="false" isGetter="true" isSetter="false">
              <Summary numSequencePoints="1" visitedSequencePoints="0" numBranchPoints="0" visitedBranchPoints="0" sequenceCoverage="0.0" branchCoverage="0" maxCyclomaticComplexity="0" minCyclomaticComplexity="0" maxCrapScore="0" minCrapScore="0" visitedClasses="0" numClasses="0" visitedMethods="0" numMethods="1" />
              <MetadataToken>100663317</MetadataToken>
              <Name>T Fusion.NetworkAssetSourceStatic[T]::get_EditorInstance()</Name>
              <FileRef uid="133" />
              <SequencePoints>
                <SequencePoint vc="0" uspid="38075" ordinal="0" offset="0" sl="415" sc="0" el="415" ec="0" bec="0" bev="0" fileid="133" />
              </SequencePoints>
              <BranchPoints />
            </Method>
          </Methods>
        </Class>
        <Class>
          <Summary numSequencePoints="27" visitedSequencePoints="0" numBranchPoints="0" visitedBranchPoints="0" sequenceCoverage="0.0" branchCoverage="0.0" maxCyclomaticComplexity="0" minCyclomaticComplexity="0" maxCrapScore="0" minCrapScore="0" visitedClasses="0" numClasses="1" visitedMethods="0" numMethods="8" />
          <FullName>Fusion.NetworkAssetSourceStaticLazy[T]</FullName>
          <Methods>
            <Method visited="false" cyclomaticComplexity="0" nPathComplexity="0" sequenceCoverage="0.0" branchCoverage="0" crapScore="0" isConstructor="false" isStatic="false" isGetter="true" isSetter="false">
              <Summary numSequencePoints="1" visitedSequencePoints="0" numBranchPoints="0" visitedBranchPoints="0" sequenceCoverage="0.0" branchCoverage="0" maxCyclomaticComplexity="0" minCyclomaticComplexity="0" maxCrapScore="0" minCrapScore="0" visitedClasses="0" numClasses="0" visitedMethods="0" numMethods="1" />
              <MetadataToken>100663319</MetadataToken>
              <Name>UnityEngine.LazyLoadReference[T] Fusion.NetworkAssetSourceStaticLazy[T]::get_Prefab()</Name>
              <FileRef uid="133" />
              <SequencePoints>
                <SequencePoint vc="0" uspid="38076" ordinal="0" offset="0" sl="448" sc="0" el="448" ec="0" bec="0" bev="0" fileid="133" />
              </SequencePoints>
              <BranchPoints />
            </Method>
            <Method visited="false" cyclomaticComplexity="0" nPathComplexity="0" sequenceCoverage="0.0" branchCoverage="0" crapScore="0" isConstructor="false" isStatic="false" isGetter="false" isSetter="true">
              <Summary numSequencePoints="1" visitedSequencePoints="0" numBranchPoints="0" visitedBranchPoints="0" sequenceCoverage="0.0" branchCoverage="0" maxCyclomaticComplexity="0" minCyclomaticComplexity="0" maxCrapScore="0" minCrapScore="0" visitedClasses="0" numClasses="0" visitedMethods="0" numMethods="1" />
              <MetadataToken>100663320</MetadataToken>
              <Name>System.Void Fusion.NetworkAssetSourceStaticLazy[T]::set_Prefab(UnityEngine.LazyLoadReference[T])</Name>
              <FileRef uid="133" />
              <SequencePoints>
                <SequencePoint vc="0" uspid="38077" ordinal="0" offset="0" sl="449" sc="0" el="449" ec="0" bec="0" bev="0" fileid="133" />
              </SequencePoints>
              <BranchPoints />
            </Method>
            <Method visited="false" cyclomaticComplexity="0" nPathComplexity="0" sequenceCoverage="0.0" branchCoverage="0" crapScore="0" isConstructor="false" isStatic="false" isGetter="true" isSetter="false">
              <Summary numSequencePoints="1" visitedSequencePoints="0" numBranchPoints="0" visitedBranchPoints="0" sequenceCoverage="0.0" branchCoverage="0" maxCyclomaticComplexity="0" minCyclomaticComplexity="0" maxCrapScore="0" minCrapScore="0" visitedClasses="0" numClasses="0" visitedMethods="0" numMethods="1" />
              <MetadataToken>100663321</MetadataToken>
              <Name>System.Boolean Fusion.NetworkAssetSourceStaticLazy[T]::get_IsCompleted()</Name>
              <FileRef uid="133" />
              <SequencePoints>
                <SequencePoint vc="0" uspid="38078" ordinal="0" offset="0" sl="453" sc="0" el="453" ec="0" bec="0" bev="0" fileid="133" />
              </SequencePoints>
              <BranchPoints />
            </Method>
            <Method visited="false" cyclomaticComplexity="0" nPathComplexity="0" sequenceCoverage="0.0" branchCoverage="0" crapScore="0" isConstructor="false" isStatic="false" isGetter="false" isSetter="false">
              <Summary numSequencePoints="2" visitedSequencePoints="0" numBranchPoints="0" visitedBranchPoints="0" sequenceCoverage="0.0" branchCoverage="0" maxCyclomaticComplexity="0" minCyclomaticComplexity="0" maxCrapScore="0" minCrapScore="0" visitedClasses="0" numClasses="0" visitedMethods="0" numMethods="1" />
              <MetadataToken>100663322</MetadataToken>
              <Name>System.Void Fusion.NetworkAssetSourceStaticLazy[T]::Acquire(System.Boolean)</Name>
              <FileRef uid="133" />
              <SequencePoints>
                <SequencePoint vc="0" uspid="38079" ordinal="0" offset="0" sl="456" sc="0" el="456" ec="0" bec="0" bev="0" fileid="133" />
                <SequencePoint vc="0" uspid="38080" ordinal="0" offset="1" sl="458" sc="0" el="458" ec="0" bec="0" bev="0" fileid="133" />
              </SequencePoints>
              <BranchPoints />
            </Method>
            <Method visited="false" cyclomaticComplexity="0" nPathComplexity="0" sequenceCoverage="0.0" branchCoverage="0" crapScore="0" isConstructor="false" isStatic="false" isGetter="false" isSetter="false">
              <Summary numSequencePoints="2" visitedSequencePoints="0" numBranchPoints="0" visitedBranchPoints="0" sequenceCoverage="0.0" branchCoverage="0" maxCyclomaticComplexity="0" minCyclomaticComplexity="0" maxCrapScore="0" minCrapScore="0" visitedClasses="0" numClasses="0" visitedMethods="0" numMethods="1" />
              <MetadataToken>100663323</MetadataToken>
              <Name>System.Void Fusion.NetworkAssetSourceStaticLazy[T]::Release()</Name>
              <FileRef uid="133" />
              <SequencePoints>
                <SequencePoint vc="0" uspid="38081" ordinal="0" offset="0" sl="461" sc="0" el="461" ec="0" bec="0" bev="0" fileid="133" />
                <SequencePoint vc="0" uspid="38082" ordinal="0" offset="1" sl="463" sc="0" el="463" ec="0" bec="0" bev="0" fileid="133" />
              </SequencePoints>
              <BranchPoints />
            </Method>
            <Method visited="false" cyclomaticComplexity="0" nPathComplexity="0" sequenceCoverage="0.0" branchCoverage="0" crapScore="0" isConstructor="false" isStatic="false" isGetter="false" isSetter="false">
              <Summary numSequencePoints="6" visitedSequencePoints="0" numBranchPoints="0" visitedBranchPoints="0" sequenceCoverage="0.0" branchCoverage="0" maxCyclomaticComplexity="0" minCyclomaticComplexity="0" maxCrapScore="0" minCrapScore="0" visitedClasses="0" numClasses="0" visitedMethods="0" numMethods="1" />
              <MetadataToken>100663324</MetadataToken>
              <Name>T Fusion.NetworkAssetSourceStaticLazy[T]::WaitForResult()</Name>
              <FileRef uid="133" />
              <SequencePoints>
                <SequencePoint vc="0" uspid="38083" ordinal="0" offset="0" sl="466" sc="0" el="466" ec="0" bec="0" bev="0" fileid="133" />
                <SequencePoint vc="0" uspid="38084" ordinal="0" offset="1" sl="467" sc="0" el="467" ec="0" bec="0" bev="0" fileid="133" />
                <SequencePoint vc="0" uspid="38085" ordinal="0" offset="27" sl="467" sc="0" el="467" ec="0" bec="0" bev="0" fileid="133" />
                <SequencePoint vc="0" uspid="38086" ordinal="0" offset="28" sl="468" sc="0" el="468" ec="0" bec="0" bev="0" fileid="133" />
                <SequencePoint vc="0" uspid="38087" ordinal="0" offset="39" sl="471" sc="0" el="471" ec="0" bec="0" bev="0" fileid="133" />
                <SequencePoint vc="0" uspid="38088" ordinal="0" offset="53" sl="472" sc="0" el="472" ec="0" bec="0" bev="0" fileid="133" />
              </SequencePoints>
              <BranchPoints />
            </Method>
            <Method visited="false" cyclomaticComplexity="0" nPathComplexity="0" sequenceCoverage="0.0" branchCoverage="0" crapScore="0" isConstructor="false" isStatic="false" isGetter="true" isSetter="false">
              <Summary numSequencePoints="13" visitedSequencePoints="0" numBranchPoints="0" visitedBranchPoints="0" sequenceCoverage="0.0" branchCoverage="0" maxCyclomaticComplexity="0" minCyclomaticComplexity="0" maxCrapScore="0" minCrapScore="0" visitedClasses="0" numClasses="0" visitedMethods="0" numMethods="1" />
              <MetadataToken>100663325</MetadataToken>
              <Name>System.String Fusion.NetworkAssetSourceStaticLazy[T]::get_Description()</Name>
              <FileRef uid="133" />
              <SequencePoints>
                <SequencePoint vc="0" uspid="38089" ordinal="0" offset="0" sl="476" sc="0" el="476" ec="0" bec="0" bev="0" fileid="133" />
                <SequencePoint vc="0" uspid="38090" ordinal="0" offset="1" sl="477" sc="0" el="477" ec="0" bec="0" bev="0" fileid="133" />
                <SequencePoint vc="0" uspid="38091" ordinal="0" offset="16" sl="477" sc="0" el="477" ec="0" bec="0" bev="0" fileid="133" />
                <SequencePoint vc="0" uspid="38092" ordinal="0" offset="17" sl="478" sc="0" el="478" ec="0" bec="0" bev="0" fileid="133" />
                <SequencePoint vc="0" uspid="38093" ordinal="0" offset="25" sl="479" sc="0" el="479" ec="0" bec="0" bev="0" fileid="133" />
                <SequencePoint vc="0" uspid="38094" ordinal="0" offset="40" sl="479" sc="0" el="479" ec="0" bec="0" bev="0" fileid="133" />
                <SequencePoint vc="0" uspid="38095" ordinal="0" offset="41" sl="481" sc="0" el="481" ec="0" bec="0" bev="0" fileid="133" />
                <SequencePoint vc="0" uspid="38096" ordinal="0" offset="67" sl="481" sc="0" el="481" ec="0" bec="0" bev="0" fileid="133" />
                <SequencePoint vc="0" uspid="38097" ordinal="0" offset="68" sl="482" sc="0" el="482" ec="0" bec="0" bev="0" fileid="133" />
                <SequencePoint vc="0" uspid="38098" ordinal="0" offset="89" sl="485" sc="0" el="485" ec="0" bec="0" bev="0" fileid="133" />
                <SequencePoint vc="0" uspid="38099" ordinal="0" offset="130" sl="486" sc="0" el="486" ec="0" bec="0" bev="0" fileid="133" />
                <SequencePoint vc="0" uspid="38100" ordinal="0" offset="131" sl="487" sc="0" el="487" ec="0" bec="0" bev="0" fileid="133" />
                <SequencePoint vc="0" uspid="38101" ordinal="0" offset="139" sl="489" sc="0" el="489" ec="0" bec="0" bev="0" fileid="133" />
              </SequencePoints>
              <BranchPoints />
            </Method>
            <Method visited="false" cyclomaticComplexity="0" nPathComplexity="0" sequenceCoverage="0.0" branchCoverage="0" crapScore="0" isConstructor="false" isStatic="false" isGetter="true" isSetter="false">
              <Summary numSequencePoints="1" visitedSequencePoints="0" numBranchPoints="0" visitedBranchPoints="0" sequenceCoverage="0.0" branchCoverage="0" maxCyclomaticComplexity="0" minCyclomaticComplexity="0" maxCrapScore="0" minCrapScore="0" visitedClasses="0" numClasses="0" visitedMethods="0" numMethods="1" />
              <MetadataToken>100663326</MetadataToken>
              <Name>T Fusion.NetworkAssetSourceStaticLazy[T]::get_EditorInstance()</Name>
              <FileRef uid="133" />
              <SequencePoints>
                <SequencePoint vc="0" uspid="38102" ordinal="0" offset="0" sl="494" sc="0" el="494" ec="0" bec="0" bev="0" fileid="133" />
              </SequencePoints>
              <BranchPoints />
            </Method>
          </Methods>
        </Class>
        <Class>
          <Summary numSequencePoints="16" visitedSequencePoints="0" numBranchPoints="0" visitedBranchPoints="0" sequenceCoverage="0.0" branchCoverage="0.0" maxCyclomaticComplexity="0" minCyclomaticComplexity="0" maxCrapScore="0" minCrapScore="0" visitedClasses="0" numClasses="1" visitedMethods="0" numMethods="1" />
          <FullName>Fusion.JsonUtilityExtensions</FullName>
          <Methods>
            <Method visited="false" cyclomaticComplexity="0" nPathComplexity="0" sequenceCoverage="0.0" branchCoverage="0" crapScore="0" isConstructor="false" isStatic="true" isGetter="false" isSetter="false">
              <Summary numSequencePoints="16" visitedSequencePoints="0" numBranchPoints="0" visitedBranchPoints="0" sequenceCoverage="0.0" branchCoverage="0" maxCyclomaticComplexity="0" minCyclomaticComplexity="0" maxCrapScore="0" minCrapScore="0" visitedClasses="0" numClasses="0" visitedMethods="0" numMethods="1" />
              <MetadataToken>100663360</MetadataToken>
              <Name>static T Fusion.JsonUtilityExtensions::FromJsonWithTypeAnnotation[T](System.String, Fusion.JsonUtilityExtensions/TypeResolverDelegate)</Name>
              <FileRef uid="133" />
              <SequencePoints>
                <SequencePoint vc="0" uspid="38396" ordinal="0" offset="0" sl="1110" sc="0" el="1110" ec="0" bec="0" bev="0" fileid="133" />
                <SequencePoint vc="0" uspid="38397" ordinal="0" offset="1" sl="1111" sc="0" el="1111" ec="0" bec="0" bev="0" fileid="133" />
                <SequencePoint vc="0" uspid="38398" ordinal="0" offset="20" sl="1111" sc="0" el="1111" ec="0" bec="0" bev="0" fileid="133" />
                <SequencePoint vc="0" uspid="38399" ordinal="0" offset="21" sl="1112" sc="0" el="1112" ec="0" bec="0" bev="0" fileid="133" />
                <SequencePoint vc="0" uspid="38400" ordinal="0" offset="61" sl="1113" sc="0" el="1113" ec="0" bec="0" bev="0" fileid="133" />
                <SequencePoint vc="0" uspid="38401" ordinal="0" offset="73" sl="1114" sc="0" el="1114" ec="0" bec="0" bev="0" fileid="133" />
                <SequencePoint vc="0" uspid="38402" ordinal="0" offset="82" sl="1116" sc="0" el="1116" ec="0" bec="0" bev="0" fileid="133" />
                <SequencePoint vc="0" uspid="38403" ordinal="0" offset="109" sl="1117" sc="0" el="1117" ec="0" bec="0" bev="0" fileid="133" />
                <SequencePoint vc="0" uspid="38404" ordinal="0" offset="118" sl="1118" sc="0" el="1118" ec="0" bec="0" bev="0" fileid="133" />
                <SequencePoint vc="0" uspid="38405" ordinal="0" offset="128" sl="1121" sc="0" el="1121" ec="0" bec="0" bev="0" fileid="133" />
                <SequencePoint vc="0" uspid="38406" ordinal="0" offset="170" sl="1121" sc="0" el="1121" ec="0" bec="0" bev="0" fileid="133" />
                <SequencePoint vc="0" uspid="38407" ordinal="0" offset="171" sl="1122" sc="0" el="1122" ec="0" bec="0" bev="0" fileid="133" />
                <SequencePoint vc="0" uspid="38408" ordinal="0" offset="193" sl="1123" sc="0" el="1123" ec="0" bec="0" bev="0" fileid="133" />
                <SequencePoint vc="0" uspid="38409" ordinal="0" offset="203" sl="1124" sc="0" el="1124" ec="0" bec="0" bev="0" fileid="133" />
                <SequencePoint vc="0" uspid="38410" ordinal="0" offset="214" sl="1127" sc="0" el="1127" ec="0" bec="0" bev="0" fileid="133" />
                <SequencePoint vc="0" uspid="38411" ordinal="0" offset="231" sl="1128" sc="0" el="1128" ec="0" bec="0" bev="0" fileid="133" />
              </SequencePoints>
              <BranchPoints />
            </Method>
          </Methods>
        </Class>
        <Class>
          <Summary numSequencePoints="5" visitedSequencePoints="0" numBranchPoints="0" visitedBranchPoints="0" sequenceCoverage="0.0" branchCoverage="0.0" maxCyclomaticComplexity="0" minCyclomaticComplexity="0" maxCrapScore="0" minCrapScore="0" visitedClasses="0" numClasses="1" visitedMethods="0" numMethods="2" />
          <FullName>Fusion.FusionMppm</FullName>
          <Methods>
            <Method visited="false" cyclomaticComplexity="0" nPathComplexity="0" sequenceCoverage="0.0" branchCoverage="0" crapScore="0" isConstructor="false" isStatic="false" isGetter="false" isSetter="false">
              <Summary numSequencePoints="2" visitedSequencePoints="0" numBranchPoints="0" visitedBranchPoints="0" sequenceCoverage="0.0" branchCoverage="0" maxCyclomaticComplexity="0" minCyclomaticComplexity="0" maxCrapScore="0" minCrapScore="0" visitedClasses="0" numClasses="0" visitedMethods="0" numMethods="1" />
              <MetadataToken>100663369</MetadataToken>
              <Name>System.Void Fusion.FusionMppm::Send[T](T)</Name>
              <FileRef uid="133" />
              <SequencePoints>
                <SequencePoint vc="0" uspid="38609" ordinal="0" offset="0" sl="1684" sc="0" el="1684" ec="0" bec="0" bev="0" fileid="133" />
                <SequencePoint vc="0" uspid="38610" ordinal="0" offset="1" sl="1689" sc="0" el="1689" ec="0" bec="0" bev="0" fileid="133" />
              </SequencePoints>
              <BranchPoints />
            </Method>
            <Method visited="false" cyclomaticComplexity="0" nPathComplexity="0" sequenceCoverage="0.0" branchCoverage="0" crapScore="0" isConstructor="false" isStatic="true" isGetter="false" isSetter="false">
              <Summary numSequencePoints="3" visitedSequencePoints="0" numBranchPoints="0" visitedBranchPoints="0" sequenceCoverage="0.0" branchCoverage="0" maxCyclomaticComplexity="0" minCyclomaticComplexity="0" maxCrapScore="0" minCrapScore="0" visitedClasses="0" numClasses="0" visitedMethods="0" numMethods="1" />
              <MetadataToken>100663370</MetadataToken>
              <Name>static System.Void Fusion.FusionMppm::Broadcast[T](T)</Name>
              <FileRef uid="133" />
              <SequencePoints>
                <SequencePoint vc="0" uspid="38611" ordinal="0" offset="0" sl="1703" sc="0" el="1703" ec="0" bec="0" bev="0" fileid="133" />
                <SequencePoint vc="0" uspid="38612" ordinal="0" offset="1" sl="1704" sc="0" el="1704" ec="0" bec="0" bev="0" fileid="133" />
                <SequencePoint vc="0" uspid="38613" ordinal="0" offset="19" sl="1705" sc="0" el="1705" ec="0" bec="0" bev="0" fileid="133" />
              </SequencePoints>
              <BranchPoints />
            </Method>
          </Methods>
        </Class>
        <Class>
          <Summary numSequencePoints="17" visitedSequencePoints="0" numBranchPoints="0" visitedBranchPoints="0" sequenceCoverage="0.0" branchCoverage="0.0" maxCyclomaticComplexity="0" minCyclomaticComplexity="0" maxCrapScore="0" minCrapScore="0" visitedClasses="0" numClasses="1" visitedMethods="0" numMethods="2" />
          <FullName>Fusion.NetworkObjectBaker</FullName>
          <Methods>
            <Method visited="false" cyclomaticComplexity="0" nPathComplexity="0" sequenceCoverage="0.0" branchCoverage="0" crapScore="0" isConstructor="false" isStatic="false" isGetter="false" isSetter="false">
              <Summary numSequencePoints="8" visitedSequencePoints="0" numBranchPoints="0" visitedBranchPoints="0" sequenceCoverage="0.0" branchCoverage="0" maxCyclomaticComplexity="0" minCyclomaticComplexity="0" maxCrapScore="0" minCrapScore="0" visitedClasses="0" numClasses="0" visitedMethods="0" numMethods="1" />
              <MetadataToken>100663387</MetadataToken>
              <Name>System.Boolean Fusion.NetworkObjectBaker::Set[T](UnityEngine.MonoBehaviour, , T)</Name>
              <FileRef uid="133" />
              <SequencePoints>
                <SequencePoint vc="0" uspid="38760" ordinal="0" offset="0" sl="2241" sc="0" el="2241" ec="0" bec="0" bev="0" fileid="133" />
                <SequencePoint vc="0" uspid="38761" ordinal="0" offset="1" sl="2242" sc="0" el="2242" ec="0" bec="0" bev="0" fileid="133" />
                <SequencePoint vc="0" uspid="38762" ordinal="0" offset="25" sl="2242" sc="0" el="2242" ec="0" bec="0" bev="0" fileid="133" />
                <SequencePoint vc="0" uspid="38763" ordinal="0" offset="26" sl="2244" sc="0" el="2244" ec="0" bec="0" bev="0" fileid="133" />
                <SequencePoint vc="0" uspid="38764" ordinal="0" offset="33" sl="2245" sc="0" el="2245" ec="0" bec="0" bev="0" fileid="133" />
                <SequencePoint vc="0" uspid="38765" ordinal="0" offset="37" sl="2246" sc="0" el="2246" ec="0" bec="0" bev="0" fileid="133" />
                <SequencePoint vc="0" uspid="38766" ordinal="0" offset="38" sl="2247" sc="0" el="2247" ec="0" bec="0" bev="0" fileid="133" />
                <SequencePoint vc="0" uspid="38767" ordinal="0" offset="42" sl="2249" sc="0" el="2249" ec="0" bec="0" bev="0" fileid="133" />
              </SequencePoints>
              <BranchPoints />
            </Method>
            <Method visited="false" cyclomaticComplexity="0" nPathComplexity="0" sequenceCoverage="0.0" branchCoverage="0" crapScore="0" isConstructor="false" isStatic="false" isGetter="false" isSetter="false">
              <Summary numSequencePoints="9" visitedSequencePoints="0" numBranchPoints="0" visitedBranchPoints="0" sequenceCoverage="0.0" branchCoverage="0" maxCyclomaticComplexity="0" minCyclomaticComplexity="0" maxCrapScore="0" minCrapScore="0" visitedClasses="0" numClasses="0" visitedMethods="0" numMethods="1" />
              <MetadataToken>100663388</MetadataToken>
              <Name>System.Boolean Fusion.NetworkObjectBaker::Set[T](UnityEngine.MonoBehaviour, , System.Collections.Generic.List[T])</Name>
              <FileRef uid="133" />
              <SequencePoints>
[...]
              <FileRef uid="181" />
              <SequencePoints>
                <SequencePoint vc="0" uspid="57862" ordinal="0" offset="0" sl="6190" sc="0" el="6190" ec="0" bec="0" bev="0" fileid="181" />
                <SequencePoint vc="0" uspid="57863" ordinal="0" offset="1" sl="6191" sc="0" el="6191" ec="0" bec="0" bev="0" fileid="181" />
                <SequencePoint vc="0" uspid="57864" ordinal="0" offset="13" sl="6192" sc="0" el="6192" ec="0" bec="0" bev="0" fileid="181" />
                <SequencePoint vc="0" uspid="57865" ordinal="0" offset="25" sl="6193" sc="0" el="6193" ec="0" bec="0" bev="0" fileid="181" />
                <SequencePoint vc="0" uspid="57866" ordinal="0" offset="33" sl="6194" sc="0" el="6194" ec="0" bec="0" bev="0" fileid="181" />
                <SequencePoint vc="0" uspid="57867" ordinal="0" offset="41" sl="6195" sc="0" el="6195" ec="0" bec="0" bev="0" fileid="181" />
                <SequencePoint vc="0" uspid="57868" ordinal="0" offset="45" sl="6196" sc="0" el="6196" ec="0" bec="0" bev="0" fileid="181" />
              </SequencePoints>
              <BranchPoints />
            </Method>
            <Method visited="false" cyclomaticComplexity="0" nPathComplexity="0" sequenceCoverage="0.0" branchCoverage="0" crapScore="0" isConstructor="false" isStatic="true" isGetter="false" isSetter="false">
              <Summary numSequencePoints="11" visitedSequencePoints="0" numBranchPoints="0" visitedBranchPoints="0" sequenceCoverage="0.0" branchCoverage="0" maxCyclomaticComplexity="0" minCyclomaticComplexity="0" maxCrapScore="0" minCrapScore="0" visitedClasses="0" numClasses="0" visitedMethods="0" numMethods="1" />
              <MetadataToken>100663687</MetadataToken>
              <Name>static Mono.Cecil.MethodReference Fusion.CodeGen.MonoCecilExtensions::ImportMethod[TResult](Mono.Cecil.ModuleDefinition, System.Linq.Expressions.Expression[Func`1], Mono.Cecil.TypeReference)</Name>
              <FileRef uid="181" />
              <SequencePoints>
                <SequencePoint vc="0" uspid="57869" ordinal="0" offset="0" sl="6198" sc="0" el="6198" ec="0" bec="0" bev="0" fileid="181" />
                <SequencePoint vc="0" uspid="57870" ordinal="0" offset="1" sl="6200" sc="0" el="6200" ec="0" bec="0" bev="0" fileid="181" />
                <SequencePoint vc="0" uspid="57871" ordinal="0" offset="39" sl="6202" sc="0" el="6202" ec="0" bec="0" bev="0" fileid="181" />
                <SequencePoint vc="0" uspid="57872" ordinal="0" offset="46" sl="6203" sc="0" el="6203" ec="0" bec="0" bev="0" fileid="181" />
                <SequencePoint vc="0" uspid="57873" ordinal="0" offset="50" sl="6205" sc="0" el="6205" ec="0" bec="0" bev="0" fileid="181" />
                <SequencePoint vc="0" uspid="57874" ordinal="0" offset="57" sl="6206" sc="0" el="6206" ec="0" bec="0" bev="0" fileid="181" />
                <SequencePoint vc="0" uspid="57875" ordinal="0" offset="59" sl="6208" sc="0" el="6208" ec="0" bec="0" bev="0" fileid="181" />
                <SequencePoint vc="0" uspid="57876" ordinal="0" offset="86" sl="6211" sc="0" el="6211" ec="0" bec="0" bev="0" fileid="181" />
                <SequencePoint vc="0" uspid="57877" ordinal="0" offset="94" sl="6212" sc="0" el="6212" ec="0" bec="0" bev="0" fileid="181" />
                <SequencePoint vc="0" uspid="57878" ordinal="0" offset="102" sl="6213" sc="0" el="6213" ec="0" bec="0" bev="0" fileid="181" />
                <SequencePoint vc="0" uspid="57879" ordinal="0" offset="107" sl="6214" sc="0" el="6214" ec="0" bec="0" bev="0" fileid="181" />
              </SequencePoints>
              <BranchPoints />
            </Method>
            <Method visited="false" cyclomaticComplexity="0" nPathComplexity="0" sequenceCoverage="0.0" branchCoverage="0" crapScore="0" isConstructor="false" isStatic="true" isGetter="false" isSetter="false">
              <Summary numSequencePoints="6" visitedSequencePoints="0" numBranchPoints="0" visitedBranchPoints="0" sequenceCoverage="0.0" branchCoverage="0" maxCyclomaticComplexity="0" minCyclomaticComplexity="0" maxCrapScore="0" minCrapScore="0" visitedClasses="0" numClasses="0" visitedMethods="0" numMethods="1" />
              <MetadataToken>100663688</MetadataToken>
              <Name>static Mono.Cecil.MethodReference Fusion.CodeGen.MonoCecilExtensions::ImportMethod[T, TResult](Mono.Cecil.ModuleDefinition, System.Linq.Expressions.Expression[Func`2], Mono.Cecil.TypeReference)</Name>
              <FileRef uid="181" />
              <SequencePoints>
                <SequencePoint vc="0" uspid="57880" ordinal="0" offset="0" sl="6216" sc="0" el="6216" ec="0" bec="0" bev="0" fileid="181" />
                <SequencePoint vc="0" uspid="57881" ordinal="0" offset="1" sl="6217" sc="0" el="6217" ec="0" bec="0" bev="0" fileid="181" />
                <SequencePoint vc="0" uspid="57882" ordinal="0" offset="13" sl="6218" sc="0" el="6218" ec="0" bec="0" bev="0" fileid="181" />
                <SequencePoint vc="0" uspid="57883" ordinal="0" offset="26" sl="6219" sc="0" el="6219" ec="0" bec="0" bev="0" fileid="181" />
                <SequencePoint vc="0" uspid="57884" ordinal="0" offset="34" sl="6220" sc="0" el="6220" ec="0" bec="0" bev="0" fileid="181" />
                <SequencePoint vc="0" uspid="57885" ordinal="0" offset="38" sl="6221" sc="0" el="6221" ec="0" bec="0" bev="0" fileid="181" />
              </SequencePoints>
              <BranchPoints />
            </Method>
            <Method visited="false" cyclomaticComplexity="0" nPathComplexity="0" sequenceCoverage="0.0" branchCoverage="0" crapScore="0" isConstructor="false" isStatic="true" isGetter="false" isSetter="false">
              <Summary numSequencePoints="6" visitedSequencePoints="0" numBranchPoints="0" visitedBranchPoints="0" sequenceCoverage="0.0" branchCoverage="0" maxCyclomaticComplexity="0" minCyclomaticComplexity="0" maxCrapScore="0" minCrapScore="0" visitedClasses="0" numClasses="0" visitedMethods="0" numMethods="1" />
              <MetadataToken>100663689</MetadataToken>
              <Name>static Mono.Cecil.MethodReference Fusion.CodeGen.MonoCecilExtensions::ImportMethod[T](Mono.Cecil.ModuleDefinition, System.Linq.Expressions.Expression[Action`1], Mono.Cecil.TypeReference)</Name>
              <FileRef uid="181" />
              <SequencePoints>
                <SequencePoint vc="0" uspid="57886" ordinal="0" offset="0" sl="6223" sc="0" el="6223" ec="0" bec="0" bev="0" fileid="181" />
                <SequencePoint vc="0" uspid="57887" ordinal="0" offset="1" sl="6224" sc="0" el="6224" ec="0" bec="0" bev="0" fileid="181" />
                <SequencePoint vc="0" uspid="57888" ordinal="0" offset="13" sl="6225" sc="0" el="6225" ec="0" bec="0" bev="0" fileid="181" />
                <SequencePoint vc="0" uspid="57889" ordinal="0" offset="26" sl="6226" sc="0" el="6226" ec="0" bec="0" bev="0" fileid="181" />
                <SequencePoint vc="0" uspid="57890" ordinal="0" offset="34" sl="6227" sc="0" el="6227" ec="0" bec="0" bev="0" fileid="181" />
                <SequencePoint vc="0" uspid="57891" ordinal="0" offset="38" sl="6228" sc="0" el="6228" ec="0" bec="0" bev="0" fileid="181" />
              </SequencePoints>
              <BranchPoints />
            </Method>
            <Method visited="false" cyclomaticComplexity="0" nPathComplexity="0" sequenceCoverage="0.0" branchCoverage="0" crapScore="0" isConstructor="false" isStatic="true" isGetter="false" isSetter="false">
              <Summary numSequencePoints="3" visitedSequencePoints="0" numBranchPoints="0" visitedBranchPoints="0" sequenceCoverage="0.0" branchCoverage="0" maxCyclomaticComplexity="0" minCyclomaticComplexity="0" maxCrapScore="0" minCrapScore="0" visitedClasses="0" numClasses="0" visitedMethods="0" numMethods="1" />
              <MetadataToken>100663692</MetadataToken>
              <Name>static Mono.Cecil.TypeReference Fusion.CodeGen.MonoCecilExtensions::ImportType[T](Mono.Cecil.ModuleDefinition)</Name>
              <FileRef uid="181" />
              <SequencePoints>
                <SequencePoint vc="0" uspid="57929" ordinal="0" offset="0" sl="6269" sc="0" el="6269" ec="0" bec="0" bev="0" fileid="181" />
                <SequencePoint vc="0" uspid="57930" ordinal="0" offset="1" sl="6270" sc="0" el="6270" ec="0" bec="0" bev="0" fileid="181" />
                <SequencePoint vc="0" uspid="57931" ordinal="0" offset="20" sl="6271" sc="0" el="6271" ec="0" bec="0" bev="0" fileid="181" />
              </SequencePoints>
              <BranchPoints />
            </Method>
          </Methods>
        </Class>
        <Class>
          <Summary numSequencePoints="18" visitedSequencePoints="0" numBranchPoints="0" visitedBranchPoints="0" sequenceCoverage="0.0" branchCoverage="0.0" maxCyclomaticComplexity="0" minCyclomaticComplexity="0" maxCrapScore="0" minCrapScore="0" visitedClasses="0" numClasses="1" visitedMethods="0" numMethods="3" />
          <FullName>Fusion.CodeGen.NetworkTypeInfoRegistry</FullName>
          <Methods>
            <Method visited="false" cyclomaticComplexity="0" nPathComplexity="0" sequenceCoverage="0.0" branchCoverage="0" crapScore="0" isConstructor="false" isStatic="false" isGetter="false" isSetter="false">
              <Summary numSequencePoints="1" visitedSequencePoints="0" numBranchPoints="0" visitedBranchPoints="0" sequenceCoverage="0.0" branchCoverage="0" maxCyclomaticComplexity="0" minCyclomaticComplexity="0" maxCrapScore="0" minCrapScore="0" visitedClasses="0" numClasses="0" visitedMethods="0" numMethods="1" />
              <MetadataToken>100663729</MetadataToken>
              <Name>Fusion.CodeGen.NetworkTypeInfo Fusion.CodeGen.NetworkTypeInfoRegistry::GetInfo[T]()</Name>
              <FileRef uid="181" />
              <SequencePoints>
                <SequencePoint vc="0" uspid="58176" ordinal="0" offset="0" sl="6659" sc="0" el="6659" ec="0" bec="0" bev="0" fileid="181" />
              </SequencePoints>
              <BranchPoints />
            </Method>
            <Method visited="false" cyclomaticComplexity="0" nPathComplexity="0" sequenceCoverage="0.0" branchCoverage="0" crapScore="0" isConstructor="false" isStatic="false" isGetter="false" isSetter="false">
              <Summary numSequencePoints="14" visitedSequencePoints="0" numBranchPoints="0" visitedBranchPoints="0" sequenceCoverage="0.0" branchCoverage="0" maxCyclomaticComplexity="0" minCyclomaticComplexity="0" maxCrapScore="0" minCrapScore="0" visitedClasses="0" numClasses="0" visitedMethods="0" numMethods="1" />
              <MetadataToken>100663741</MetadataToken>
              <Name>System.Void Fusion.CodeGen.NetworkTypeInfoRegistry::AddBuiltInType[T](Mono.Cecil.MethodReference, Mono.Cecil.MethodReference, System.Boolean)</Name>
              <FileRef uid="181" />
              <SequencePoints>
                <SequencePoint vc="0" uspid="58340" ordinal="0" offset="20" sl="7070" sc="0" el="7070" ec="0" bec="0" bev="0" fileid="181" />
                <SequencePoint vc="0" uspid="58341" ordinal="0" offset="21" sl="7072" sc="0" el="7072" ec="0" bec="0" bev="0" fileid="181" />
                <SequencePoint vc="0" uspid="58342" ordinal="0" offset="43" sl="7074" sc="0" el="7074" ec="0" bec="0" bev="0" fileid="181" />
                <SequencePoint vc="0" uspid="58343" ordinal="0" offset="50" sl="7075" sc="0" el="7075" ec="0" bec="0" bev="0" fileid="181" />
                <SequencePoint vc="0" uspid="58344" ordinal="0" offset="65" sl="7077" sc="0" el="7077" ec="0" bec="0" bev="0" fileid="181" />
                <SequencePoint vc="0" uspid="58345" ordinal="0" offset="78" sl="7077" sc="0" el="7077" ec="0" bec="0" bev="0" fileid="181" />
                <SequencePoint vc="0" uspid="58346" ordinal="0" offset="79" sl="7078" sc="0" el="7078" ec="0" bec="0" bev="0" fileid="181" />
                <SequencePoint vc="0" uspid="58347" ordinal="0" offset="102" sl="7079" sc="0" el="7079" ec="0" bec="0" bev="0" fileid="181" />
                <SequencePoint vc="0" uspid="58348" ordinal="0" offset="103" sl="7080" sc="0" el="7080" ec="0" bec="0" bev="0" fileid="181" />
                <SequencePoint vc="0" uspid="58349" ordinal="0" offset="118" sl="7080" sc="0" el="7080" ec="0" bec="0" bev="0" fileid="181" />
                <SequencePoint vc="0" uspid="58350" ordinal="0" offset="119" sl="7081" sc="0" el="7081" ec="0" bec="0" bev="0" fileid="181" />
                <SequencePoint vc="0" uspid="58351" ordinal="0" offset="142" sl="7082" sc="0" el="7082" ec="0" bec="0" bev="0" fileid="181" />
                <SequencePoint vc="0" uspid="58352" ordinal="0" offset="143" sl="7084" sc="0" el="7084" ec="0" bec="0" bev="0" fileid="181" />
                <SequencePoint vc="0" uspid="58353" ordinal="0" offset="225" sl="7098" sc="0" el="7098" ec="0" bec="0" bev="0" fileid="181" />
              </SequencePoints>
              <BranchPoints />
            </Method>
            <Method visited="false" cyclomaticComplexity="0" nPathComplexity="0" sequenceCoverage="0.0" branchCoverage="0" crapScore="0" isConstructor="false" isStatic="false" isGetter="false" isSetter="false">
              <Summary numSequencePoints="3" visitedSequencePoints="0" numBranchPoints="0" visitedBranchPoints="0" sequenceCoverage="0.0" branchCoverage="0" maxCyclomaticComplexity="0" minCyclomaticComplexity="0" maxCrapScore="0" minCrapScore="0" visitedClasses="0" numClasses="0" visitedMethods="0" numMethods="1" />
              <MetadataToken>100663742</MetadataToken>
              <Name>System.Void Fusion.CodeGen.NetworkTypeInfoRegistry::AddUnityType[T]()</Name>
              <FileRef uid="181" />
              <SequencePoints>
                <SequencePoint vc="0" uspid="58354" ordinal="0" offset="0" sl="7101" sc="0" el="7101" ec="0" bec="0" bev="0" fileid="181" />
                <SequencePoint vc="0" uspid="58355" ordinal="0" offset="1" sl="7102" sc="0" el="7102" ec="0" bec="0" bev="0" fileid="181" />
                <SequencePoint vc="0" uspid="58356" ordinal="0" offset="44" sl="7103" sc="0" el="7103" ec="0" bec="0" bev="0" fileid="181" />
              </SequencePoints>
              <BranchPoints />
            </Method>
          </Methods>
        </Class>
        <Class>
          <Summary numSequencePoints="1" visitedSequencePoints="0" numBranchPoints="0" visitedBranchPoints="0" sequenceCoverage="0.0" branchCoverage="0.0" maxCyclomaticComplexity="0" minCyclomaticComplexity="0" maxCrapScore="0" minCrapScore="0" visitedClasses="0" numClasses="1" visitedMethods="0" numMethods="1" />
          <FullName>Fusion.CodeGen.MonoCecilExtensions&lt;&gt;c__DisplayClass11_0[T]</FullName>
          <Methods>
            <Method visited="false" cyclomaticComplexity="0" nPathComplexity="0" sequenceCoverage="0.0" branchCoverage="0" crapScore="0" isConstructor="false" isStatic="false" isGetter="false" isSetter="false">
              <Summary numSequencePoints="1" visitedSequencePoints="0" numBranchPoints="0" visitedBranchPoints="0" sequenceCoverage="0.0" branchCoverage="0" maxCyclomaticComplexity="0" minCyclomaticComplexity="0" maxCrapScore="0" minCrapScore="0" visitedClasses="0" numClasses="0" visitedMethods="0" numMethods="1" />
              <MetadataToken>100663891</MetadataToken>
              <Name>System.Boolean Fusion.CodeGen.MonoCecilExtensions&lt;&gt;c__DisplayClass11_0[T]::&lt;TryGetAttributeProperty&gt;b__0(Mono.Cecil.CustomAttributeNamedArgument)</Name>
              <FileRef uid="181" />
              <SequencePoints>
                <SequencePoint vc="0" uspid="58861" ordinal="0" offset="0" sl="6050" sc="0" el="6050" ec="0" bec="0" bev="0" fileid="181" />
              </SequencePoints>
              <BranchPoints />
            </Method>
          </Methods>
        </Class>
        <Class>
          <Summary numSequencePoints="11" visitedSequencePoints="0" numBranchPoints="0" visitedBranchPoints="0" sequenceCoverage="0.0" branchCoverage="0.0" maxCyclomaticComplexity="0" minCyclomaticComplexity="0" maxCrapScore="0" minCrapScore="0" visitedClasses="0" numClasses="1" visitedMethods="0" numMethods="2" />
          <FullName>Fusion.CodeGen.NetworkTypeInfoRegistry&lt;&gt;c__DisplayClass31_0[T]</FullName>
          <Methods>
            <Method visited="false" cyclomaticComplexity="0" nPathComplexity="0" sequenceCoverage="0.0" branchCoverage="0" crapScore="0" isConstructor="false" isStatic="false" isGetter="false" isSetter="false">
              <Summary numSequencePoints="5" visitedSequencePoints="0" numBranchPoints="0" visitedBranchPoints="0" sequenceCoverage="0.0" branchCoverage="0" maxCyclomaticComplexity="0" minCyclomaticComplexity="0" maxCrapScore="0" minCrapScore="0" visitedClasses="0" numClasses="0" visitedMethods="0" numMethods="1" />
              <MetadataToken>100663969</MetadataToken>
              <Name>System.Void Fusion.CodeGen.NetworkTypeInfoRegistry&lt;&gt;c__DisplayClass31_0[T]::&lt;AddBuiltInType&gt;b__0(Mono.Cecil.ICustomAttributeProvider, Mono.Cecil.Cil.ILProcessor, Fusion.CodeGen.MethodContext)</Name>
              <FileRef uid="181" />
              <SequencePoints>
                <SequencePoint vc="0" uspid="59056" ordinal="0" offset="0" sl="7085" sc="0" el="7085" ec="0" bec="0" bev="0" fileid="181" />
                <SequencePoint vc="0" uspid="59057" ordinal="0" offset="1" sl="7086" sc="0" el="7086" ec="0" bec="0" bev="0" fileid="181" />
                <SequencePoint vc="0" uspid="59058" ordinal="0" offset="17" sl="7087" sc="0" el="7087" ec="0" bec="0" bev="0" fileid="181" />
                <SequencePoint vc="0" uspid="59059" ordinal="0" offset="35" sl="7088" sc="0" el="7088" ec="0" bec="0" bev="0" fileid="181" />
                <SequencePoint vc="0" uspid="59060" ordinal="0" offset="57" sl="7089" sc="0" el="7089" ec="0" bec="0" bev="0" fileid="181" />
              </SequencePoints>
              <BranchPoints />
            </Method>
            <Method visited="false" cyclomaticComplexity="0" nPathComplexity="0" sequenceCoverage="0.0" branchCoverage="0" crapScore="0" isConstructor="false" isStatic="false" isGetter="false" isSetter="false">
              <Summary numSequencePoints="6" visitedSequencePoints="0" numBranchPoints="0" visitedBranchPoints="0" sequenceCoverage="0.0" branchCoverage="0" maxCyclomaticComplexity="0" minCyclomaticComplexity="0" maxCrapScore="0" minCrapScore="0" visitedClasses="0" numClasses="0" visitedMethods="0" numMethods="1" />
              <MetadataToken>100663970</MetadataToken>
              <Name>System.Void Fusion.CodeGen.NetworkTypeInfoRegistry&lt;&gt;c__DisplayClass31_0[T]::&lt;AddBuiltInType&gt;b__1(Mono.Cecil.ICustomAttributeProvider, Mono.Cecil.Cil.ILProcessor, Fusion.CodeGen.MethodContext)</Name>
              <FileRef uid="181" />
              <SequencePoints>
                <SequencePoint vc="0" uspid="59061" ordinal="0" offset="0" sl="7090" sc="0" el="7090" ec="0" bec="0" bev="0" fileid="181" />
                <SequencePoint vc="0" uspid="59062" ordinal="0" offset="1" sl="7091" sc="0" el="7091" ec="0" bec="0" bev="0" fileid="181" />
                <SequencePoint vc="0" uspid="59063" ordinal="0" offset="17" sl="7092" sc="0" el="7092" ec="0" bec="0" bev="0" fileid="181" />
                <SequencePoint vc="0" uspid="59064" ordinal="0" offset="33" sl="7093" sc="0" el="7093" ec="0" bec="0" bev="0" fileid="181" />
                <SequencePoint vc="0" uspid="59065" ordinal="0" offset="51" sl="7094" sc="0" el="7094" ec="0" bec="0" bev="0" fileid="181" />
                <SequencePoint vc="0" uspid="59066" ordinal="0" offset="73" sl="7095" sc="0" el="7095" ec="0" bec="0" bev="0" fileid="181" />
              </SequencePoints>
              <BranchPoints />
            </Method>
          </Methods>
        </Class>
      </Classes>
    </Module>
  </Modules>
</CoverageSession>